#
# There is insufficient memory for the Java Runtime Environment to continue.
# Native memory allocation (malloc) failed to allocate 1188496 bytes for Chunk::new
# Possible reasons:
#   The system is out of physical RAM or swap space
#   The process is running with CompressedOops enabled, and the Java Heap may be blocking the growth of the native heap
# Possible solutions:
#   Reduce memory load on the system
#   Increase physical memory or swap space
#   Check if swap backing store is full
#   Decrease Java heap size (-Xmx/-Xms)
#   Decrease number of Java threads
#   Decrease Java thread stack sizes (-Xss)
#   Set larger code cache with -XX:ReservedCodeCacheSize=
#   JVM is running with Unscaled Compressed Oops mode in which the Java heap is
#     placed in the first 4GB address space. The Java Heap base address is the
#     maximum limit for the native heap growth. Please use -XX:HeapBaseMinAddress
#     to set the Java Heap base and to place the Java Heap above 4GB virtual address.
# This output file may be truncated or incomplete.
#
#  Out of Memory Error (./src/hotspot/share/memory/arena.cpp:197), pid=22612, tid=11704
#
# JRE version: OpenJDK Runtime Environment (11.0.10) (build 11.0.10+0-b96-7249189)
# Java VM: OpenJDK 64-Bit Server VM (11.0.10+0-b96-7249189, mixed mode, tiered, compressed oops, g1 gc, windows-amd64)
# No core dump will be written. Minidumps are not enabled by default on client versions of Windows
#

---------------  S U M M A R Y ------------

Command Line: --add-opens=java.base/java.util=ALL-UNNAMED --add-opens=java.base/java.lang=ALL-UNNAMED --add-opens=java.base/java.lang.invoke=ALL-UNNAMED --add-opens=java.base/java.util=ALL-UNNAMED --add-opens=java.prefs/java.util.prefs=ALL-UNNAMED --add-opens=java.prefs/java.util.prefs=ALL-UNNAMED --add-opens=java.base/java.nio.charset=ALL-UNNAMED --add-opens=java.base/java.net=ALL-UNNAMED --add-opens=java.base/java.util.concurrent.atomic=ALL-UNNAMED -Xmx2048m -Dfile.encoding=UTF-8 -Duser.country=US -Duser.language=en -Duser.variant org.gradle.launcher.daemon.bootstrap.GradleDaemon 7.0.2

Host: Intel(R) Core(TM) i7-7700HQ CPU @ 2.80GHz, 8 cores, 15G,  Windows 10 , 64 bit Build 22523 (10.0.22523.1000)
Time: Mon Jan 10 19:17:14 2022 SE Asia Standard Time elapsed time: 18.681879 seconds (0d 0h 0m 18s)

---------------  T H R E A D  ---------------

Current thread (0x000002a87e954800):  JavaThread "C2 CompilerThread2" daemon [_thread_in_native, id=11704, stack(0x000000be28100000,0x000000be28200000)]


Current CompileTask:
C2:  18681 12581       4       com.android.tools.r8.internal.Me::a (1137 bytes)

Stack: [0x000000be28100000,0x000000be28200000]
Native frames: (J=compiled Java code, j=interpreted, Vv=VM code, C=native code)
V  [jvm.dll+0x5ecfaa]
V  [jvm.dll+0x722bd5]
V  [jvm.dll+0x72412d]
V  [jvm.dll+0x7247e3]
V  [jvm.dll+0x242928]
V  [jvm.dll+0xbc4fc]
V  [jvm.dll+0xbca0c]
V  [jvm.dll+0x352d7d]
V  [jvm.dll+0x197e0c]
V  [jvm.dll+0x1fb70e]
V  [jvm.dll+0x1fa7f4]
V  [jvm.dll+0x18354c]
V  [jvm.dll+0x208ee7]
V  [jvm.dll+0x207731]
V  [jvm.dll+0x6eb1cf]
V  [jvm.dll+0x6e3d45]
V  [jvm.dll+0x5ebe96]
C  [ucrtbase.dll+0x293cc]
C  [KERNEL32.DLL+0x11350]
C  [ntdll.dll+0x51e78]


---------------  P R O C E S S  ---------------

Threads class SMR info:
_java_thread_list=0x000002a87ed7c230, length=80, elements={
0x000002a86d7c1000, 0x000002a87949a000, 0x000002a87949f800, 0x000002a8794fa800,
0x000002a8794fb000, 0x000002a8794fc000, 0x000002a879509800, 0x000002a879516000,
0x000002a879529800, 0x000002a879699000, 0x000002a87af6f000, 0x000002a87c628000,
0x000002a87b9bb800, 0x000002a87be7a000, 0x000002a87b9dc800, 0x000002a87b773000,
0x000002a87b072800, 0x000002a87ac88800, 0x000002a87bedf000, 0x000002a879518000,
0x000002a879519800, 0x000002a879518800, 0x000002a87951c800, 0x000002a87951a800,
0x000002a87951b000, 0x000002a87951c000, 0x000002a87cf71800, 0x000002a87cf72800,
0x000002a87cf70000, 0x000002a87cf73800, 0x000002a87cf74000, 0x000002a87cf71000,
0x000002a87cf78000, 0x000002a87cf76800, 0x000002a87cf7b800, 0x000002a87cf7a800,
0x000002a87cf79000, 0x000002a87cf77800, 0x000002a87cf7c800, 0x000002a87cf7e000,
0x000002a879517000, 0x000002a87e951800, 0x000002a87e94b800, 0x000002a87e952000,
0x000002a87e94f800, 0x000002a87e94c800, 0x000002a87e953000, 0x000002a87e94d800,
0x000002a87e950800, 0x000002a87e94e000, 0x000002a87e954000, 0x000002a87e954800,
0x000002a87e956800, 0x000002a87e955800, 0x000002a87e957000, 0x000002a87e958000,
0x000002a87e958800, 0x000002a87e95a800, 0x000002a87e959800, 0x000002a87cf76000,
0x000002a87d2c4000, 0x000002a87d2c8000, 0x000002a87d2c4800, 0x000002a87d2c2000,
0x000002a87d2c8800, 0x000002a87d2c6000, 0x000002a87d2c7000, 0x000002a87d2c3000,
0x000002a87d2ca800, 0x000002a87d2cb000, 0x000002a87d2cd000, 0x000002a87d2cd800,
0x000002a87d2ce800, 0x000002a87d2cf000, 0x000002a87d2c9800, 0x000002a87d2cc000,
0x000002a87d2d0000, 0x000002a87d2d1000, 0x000002a87a463000, 0x000002a87a462800
}

Java Threads: ( => current thread )
  0x000002a86d7c1000 JavaThread "main" [_thread_blocked, id=13544, stack(0x000000be25500000,0x000000be25600000)]
  0x000002a87949a000 JavaThread "Reference Handler" daemon [_thread_blocked, id=15032, stack(0x000000be25c00000,0x000000be25d00000)]
  0x000002a87949f800 JavaThread "Finalizer" daemon [_thread_blocked, id=19388, stack(0x000000be25d00000,0x000000be25e00000)]
  0x000002a8794fa800 JavaThread "Signal Dispatcher" daemon [_thread_blocked, id=23840, stack(0x000000be25e00000,0x000000be25f00000)]
  0x000002a8794fb000 JavaThread "Attach Listener" daemon [_thread_blocked, id=23672, stack(0x000000be25f00000,0x000000be26000000)]
  0x000002a8794fc000 JavaThread "Service Thread" daemon [_thread_blocked, id=7264, stack(0x000000be26000000,0x000000be26100000)]
  0x000002a879509800 JavaThread "C2 CompilerThread0" daemon [_thread_in_native, id=24316, stack(0x000000be26100000,0x000000be26200000)]
  0x000002a879516000 JavaThread "C1 CompilerThread0" daemon [_thread_in_native, id=22968, stack(0x000000be26200000,0x000000be26300000)]
  0x000002a879529800 JavaThread "Sweeper thread" daemon [_thread_blocked, id=2412, stack(0x000000be26300000,0x000000be26400000)]
  0x000002a879699000 JavaThread "Common-Cleaner" daemon [_thread_blocked, id=17836, stack(0x000000be26400000,0x000000be26500000)]
  0x000002a87af6f000 JavaThread "Daemon health stats" [_thread_blocked, id=23988, stack(0x000000be26d00000,0x000000be26e00000)]
  0x000002a87c628000 JavaThread "Incoming local TCP Connector on port 50480" [_thread_in_native, id=23208, stack(0x000000be26600000,0x000000be26700000)]
  0x000002a87b9bb800 JavaThread "Daemon periodic checks" [_thread_blocked, id=23760, stack(0x000000be26700000,0x000000be26800000)]
  0x000002a87be7a000 JavaThread "Daemon" [_thread_blocked, id=6224, stack(0x000000be26e00000,0x000000be26f00000)]
  0x000002a87b9dc800 JavaThread "Handler for socket connection from /127.0.0.1:50480 to /127.0.0.1:50481" [_thread_in_native, id=1960, stack(0x000000be26f00000,0x000000be27000000)]
  0x000002a87b773000 JavaThread "Cancel handler" [_thread_blocked, id=16024, stack(0x000000be27000000,0x000000be27100000)]
  0x000002a87b072800 JavaThread "Daemon worker" [_thread_blocked, id=23288, stack(0x000000be27100000,0x000000be27200000)]
  0x000002a87ac88800 JavaThread "Asynchronous log dispatcher for DefaultDaemonConnection: socket connection from /127.0.0.1:50480 to /127.0.0.1:50481" [_thread_blocked, id=8176, stack(0x000000be27200000,0x000000be27300000)]
  0x000002a87bedf000 JavaThread "Stdin handler" [_thread_blocked, id=8536, stack(0x000000be27300000,0x000000be27400000)]
  0x000002a879518000 JavaThread "Daemon client event forwarder" [_thread_blocked, id=10640, stack(0x000000be27400000,0x000000be27500000)]
  0x000002a879519800 JavaThread "Cache worker for file hash cache (C:\Users\TOGAN\.gradle\caches\7.0.2\fileHashes)" [_thread_blocked, id=14308, stack(0x000000be27500000,0x000000be27600000)]
  0x000002a879518800 JavaThread "File lock request listener" [_thread_in_native, id=10648, stack(0x000000be27600000,0x000000be27700000)]
  0x000002a87951c800 JavaThread "Cache worker for journal cache (C:\Users\TOGAN\.gradle\caches\journal-1)" [_thread_blocked, id=23944, stack(0x000000be27a00000,0x000000be27b00000)]
  0x000002a87951a800 JavaThread "Cache worker for file hash cache (C:\Users\TOGAN\AndroidStudioProjects\KotlinRetrofit\.gradle\7.0.2\fileHashes)" [_thread_blocked, id=24424, stack(0x000000be27c00000,0x000000be27d00000)]
  0x000002a87951b000 JavaThread "File watcher server" daemon [_thread_in_native, id=23040, stack(0x000000be27d00000,0x000000be27e00000)]
  0x000002a87951c000 JavaThread "File watcher consumer" daemon [_thread_blocked, id=23440, stack(0x000000be27e00000,0x000000be27f00000)]
  0x000002a87cf71800 JavaThread "Cache worker for checksums cache (C:\Users\TOGAN\AndroidStudioProjects\KotlinRetrofit\.gradle\checksums)" [_thread_blocked, id=22676, stack(0x000000be27f00000,0x000000be28000000)]
  0x000002a87cf72800 JavaThread "Cache worker for cache directory md-supplier (C:\Users\TOGAN\.gradle\caches\7.0.2\md-supplier)" [_thread_blocked, id=4192, stack(0x000000be28000000,0x000000be28100000)]
  0x000002a87cf70000 JavaThread "Cache worker for cache directory md-rule (C:\Users\TOGAN\.gradle\caches\7.0.2\md-rule)" [_thread_blocked, id=2220, stack(0x000000be28200000,0x000000be28300000)]
  0x000002a87cf73800 JavaThread "Cache worker for execution history cache (C:\Users\TOGAN\.gradle\caches\7.0.2\executionHistory)" [_thread_blocked, id=10904, stack(0x000000be28300000,0x000000be28400000)]
  0x000002a87cf74000 JavaThread "C2 CompilerThread1" daemon [_thread_in_native, id=23904, stack(0x000000be27b00000,0x000000be27c00000)]
  0x000002a87cf71000 JavaThread "jar transforms" [_thread_blocked, id=24148, stack(0x000000be28400000,0x000000be28500000)]
  0x000002a87cf78000 JavaThread "jar transforms Thread 2" [_thread_blocked, id=9316, stack(0x000000be28500000,0x000000be28600000)]
  0x000002a87cf76800 JavaThread "Cache worker for file content cache (C:\Users\TOGAN\.gradle\caches\7.0.2\fileContent)" [_thread_blocked, id=2556, stack(0x000000be28600000,0x000000be28700000)]
  0x000002a87cf7b800 JavaThread "Cache worker for dependencies-accessors (C:\Users\TOGAN\AndroidStudioProjects\KotlinRetrofit\.gradle\7.0.2\dependencies-accessors)" [_thread_blocked, id=15136, stack(0x000000be28700000,0x000000be28800000)]
  0x000002a87cf7a800 JavaThread "jar transforms Thread 3" [_thread_blocked, id=6464, stack(0x000000be28800000,0x000000be28900000)]
  0x000002a87cf79000 JavaThread "Cache worker for Build Output Cleanup Cache (C:\Users\TOGAN\AndroidStudioProjects\KotlinRetrofit\.gradle\buildOutputCleanup)" [_thread_blocked, id=6324, stack(0x000000be28900000,0x000000be28a00000)]
  0x000002a87cf77800 JavaThread "Build operations" [_thread_blocked, id=20616, stack(0x000000be28a00000,0x000000be28b00000)]
  0x000002a87cf7c800 JavaThread "Build operations Thread 2" [_thread_blocked, id=23592, stack(0x000000be28b00000,0x000000be28c00000)]
  0x000002a87cf7e000 JavaThread "Build operations Thread 3" [_thread_blocked, id=6544, stack(0x000000be28c00000,0x000000be28d00000)]
  0x000002a879517000 JavaThread "Build operations Thread 4" [_thread_blocked, id=17436, stack(0x000000be28d00000,0x000000be28e00000)]
  0x000002a87e951800 JavaThread "Build operations Thread 5" [_thread_blocked, id=3004, stack(0x000000be28e00000,0x000000be28f00000)]
  0x000002a87e94b800 JavaThread "Build operations Thread 6" [_thread_blocked, id=21112, stack(0x000000be28f00000,0x000000be29000000)]
  0x000002a87e952000 JavaThread "Build operations Thread 7" [_thread_blocked, id=23832, stack(0x000000be29000000,0x000000be29100000)]
  0x000002a87e94f800 JavaThread "Build operations Thread 8" [_thread_blocked, id=11080, stack(0x000000be29100000,0x000000be29200000)]
  0x000002a87e94c800 JavaThread "jar transforms Thread 4" [_thread_blocked, id=21176, stack(0x000000be29200000,0x000000be29300000)]
  0x000002a87e953000 JavaThread "jar transforms Thread 5" [_thread_blocked, id=1556, stack(0x000000be29300000,0x000000be29400000)]
  0x000002a87e94d800 JavaThread "jar transforms Thread 6" [_thread_blocked, id=2388, stack(0x000000be29400000,0x000000be29500000)]
  0x000002a87e950800 JavaThread "jar transforms Thread 7" [_thread_blocked, id=23748, stack(0x000000be29500000,0x000000be29600000)]
  0x000002a87e94e000 JavaThread "jar transforms Thread 8" [_thread_blocked, id=15928, stack(0x000000be29600000,0x000000be29700000)]
  0x000002a87e954000 JavaThread "Memory manager" [_thread_blocked, id=8528, stack(0x000000be29700000,0x000000be29800000)]
=>0x000002a87e954800 JavaThread "C2 CompilerThread2" daemon [_thread_in_native, id=11704, stack(0x000000be28100000,0x000000be28200000)]
  0x000002a87e956800 JavaThread "build event listener" [_thread_blocked, id=20980, stack(0x000000be29800000,0x000000be29900000)]
  0x000002a87e955800 JavaThread "pool-3-thread-1" [_thread_blocked, id=6628, stack(0x000000be29900000,0x000000be29a00000)]
  0x000002a87e957000 JavaThread "build event listener" [_thread_blocked, id=21160, stack(0x000000be29a00000,0x000000be29b00000)]
  0x000002a87e958000 JavaThread "Execution worker for ':'" [_thread_blocked, id=19892, stack(0x000000be29b00000,0x000000be29c00000)]
  0x000002a87e958800 JavaThread "Execution worker for ':' Thread 2" [_thread_blocked, id=14696, stack(0x000000be29c00000,0x000000be29d00000)]
  0x000002a87e95a800 JavaThread "Execution worker for ':' Thread 3" [_thread_blocked, id=23528, stack(0x000000be29d00000,0x000000be29e00000)]
  0x000002a87e959800 JavaThread "Execution worker for ':' Thread 4" [_thread_blocked, id=7888, stack(0x000000be29e00000,0x000000be29f00000)]
  0x000002a87cf76000 JavaThread "Execution worker for ':' Thread 5" [_thread_blocked, id=12416, stack(0x000000be29f00000,0x000000be2a000000)]
  0x000002a87d2c4000 JavaThread "Execution worker for ':' Thread 6" [_thread_blocked, id=22724, stack(0x000000be2a000000,0x000000be2a100000)]
  0x000002a87d2c8000 JavaThread "Execution worker for ':' Thread 7" [_thread_blocked, id=21560, stack(0x000000be2a100000,0x000000be2a200000)]
  0x000002a87d2c4800 JavaThread "Cache worker for execution history cache (C:\Users\TOGAN\AndroidStudioProjects\KotlinRetrofit\.gradle\7.0.2\executionHistory)" [_thread_blocked, id=23744, stack(0x000000be2a200000,0x000000be2a300000)]
  0x000002a87d2c2000 JavaThread "WorkerExecutor Queue" [_thread_blocked, id=23896, stack(0x000000be2a300000,0x000000be2a400000)]
  0x000002a87d2c8800 JavaThread "WorkerExecutor Queue Thread 2" [_thread_blocked, id=1408, stack(0x000000be2a400000,0x000000be2a500000)]
  0x000002a87d2c6000 JavaThread "WorkerExecutor Queue Thread 3" [_thread_in_Java, id=19296, stack(0x000000be2a500000,0x000000be2a600000)]
  0x000002a87d2c7000 JavaThread "WorkerExecutor Queue Thread 4" [_thread_blocked, id=15468, stack(0x000000be2a600000,0x000000be2a700000)]
  0x000002a87d2c3000 JavaThread "WorkerExecutor Queue Thread 5" [_thread_in_native, id=3748, stack(0x000000be2a700000,0x000000be2a800000)]
  0x000002a87d2ca800 JavaThread "WorkerExecutor Queue Thread 6" [_thread_blocked, id=9652, stack(0x000000be2a800000,0x000000be2a900000)]
  0x000002a87d2cb000 JavaThread "WorkerExecutor Queue Thread 7" [_thread_in_Java, id=5948, stack(0x000000be2a900000,0x000000be2aa00000)]
  0x000002a87d2cd000 JavaThread "WorkerExecutor Queue Thread 8" [_thread_in_vm, id=21756, stack(0x000000be2aa00000,0x000000be2ab00000)]
  0x000002a87d2cd800 JavaThread "WorkerExecutor Queue Thread 9" [_thread_in_Java, id=3564, stack(0x000000be2ab00000,0x000000be2ac00000)]
  0x000002a87d2ce800 JavaThread "ForkJoinPool-1-worker-3" daemon [_thread_in_Java, id=24536, stack(0x000000be2b100000,0x000000be2b200000)]
  0x000002a87d2cf000 JavaThread "ForkJoinPool-1-worker-5" daemon [_thread_in_Java, id=14200, stack(0x000000be2b200000,0x000000be2b300000)]
  0x000002a87d2c9800 JavaThread "ForkJoinPool-1-worker-7" daemon [_thread_blocked, id=4204, stack(0x000000be2b300000,0x000000be2b400000)]
  0x000002a87d2cc000 JavaThread "ForkJoinPool-1-worker-9" daemon [_thread_in_Java, id=22736, stack(0x000000be2b400000,0x000000be2b500000)]
  0x000002a87d2d0000 JavaThread "ForkJoinPool-1-worker-11" daemon [_thread_in_Java, id=12304, stack(0x000000be2b500000,0x000000be2b600000)]
  0x000002a87d2d1000 JavaThread "ForkJoinPool-1-worker-13" daemon [_thread_blocked, id=21400, stack(0x000000be2b600000,0x000000be2b700000)]
  0x000002a87a463000 JavaThread "ForkJoinPool-1-worker-15" daemon [_thread_blocked, id=4216, stack(0x000000be2b700000,0x000000be2b800000)]
  0x000002a87a462800 JavaThread "ForkJoinPool-1-worker-1" daemon [_thread_blocked, id=24196, stack(0x000000be2b800000,0x000000be2b900000)]

Other Threads:
  0x000002a879494000 VMThread "VM Thread" [stack: 0x000000be25b00000,0x000000be25c00000] [id=4284]
  0x000002a8796c2000 WatcherThread [stack: 0x000000be26500000,0x000000be26600000] [id=21876]
  0x000002a86d7d9800 GCTaskThread "GC Thread#0" [stack: 0x000000be25600000,0x000000be25700000] [id=17104]
  0x000002a87a724800 GCTaskThread "GC Thread#1" [stack: 0x000000be26800000,0x000000be26900000] [id=8052]
  0x000002a879666000 GCTaskThread "GC Thread#2" [stack: 0x000000be26900000,0x000000be26a00000] [id=23640]
  0x000002a879667000 GCTaskThread "GC Thread#3" [stack: 0x000000be26a00000,0x000000be26b00000] [id=22048]
  0x000002a879661000 GCTaskThread "GC Thread#4" [stack: 0x000000be26b00000,0x000000be26c00000] [id=19928]
  0x000002a879662000 GCTaskThread "GC Thread#5" [stack: 0x000000be26c00000,0x000000be26d00000] [id=13184]
  0x000002a879664800 GCTaskThread "GC Thread#6" [stack: 0x000000be27700000,0x000000be27800000] [id=14976]
  0x000002a879660800 GCTaskThread "GC Thread#7" [stack: 0x000000be27800000,0x000000be27900000] [id=23352]
  0x000002a86d80d000 ConcurrentGCThread "G1 Main Marker" [stack: 0x000000be25700000,0x000000be25800000] [id=17456]
  0x000002a86d80e800 ConcurrentGCThread "G1 Conc#0" [stack: 0x000000be25800000,0x000000be25900000] [id=8796]
  0x000002a879664000 ConcurrentGCThread "G1 Conc#1" [stack: 0x000000be27900000,0x000000be27a00000] [id=23952]
  0x000002a878ae4800 ConcurrentGCThread "G1 Refine#0" [stack: 0x000000be25900000,0x000000be25a00000] [id=22644]
  0x000002a87c899000 ConcurrentGCThread "G1 Refine#1" [stack: 0x000000be2ac00000,0x000000be2ad00000] [id=21028]
  0x000002a810e60000 ConcurrentGCThread "G1 Refine#2" [stack: 0x000000be2ad00000,0x000000be2ae00000] [id=23356]
  0x000002a87c89e800 ConcurrentGCThread "G1 Refine#3" [stack: 0x000000be2ae00000,0x000000be2af00000] [id=9552]
  0x000002a87a22f000 ConcurrentGCThread "G1 Refine#4" [stack: 0x000000be2af00000,0x000000be2b000000] [id=2456]
  0x000002a813d61800 ConcurrentGCThread "G1 Refine#5" [stack: 0x000000be2b000000,0x000000be2b100000] [id=19428]
  0x000002a813a02800 ConcurrentGCThread "G1 Refine#6" [stack: 0x000000be2b900000,0x000000be2ba00000] [id=20952]
  0x000002a878ae7000 ConcurrentGCThread "G1 Young RemSet Sampling" [stack: 0x000000be25a00000,0x000000be25b00000] [id=4364]

Threads with active compile tasks:
C2 CompilerThread0  18712 12592       4       com.android.tools.r8.internal.X4::a (1165 bytes)
C1 CompilerThread0  18712 13238       2       com.android.tools.r8.ir.regalloc.a::a (3985 bytes)
C2 CompilerThread1  18713 12476 %     4       com.android.tools.r8.code.w1::a @ 20 (4137 bytes)
C2 CompilerThread2  18713 12581       4       com.android.tools.r8.internal.Me::a (1137 bytes)

VM state:not at safepoint (normal execution)

VM Mutex/Monitor currently owned by a thread: None

Heap address: 0x0000000080000000, size: 2048 MB, Compressed Oops mode: 32-bit
Narrow klass base: 0x0000000000000000, Narrow klass shift: 3
Compressed class space size: 1073741824 Address: 0x0000000100000000

Heap:
 garbage-first heap   total 274432K, used 211288K [0x0000000080000000, 0x0000000100000000)
  region size 1024K, 68 young (69632K), 12 survivors (12288K)
 Metaspace       used 106492K, capacity 109913K, committed 110156K, reserved 1144832K
  class space    used 14103K, capacity 15444K, committed 15488K, reserved 1048576K
Heap Regions: E=young(eden), S=young(survivor), O=old, HS=humongous(starts), HC=humongous(continues), CS=collection set, F=free, A=archive, TAMS=top-at-mark-start (previous, next)
|   0|0x0000000080000000, 0x0000000080100000, 0x0000000080100000|100%| O|  |TAMS 0x0000000080100000, 0x0000000080000000| Untracked 
|   1|0x0000000080100000, 0x0000000080200000, 0x0000000080200000|100%| O|  |TAMS 0x0000000080200000, 0x0000000080100000| Untracked 
|   2|0x0000000080200000, 0x0000000080300000, 0x0000000080300000|100%| O|  |TAMS 0x0000000080300000, 0x0000000080200000| Untracked 
|   3|0x0000000080300000, 0x0000000080400000, 0x0000000080400000|100%|HS|  |TAMS 0x0000000080400000, 0x0000000080300000| Complete 
|   4|0x0000000080400000, 0x0000000080500000, 0x0000000080500000|100%|HC|  |TAMS 0x0000000080500000, 0x0000000080400000| Complete 
|   5|0x0000000080500000, 0x0000000080600000, 0x0000000080600000|100%|HC|  |TAMS 0x0000000080600000, 0x0000000080500000| Complete 
|   6|0x0000000080600000, 0x0000000080700000, 0x0000000080700000|100%| O|  |TAMS 0x0000000080700000, 0x0000000080600000| Untracked 
|   7|0x0000000080700000, 0x0000000080800000, 0x0000000080800000|100%| O|  |TAMS 0x0000000080800000, 0x0000000080700000| Untracked 
|   8|0x0000000080800000, 0x0000000080900000, 0x0000000080900000|100%| O|  |TAMS 0x0000000080900000, 0x0000000080800000| Untracked 
|   9|0x0000000080900000, 0x0000000080a00000, 0x0000000080a00000|100%| O|  |TAMS 0x0000000080a00000, 0x0000000080900000| Untracked 
|  10|0x0000000080a00000, 0x0000000080b00000, 0x0000000080b00000|100%| O|  |TAMS 0x0000000080b00000, 0x0000000080a00000| Untracked 
|  11|0x0000000080b00000, 0x0000000080c00000, 0x0000000080c00000|100%| O|  |TAMS 0x0000000080c00000, 0x0000000080b00000| Untracked 
|  12|0x0000000080c00000, 0x0000000080d00000, 0x0000000080d00000|100%| O|  |TAMS 0x0000000080d00000, 0x0000000080c00000| Untracked 
|  13|0x0000000080d00000, 0x0000000080e00000, 0x0000000080e00000|100%| O|  |TAMS 0x0000000080e00000, 0x0000000080d00000| Untracked 
|  14|0x0000000080e00000, 0x0000000080f00000, 0x0000000080f00000|100%| O|  |TAMS 0x0000000080f00000, 0x0000000080e00000| Untracked 
|  15|0x0000000080f00000, 0x0000000081000000, 0x0000000081000000|100%| O|  |TAMS 0x0000000081000000, 0x0000000080f00000| Untracked 
|  16|0x0000000081000000, 0x0000000081100000, 0x0000000081100000|100%| O|  |TAMS 0x0000000081100000, 0x0000000081000000| Untracked 
|  17|0x0000000081100000, 0x0000000081200000, 0x0000000081200000|100%|HS|  |TAMS 0x0000000081200000, 0x0000000081100000| Complete 
|  18|0x0000000081200000, 0x0000000081300000, 0x0000000081300000|100%|HS|  |TAMS 0x0000000081300000, 0x0000000081200000| Complete 
|  19|0x0000000081300000, 0x0000000081400000, 0x0000000081400000|100%|HS|  |TAMS 0x0000000081400000, 0x0000000081300000| Complete 
|  20|0x0000000081400000, 0x0000000081500000, 0x0000000081500000|100%|HS|  |TAMS 0x0000000081500000, 0x0000000081400000| Complete 
|  21|0x0000000081500000, 0x0000000081600000, 0x0000000081600000|100%|HC|  |TAMS 0x0000000081600000, 0x0000000081500000| Complete 
|  22|0x0000000081600000, 0x0000000081700000, 0x0000000081700000|100%|HC|  |TAMS 0x0000000081700000, 0x0000000081600000| Complete 
|  23|0x0000000081700000, 0x0000000081800000, 0x0000000081800000|100%|HS|  |TAMS 0x0000000081800000, 0x0000000081700000| Complete 
|  24|0x0000000081800000, 0x0000000081900000, 0x0000000081900000|100%|HC|  |TAMS 0x0000000081900000, 0x0000000081800000| Complete 
|  25|0x0000000081900000, 0x0000000081a00000, 0x0000000081a00000|100%| O|  |TAMS 0x0000000081a00000, 0x0000000081900000| Untracked 
|  26|0x0000000081a00000, 0x0000000081b00000, 0x0000000081b00000|100%| O|  |TAMS 0x0000000081b00000, 0x0000000081a00000| Untracked 
|  27|0x0000000081b00000, 0x0000000081c00000, 0x0000000081c00000|100%| O|  |TAMS 0x0000000081c00000, 0x0000000081b00000| Untracked 
|  28|0x0000000081c00000, 0x0000000081d00000, 0x0000000081d00000|100%| O|  |TAMS 0x0000000081d00000, 0x0000000081c00000| Untracked 
|  29|0x0000000081d00000, 0x0000000081e00000, 0x0000000081e00000|100%| O|  |TAMS 0x0000000081e00000, 0x0000000081d00000| Untracked 
|  30|0x0000000081e00000, 0x0000000081f00000, 0x0000000081f00000|100%| O|  |TAMS 0x0000000081f00000, 0x0000000081e00000| Untracked 
|  31|0x0000000081f00000, 0x0000000082000000, 0x0000000082000000|100%| O|  |TAMS 0x0000000082000000, 0x0000000081f00000| Untracked 
|  32|0x0000000082000000, 0x0000000082100000, 0x0000000082100000|100%| O|  |TAMS 0x0000000082100000, 0x0000000082000000| Untracked 
|  33|0x0000000082100000, 0x0000000082200000, 0x0000000082200000|100%| O|  |TAMS 0x0000000082200000, 0x0000000082100000| Untracked 
|  34|0x0000000082200000, 0x0000000082300000, 0x0000000082300000|100%| O|  |TAMS 0x0000000082300000, 0x0000000082200000| Untracked 
|  35|0x0000000082300000, 0x0000000082400000, 0x0000000082400000|100%| O|  |TAMS 0x0000000082400000, 0x0000000082300000| Untracked 
|  36|0x0000000082400000, 0x0000000082500000, 0x0000000082500000|100%| O|  |TAMS 0x0000000082500000, 0x0000000082400000| Untracked 
|  37|0x0000000082500000, 0x0000000082600000, 0x0000000082600000|100%| O|  |TAMS 0x0000000082600000, 0x0000000082500000| Untracked 
|  38|0x0000000082600000, 0x0000000082700000, 0x0000000082700000|100%| O|  |TAMS 0x0000000082700000, 0x0000000082600000| Untracked 
|  39|0x0000000082700000, 0x0000000082800000, 0x0000000082800000|100%| O|  |TAMS 0x0000000082800000, 0x0000000082700000| Untracked 
|  40|0x0000000082800000, 0x0000000082900000, 0x0000000082900000|100%| O|  |TAMS 0x0000000082900000, 0x0000000082800000| Untracked 
|  41|0x0000000082900000, 0x0000000082a00000, 0x0000000082a00000|100%| O|  |TAMS 0x0000000082a00000, 0x0000000082900000| Untracked 
|  42|0x0000000082a00000, 0x0000000082b00000, 0x0000000082b00000|100%| O|  |TAMS 0x0000000082b00000, 0x0000000082a00000| Untracked 
|  43|0x0000000082b00000, 0x0000000082c00000, 0x0000000082c00000|100%| O|  |TAMS 0x0000000082c00000, 0x0000000082b00000| Untracked 
|  44|0x0000000082c00000, 0x0000000082d00000, 0x0000000082d00000|100%| O|  |TAMS 0x0000000082d00000, 0x0000000082c00000| Untracked 
|  45|0x0000000082d00000, 0x0000000082e00000, 0x0000000082e00000|100%| O|  |TAMS 0x0000000082e00000, 0x0000000082d00000| Untracked 
|  46|0x0000000082e00000, 0x0000000082f00000, 0x0000000082f00000|100%| O|  |TAMS 0x0000000082f00000, 0x0000000082e00000| Untracked 
|  47|0x0000000082f00000, 0x0000000083000000, 0x0000000083000000|100%| O|  |TAMS 0x0000000083000000, 0x0000000082f00000| Untracked 
|  48|0x0000000083000000, 0x0000000083100000, 0x0000000083100000|100%| O|  |TAMS 0x00000000830c4200, 0x0000000083000000| Untracked 
|  49|0x0000000083100000, 0x0000000083200000, 0x0000000083200000|100%| O|  |TAMS 0x0000000083100000, 0x0000000083100000| Untracked 
|  50|0x0000000083200000, 0x0000000083300000, 0x0000000083300000|100%| O|  |TAMS 0x0000000083200000, 0x0000000083200000| Untracked 
|  51|0x0000000083300000, 0x0000000083400000, 0x0000000083400000|100%| O|  |TAMS 0x0000000083300000, 0x0000000083300000| Untracked 
|  52|0x0000000083400000, 0x0000000083500000, 0x0000000083500000|100%| O|  |TAMS 0x0000000083400000, 0x0000000083400000| Untracked 
|  53|0x0000000083500000, 0x0000000083600000, 0x0000000083600000|100%| O|  |TAMS 0x0000000083500000, 0x0000000083500000| Untracked 
|  54|0x0000000083600000, 0x0000000083700000, 0x0000000083700000|100%| O|  |TAMS 0x0000000083600000, 0x0000000083600000| Untracked 
|  55|0x0000000083700000, 0x0000000083800000, 0x0000000083800000|100%| O|  |TAMS 0x0000000083700000, 0x0000000083700000| Untracked 
|  56|0x0000000083800000, 0x0000000083900000, 0x0000000083900000|100%| O|  |TAMS 0x0000000083800000, 0x0000000083800000| Untracked 
|  57|0x0000000083900000, 0x0000000083a00000, 0x0000000083a00000|100%| O|  |TAMS 0x0000000083900000, 0x0000000083900000| Untracked 
|  58|0x0000000083a00000, 0x0000000083b00000, 0x0000000083b00000|100%| O|  |TAMS 0x0000000083a00000, 0x0000000083a00000| Untracked 
|  59|0x0000000083b00000, 0x0000000083c00000, 0x0000000083c00000|100%| O|  |TAMS 0x0000000083b00000, 0x0000000083b00000| Untracked 
|  60|0x0000000083c00000, 0x0000000083d00000, 0x0000000083d00000|100%| O|  |TAMS 0x0000000083c00000, 0x0000000083c00000| Untracked 
|  61|0x0000000083d00000, 0x0000000083e00000, 0x0000000083e00000|100%| O|  |TAMS 0x0000000083d00000, 0x0000000083d00000| Untracked 
|  62|0x0000000083e00000, 0x0000000083f00000, 0x0000000083f00000|100%| O|  |TAMS 0x0000000083e00000, 0x0000000083e00000| Untracked 
|  63|0x0000000083f00000, 0x0000000084000000, 0x0000000084000000|100%| O|  |TAMS 0x0000000083f00000, 0x0000000083f00000| Untracked 
|  64|0x0000000084000000, 0x0000000084100000, 0x0000000084100000|100%| O|  |TAMS 0x0000000084000000, 0x0000000084000000| Untracked 
|  65|0x0000000084100000, 0x0000000084200000, 0x0000000084200000|100%| O|  |TAMS 0x0000000084100000, 0x0000000084100000| Untracked 
|  66|0x0000000084200000, 0x0000000084300000, 0x0000000084300000|100%| O|  |TAMS 0x0000000084200000, 0x0000000084200000| Untracked 
|  67|0x0000000084300000, 0x0000000084400000, 0x0000000084400000|100%| O|  |TAMS 0x0000000084300000, 0x0000000084300000| Untracked 
|  68|0x0000000084400000, 0x0000000084500000, 0x0000000084500000|100%| O|  |TAMS 0x0000000084400000, 0x0000000084400000| Untracked 
|  69|0x0000000084500000, 0x0000000084600000, 0x0000000084600000|100%| O|  |TAMS 0x0000000084500000, 0x0000000084500000| Untracked 
|  70|0x0000000084600000, 0x0000000084700000, 0x0000000084700000|100%| O|  |TAMS 0x0000000084600000, 0x0000000084600000| Untracked 
|  71|0x0000000084700000, 0x0000000084800000, 0x0000000084800000|100%| O|  |TAMS 0x0000000084700000, 0x0000000084700000| Untracked 
|  72|0x0000000084800000, 0x0000000084900000, 0x0000000084900000|100%| O|  |TAMS 0x0000000084800000, 0x0000000084800000| Untracked 
|  73|0x0000000084900000, 0x0000000084a00000, 0x0000000084a00000|100%|HS|  |TAMS 0x0000000084900000, 0x0000000084900000| Complete 
|  74|0x0000000084a00000, 0x0000000084b00000, 0x0000000084b00000|100%|HS|  |TAMS 0x0000000084a00000, 0x0000000084a00000| Complete 
|  75|0x0000000084b00000, 0x0000000084c00000, 0x0000000084c00000|100%| O|  |TAMS 0x0000000084b00000, 0x0000000084b00000| Untracked 
|  76|0x0000000084c00000, 0x0000000084d00000, 0x0000000084d00000|100%| O|  |TAMS 0x0000000084c00000, 0x0000000084c00000| Untracked 
|  77|0x0000000084d00000, 0x0000000084e00000, 0x0000000084e00000|100%|HS|  |TAMS 0x0000000084d00000, 0x0000000084d00000| Complete 
|  78|0x0000000084e00000, 0x0000000084f00000, 0x0000000084f00000|100%|HC|  |TAMS 0x0000000084e00000, 0x0000000084e00000| Complete 
|  79|0x0000000084f00000, 0x0000000085000000, 0x0000000085000000|100%|HS|  |TAMS 0x0000000084f00000, 0x0000000084f00000| Complete 
|  80|0x0000000085000000, 0x0000000085100000, 0x0000000085100000|100%|HS|  |TAMS 0x0000000085000000, 0x0000000085000000| Complete 
|  81|0x0000000085100000, 0x0000000085200000, 0x0000000085200000|100%|HS|  |TAMS 0x0000000085100000, 0x0000000085100000| Complete 
|  82|0x0000000085200000, 0x0000000085300000, 0x0000000085300000|100%|HS|  |TAMS 0x0000000085200000, 0x0000000085200000| Complete 
|  83|0x0000000085300000, 0x0000000085400000, 0x0000000085400000|100%|HS|  |TAMS 0x0000000085300000, 0x0000000085300000| Complete 
|  84|0x0000000085400000, 0x0000000085500000, 0x0000000085500000|100%|HS|  |TAMS 0x0000000085400000, 0x0000000085400000| Complete 
|  85|0x0000000085500000, 0x0000000085600000, 0x0000000085600000|100%|HS|  |TAMS 0x0000000085500000, 0x0000000085500000| Complete 
|  86|0x0000000085600000, 0x0000000085700000, 0x0000000085700000|100%|HC|  |TAMS 0x0000000085600000, 0x0000000085600000| Complete 
|  87|0x0000000085700000, 0x0000000085800000, 0x0000000085800000|100%|HC|  |TAMS 0x0000000085700000, 0x0000000085700000| Complete 
|  88|0x0000000085800000, 0x0000000085900000, 0x0000000085900000|100%| O|  |TAMS 0x0000000085800000, 0x0000000085800000| Untracked 
|  89|0x0000000085900000, 0x0000000085a00000, 0x0000000085a00000|100%| O|  |TAMS 0x0000000085900000, 0x0000000085900000| Untracked 
|  90|0x0000000085a00000, 0x0000000085b00000, 0x0000000085b00000|100%|HS|  |TAMS 0x0000000085a00000, 0x0000000085a00000| Complete 
|  91|0x0000000085b00000, 0x0000000085c00000, 0x0000000085c00000|100%|HC|  |TAMS 0x0000000085b00000, 0x0000000085b00000| Complete 
|  92|0x0000000085c00000, 0x0000000085d00000, 0x0000000085d00000|100%| O|  |TAMS 0x0000000085c00000, 0x0000000085c00000| Untracked 
|  93|0x0000000085d00000, 0x0000000085e00000, 0x0000000085e00000|100%|HS|  |TAMS 0x0000000085d00000, 0x0000000085d00000| Complete 
|  94|0x0000000085e00000, 0x0000000085f00000, 0x0000000085f00000|100%| O|  |TAMS 0x0000000085e00000, 0x0000000085e00000| Untracked 
|  95|0x0000000085f00000, 0x0000000086000000, 0x0000000086000000|100%|HS|  |TAMS 0x0000000085f00000, 0x0000000085f00000| Complete 
|  96|0x0000000086000000, 0x0000000086100000, 0x0000000086100000|100%| O|  |TAMS 0x0000000086000000, 0x0000000086000000| Untracked 
|  97|0x0000000086100000, 0x0000000086200000, 0x0000000086200000|100%|HS|  |TAMS 0x0000000086100000, 0x0000000086100000| Complete 
|  98|0x0000000086200000, 0x0000000086300000, 0x0000000086300000|100%| O|  |TAMS 0x0000000086200000, 0x0000000086200000| Untracked 
|  99|0x0000000086300000, 0x0000000086400000, 0x0000000086400000|100%|HS|  |TAMS 0x0000000086300000, 0x0000000086300000| Complete 
| 100|0x0000000086400000, 0x0000000086500000, 0x0000000086500000|100%| O|  |TAMS 0x0000000086400000, 0x0000000086400000| Untracked 
| 101|0x0000000086500000, 0x0000000086600000, 0x0000000086600000|100%|HS|  |TAMS 0x0000000086500000, 0x0000000086500000| Complete 
| 102|0x0000000086600000, 0x0000000086700000, 0x0000000086700000|100%| O|  |TAMS 0x0000000086600000, 0x0000000086600000| Untracked 
| 103|0x0000000086700000, 0x0000000086800000, 0x0000000086800000|100%|HS|  |TAMS 0x0000000086700000, 0x0000000086700000| Complete 
| 104|0x0000000086800000, 0x0000000086900000, 0x0000000086900000|100%| O|  |TAMS 0x0000000086800000, 0x0000000086800000| Untracked 
| 105|0x0000000086900000, 0x0000000086a00000, 0x0000000086a00000|100%| O|  |TAMS 0x0000000086900000, 0x0000000086900000| Untracked 
| 106|0x0000000086a00000, 0x0000000086b00000, 0x0000000086b00000|100%| O|  |TAMS 0x0000000086a00000, 0x0000000086a00000| Untracked 
| 107|0x0000000086b00000, 0x0000000086c00000, 0x0000000086c00000|100%|HS|  |TAMS 0x0000000086b00000, 0x0000000086b00000| Complete 
| 108|0x0000000086c00000, 0x0000000086d00000, 0x0000000086d00000|100%|HC|  |TAMS 0x0000000086c00000, 0x0000000086c00000| Complete 
| 109|0x0000000086d00000, 0x0000000086e00000, 0x0000000086e00000|100%|HC|  |TAMS 0x0000000086d00000, 0x0000000086d00000| Complete 
| 110|0x0000000086e00000, 0x0000000086f00000, 0x0000000086f00000|100%| O|  |TAMS 0x0000000086e00000, 0x0000000086e00000| Untracked 
| 111|0x0000000086f00000, 0x0000000087000000, 0x0000000087000000|100%| O|  |TAMS 0x0000000086f00000, 0x0000000086f00000| Untracked 
| 112|0x0000000087000000, 0x0000000087100000, 0x0000000087100000|100%| O|  |TAMS 0x0000000087000000, 0x0000000087000000| Untracked 
| 113|0x0000000087100000, 0x0000000087200000, 0x0000000087200000|100%| O|  |TAMS 0x0000000087100000, 0x0000000087100000| Untracked 
| 114|0x0000000087200000, 0x0000000087300000, 0x0000000087300000|100%| O|  |TAMS 0x0000000087200000, 0x0000000087200000| Untracked 
| 115|0x0000000087300000, 0x0000000087400000, 0x0000000087400000|100%| O|  |TAMS 0x0000000087300000, 0x0000000087300000| Untracked 
| 116|0x0000000087400000, 0x0000000087500000, 0x0000000087500000|100%| O|  |TAMS 0x0000000087400000, 0x0000000087400000| Untracked 
| 117|0x0000000087500000, 0x0000000087600000, 0x0000000087600000|100%| O|  |TAMS 0x0000000087500000, 0x0000000087500000| Untracked 
| 118|0x0000000087600000, 0x0000000087700000, 0x0000000087700000|100%| O|  |TAMS 0x0000000087600000, 0x0000000087600000| Untracked 
| 119|0x0000000087700000, 0x0000000087800000, 0x0000000087800000|100%| O|  |TAMS 0x0000000087700000, 0x0000000087700000| Untracked 
| 120|0x0000000087800000, 0x0000000087900000, 0x0000000087900000|100%| O|  |TAMS 0x0000000087800000, 0x0000000087800000| Untracked 
| 121|0x0000000087900000, 0x0000000087900000, 0x0000000087a00000|  0%| F|  |TAMS 0x0000000087900000, 0x0000000087900000| Untracked 
| 122|0x0000000087a00000, 0x0000000087a00000, 0x0000000087b00000|  0%| F|  |TAMS 0x0000000087a00000, 0x0000000087a00000| Untracked 
| 123|0x0000000087b00000, 0x0000000087b00000, 0x0000000087c00000|  0%| F|  |TAMS 0x0000000087b00000, 0x0000000087b00000| Untracked 
| 124|0x0000000087c00000, 0x0000000087c00000, 0x0000000087d00000|  0%| F|  |TAMS 0x0000000087c00000, 0x0000000087c00000| Untracked 
| 125|0x0000000087d00000, 0x0000000087d00000, 0x0000000087e00000|  0%| F|  |TAMS 0x0000000087d00000, 0x0000000087d00000| Untracked 
| 126|0x0000000087e00000, 0x0000000087e00000, 0x0000000087f00000|  0%| F|  |TAMS 0x0000000087e00000, 0x0000000087e00000| Untracked 
| 127|0x0000000087f00000, 0x0000000087f00000, 0x0000000088000000|  0%| F|  |TAMS 0x0000000087f00000, 0x0000000087f00000| Untracked 
| 128|0x0000000088000000, 0x0000000088000000, 0x0000000088100000|  0%| F|  |TAMS 0x0000000088000000, 0x0000000088000000| Untracked 
| 129|0x0000000088100000, 0x0000000088200000, 0x0000000088200000|100%| O|  |TAMS 0x0000000088100000, 0x0000000088100000| Untracked 
| 130|0x0000000088200000, 0x0000000088300000, 0x0000000088300000|100%| O|  |TAMS 0x0000000088200000, 0x0000000088200000| Untracked 
| 131|0x0000000088300000, 0x0000000088400000, 0x0000000088400000|100%| O|  |TAMS 0x0000000088300000, 0x0000000088300000| Untracked 
| 132|0x0000000088400000, 0x0000000088500000, 0x0000000088500000|100%| O|  |TAMS 0x0000000088400000, 0x0000000088400000| Untracked 
| 133|0x0000000088500000, 0x0000000088600000, 0x0000000088600000|100%| O|  |TAMS 0x0000000088500000, 0x0000000088500000| Untracked 
| 134|0x0000000088600000, 0x0000000088700000, 0x0000000088700000|100%| O|  |TAMS 0x0000000088600000, 0x0000000088600000| Untracked 
| 135|0x0000000088700000, 0x0000000088800000, 0x0000000088800000|100%| O|  |TAMS 0x0000000088700000, 0x0000000088700000| Untracked 
| 136|0x0000000088800000, 0x0000000088800000, 0x0000000088900000|  0%| F|  |TAMS 0x0000000088800000, 0x0000000088800000| Untracked 
| 137|0x0000000088900000, 0x0000000088900000, 0x0000000088a00000|  0%| F|  |TAMS 0x0000000088900000, 0x0000000088900000| Untracked 
| 138|0x0000000088a00000, 0x0000000088a00000, 0x0000000088b00000|  0%| F|  |TAMS 0x0000000088a00000, 0x0000000088a00000| Untracked 
| 139|0x0000000088b00000, 0x0000000088b00000, 0x0000000088c00000|  0%| F|  |TAMS 0x0000000088b00000, 0x0000000088b00000| Untracked 
| 140|0x0000000088c00000, 0x0000000088c00000, 0x0000000088d00000|  0%| F|  |TAMS 0x0000000088c00000, 0x0000000088c00000| Untracked 
| 141|0x0000000088d00000, 0x0000000088d00000, 0x0000000088e00000|  0%| F|  |TAMS 0x0000000088d00000, 0x0000000088d00000| Untracked 
| 142|0x0000000088e00000, 0x0000000088e56000, 0x0000000088f00000| 33%| O|  |TAMS 0x0000000088e00000, 0x0000000088e00000| Untracked 
| 143|0x0000000088f00000, 0x0000000088f00000, 0x0000000089000000|  0%| F|  |TAMS 0x0000000088f00000, 0x0000000088f00000| Untracked 
| 144|0x0000000089000000, 0x0000000089000000, 0x0000000089100000|  0%| F|  |TAMS 0x0000000089000000, 0x0000000089000000| Untracked 
| 145|0x0000000089100000, 0x0000000089100000, 0x0000000089200000|  0%| F|  |TAMS 0x0000000089100000, 0x0000000089100000| Untracked 
| 146|0x0000000089200000, 0x0000000089200000, 0x0000000089300000|  0%| F|  |TAMS 0x0000000089200000, 0x0000000089200000| Untracked 
| 147|0x0000000089300000, 0x0000000089300000, 0x0000000089400000|  0%| F|  |TAMS 0x0000000089300000, 0x0000000089300000| Untracked 
| 148|0x0000000089400000, 0x0000000089400000, 0x0000000089500000|  0%| F|  |TAMS 0x0000000089400000, 0x0000000089400000| Untracked 
| 149|0x0000000089500000, 0x0000000089500000, 0x0000000089600000|  0%| F|  |TAMS 0x0000000089500000, 0x0000000089500000| Untracked 
| 150|0x0000000089600000, 0x0000000089600000, 0x0000000089700000|  0%| F|  |TAMS 0x0000000089600000, 0x0000000089600000| Untracked 
| 151|0x0000000089700000, 0x0000000089700000, 0x0000000089800000|  0%| F|  |TAMS 0x0000000089700000, 0x0000000089700000| Untracked 
| 152|0x0000000089800000, 0x0000000089800000, 0x0000000089900000|  0%| F|  |TAMS 0x0000000089800000, 0x0000000089800000| Untracked 
| 153|0x0000000089900000, 0x0000000089900000, 0x0000000089a00000|  0%| F|  |TAMS 0x0000000089900000, 0x0000000089900000| Untracked 
| 154|0x0000000089a00000, 0x0000000089a00000, 0x0000000089b00000|  0%| F|  |TAMS 0x0000000089a00000, 0x0000000089a00000| Untracked 
| 155|0x0000000089b00000, 0x0000000089b00000, 0x0000000089c00000|  0%| F|  |TAMS 0x0000000089b00000, 0x0000000089b00000| Untracked 
| 156|0x0000000089c00000, 0x0000000089c00000, 0x0000000089d00000|  0%| F|  |TAMS 0x0000000089c00000, 0x0000000089c00000| Untracked 
| 157|0x0000000089d00000, 0x0000000089d00000, 0x0000000089e00000|  0%| F|  |TAMS 0x0000000089d00000, 0x0000000089d00000| Untracked 
| 158|0x0000000089e00000, 0x0000000089e00000, 0x0000000089f00000|  0%| F|  |TAMS 0x0000000089e00000, 0x0000000089e00000| Untracked 
| 159|0x0000000089f00000, 0x0000000089f00000, 0x000000008a000000|  0%| F|  |TAMS 0x0000000089f00000, 0x0000000089f00000| Untracked 
| 160|0x000000008a000000, 0x000000008a000000, 0x000000008a100000|  0%| F|  |TAMS 0x000000008a000000, 0x000000008a000000| Untracked 
| 161|0x000000008a100000, 0x000000008a100000, 0x000000008a200000|  0%| F|  |TAMS 0x000000008a100000, 0x000000008a100000| Untracked 
| 162|0x000000008a200000, 0x000000008a200000, 0x000000008a300000|  0%| F|  |TAMS 0x000000008a200000, 0x000000008a200000| Untracked 
| 163|0x000000008a300000, 0x000000008a300000, 0x000000008a400000|  0%| F|  |TAMS 0x000000008a300000, 0x000000008a300000| Untracked 
| 164|0x000000008a400000, 0x000000008a400000, 0x000000008a500000|  0%| F|  |TAMS 0x000000008a400000, 0x000000008a400000| Untracked 
| 165|0x000000008a500000, 0x000000008a500000, 0x000000008a600000|  0%| F|  |TAMS 0x000000008a500000, 0x000000008a500000| Untracked 
| 166|0x000000008a600000, 0x000000008a600000, 0x000000008a700000|  0%| F|  |TAMS 0x000000008a600000, 0x000000008a600000| Untracked 
| 167|0x000000008a700000, 0x000000008a700000, 0x000000008a800000|  0%| F|  |TAMS 0x000000008a700000, 0x000000008a700000| Untracked 
| 168|0x000000008a800000, 0x000000008a800000, 0x000000008a900000|  0%| F|  |TAMS 0x000000008a800000, 0x000000008a800000| Untracked 
| 169|0x000000008a900000, 0x000000008a900000, 0x000000008aa00000|  0%| F|  |TAMS 0x000000008a900000, 0x000000008a900000| Untracked 
| 170|0x000000008aa00000, 0x000000008ab00000, 0x000000008ab00000|100%| S|CS|TAMS 0x000000008aa00000, 0x000000008aa00000| Complete 
| 171|0x000000008ab00000, 0x000000008ac00000, 0x000000008ac00000|100%| S|CS|TAMS 0x000000008ab00000, 0x000000008ab00000| Complete 
| 172|0x000000008ac00000, 0x000000008ad00000, 0x000000008ad00000|100%| S|CS|TAMS 0x000000008ac00000, 0x000000008ac00000| Complete 
| 173|0x000000008ad00000, 0x000000008ae00000, 0x000000008ae00000|100%| S|CS|TAMS 0x000000008ad00000, 0x000000008ad00000| Complete 
| 174|0x000000008ae00000, 0x000000008af00000, 0x000000008af00000|100%| S|CS|TAMS 0x000000008ae00000, 0x000000008ae00000| Complete 
| 175|0x000000008af00000, 0x000000008b000000, 0x000000008b000000|100%| S|CS|TAMS 0x000000008af00000, 0x000000008af00000| Complete 
| 176|0x000000008b000000, 0x000000008b100000, 0x000000008b100000|100%| S|CS|TAMS 0x000000008b000000, 0x000000008b000000| Complete 
| 177|0x000000008b100000, 0x000000008b200000, 0x000000008b200000|100%| S|CS|TAMS 0x000000008b100000, 0x000000008b100000| Complete 
| 178|0x000000008b200000, 0x000000008b300000, 0x000000008b300000|100%| S|CS|TAMS 0x000000008b200000, 0x000000008b200000| Complete 
| 179|0x000000008b300000, 0x000000008b400000, 0x000000008b400000|100%| S|CS|TAMS 0x000000008b300000, 0x000000008b300000| Complete 
| 180|0x000000008b400000, 0x000000008b500000, 0x000000008b500000|100%| S|CS|TAMS 0x000000008b400000, 0x000000008b400000| Complete 
| 181|0x000000008b500000, 0x000000008b600000, 0x000000008b600000|100%| S|CS|TAMS 0x000000008b500000, 0x000000008b500000| Complete 
| 182|0x000000008b600000, 0x000000008b600000, 0x000000008b700000|  0%| F|  |TAMS 0x000000008b600000, 0x000000008b600000| Untracked 
| 183|0x000000008b700000, 0x000000008b700000, 0x000000008b800000|  0%| F|  |TAMS 0x000000008b700000, 0x000000008b700000| Untracked 
| 184|0x000000008b800000, 0x000000008b800000, 0x000000008b900000|  0%| F|  |TAMS 0x000000008b800000, 0x000000008b800000| Untracked 
| 185|0x000000008b900000, 0x000000008b900000, 0x000000008ba00000|  0%| F|  |TAMS 0x000000008b900000, 0x000000008b900000| Untracked 
| 186|0x000000008ba00000, 0x000000008ba00000, 0x000000008bb00000|  0%| F|  |TAMS 0x000000008ba00000, 0x000000008ba00000| Untracked 
| 187|0x000000008bb00000, 0x000000008bb00000, 0x000000008bc00000|  0%| F|  |TAMS 0x000000008bb00000, 0x000000008bb00000| Untracked 
| 188|0x000000008bc00000, 0x000000008bc00000, 0x000000008bd00000|  0%| F|  |TAMS 0x000000008bc00000, 0x000000008bc00000| Untracked 
| 189|0x000000008bd00000, 0x000000008bd00000, 0x000000008be00000|  0%| F|  |TAMS 0x000000008bd00000, 0x000000008bd00000| Untracked 
| 190|0x000000008be00000, 0x000000008be00000, 0x000000008bf00000|  0%| F|  |TAMS 0x000000008be00000, 0x000000008be00000| Untracked 
| 191|0x000000008bf00000, 0x000000008bf00000, 0x000000008c000000|  0%| F|  |TAMS 0x000000008bf00000, 0x000000008bf00000| Untracked 
| 192|0x000000008c000000, 0x000000008c000000, 0x000000008c100000|  0%| F|  |TAMS 0x000000008c000000, 0x000000008c000000| Untracked 
| 193|0x000000008c100000, 0x000000008c100000, 0x000000008c200000|  0%| F|  |TAMS 0x000000008c100000, 0x000000008c100000| Untracked 
| 194|0x000000008c200000, 0x000000008c200000, 0x000000008c300000|  0%| F|  |TAMS 0x000000008c200000, 0x000000008c200000| Untracked 
| 195|0x000000008c300000, 0x000000008c300000, 0x000000008c400000|  0%| F|  |TAMS 0x000000008c300000, 0x000000008c300000| Untracked 
| 196|0x000000008c400000, 0x000000008c400000, 0x000000008c500000|  0%| F|  |TAMS 0x000000008c400000, 0x000000008c400000| Untracked 
| 197|0x000000008c500000, 0x000000008c500000, 0x000000008c600000|  0%| F|  |TAMS 0x000000008c500000, 0x000000008c500000| Untracked 
| 198|0x000000008c600000, 0x000000008c6aaa58, 0x000000008c700000| 66%| E|  |TAMS 0x000000008c600000, 0x000000008c600000| Complete 
| 199|0x000000008c700000, 0x000000008c800000, 0x000000008c800000|100%| E|CS|TAMS 0x000000008c700000, 0x000000008c700000| Complete 
| 200|0x000000008c800000, 0x000000008c900000, 0x000000008c900000|100%| E|CS|TAMS 0x000000008c800000, 0x000000008c800000| Complete 
| 201|0x000000008c900000, 0x000000008ca00000, 0x000000008ca00000|100%| E|CS|TAMS 0x000000008c900000, 0x000000008c900000| Complete 
| 202|0x000000008ca00000, 0x000000008cb00000, 0x000000008cb00000|100%| E|  |TAMS 0x000000008ca00000, 0x000000008ca00000| Complete 
| 203|0x000000008cb00000, 0x000000008cc00000, 0x000000008cc00000|100%| E|CS|TAMS 0x000000008cb00000, 0x000000008cb00000| Complete 
| 204|0x000000008cc00000, 0x000000008cd00000, 0x000000008cd00000|100%| E|CS|TAMS 0x000000008cc00000, 0x000000008cc00000| Complete 
| 205|0x000000008cd00000, 0x000000008ce00000, 0x000000008ce00000|100%| E|CS|TAMS 0x000000008cd00000, 0x000000008cd00000| Complete 
| 206|0x000000008ce00000, 0x000000008cf00000, 0x000000008cf00000|100%| E|CS|TAMS 0x000000008ce00000, 0x000000008ce00000| Complete 
| 207|0x000000008cf00000, 0x000000008d000000, 0x000000008d000000|100%| E|CS|TAMS 0x000000008cf00000, 0x000000008cf00000| Complete 
| 208|0x000000008d000000, 0x000000008d100000, 0x000000008d100000|100%| E|CS|TAMS 0x000000008d000000, 0x000000008d000000| Complete 
| 209|0x000000008d100000, 0x000000008d200000, 0x000000008d200000|100%| E|CS|TAMS 0x000000008d100000, 0x000000008d100000| Complete 
| 210|0x000000008d200000, 0x000000008d300000, 0x000000008d300000|100%| E|CS|TAMS 0x000000008d200000, 0x000000008d200000| Complete 
| 211|0x000000008d300000, 0x000000008d400000, 0x000000008d400000|100%| E|CS|TAMS 0x000000008d300000, 0x000000008d300000| Complete 
| 212|0x000000008d400000, 0x000000008d500000, 0x000000008d500000|100%| E|CS|TAMS 0x000000008d400000, 0x000000008d400000| Complete 
| 213|0x000000008d500000, 0x000000008d600000, 0x000000008d600000|100%| E|CS|TAMS 0x000000008d500000, 0x000000008d500000| Complete 
| 214|0x000000008d600000, 0x000000008d700000, 0x000000008d700000|100%| E|CS|TAMS 0x000000008d600000, 0x000000008d600000| Complete 
| 215|0x000000008d700000, 0x000000008d800000, 0x000000008d800000|100%| E|CS|TAMS 0x000000008d700000, 0x000000008d700000| Complete 
| 216|0x000000008d800000, 0x000000008d900000, 0x000000008d900000|100%| E|CS|TAMS 0x000000008d800000, 0x000000008d800000| Complete 
| 217|0x000000008d900000, 0x000000008da00000, 0x000000008da00000|100%| E|CS|TAMS 0x000000008d900000, 0x000000008d900000| Complete 
| 218|0x000000008da00000, 0x000000008db00000, 0x000000008db00000|100%| E|CS|TAMS 0x000000008da00000, 0x000000008da00000| Complete 
| 219|0x000000008db00000, 0x000000008dc00000, 0x000000008dc00000|100%| E|CS|TAMS 0x000000008db00000, 0x000000008db00000| Complete 
| 220|0x000000008dc00000, 0x000000008dd00000, 0x000000008dd00000|100%| E|CS|TAMS 0x000000008dc00000, 0x000000008dc00000| Complete 
| 221|0x000000008dd00000, 0x000000008de00000, 0x000000008de00000|100%| E|CS|TAMS 0x000000008dd00000, 0x000000008dd00000| Complete 
| 222|0x000000008de00000, 0x000000008df00000, 0x000000008df00000|100%| E|CS|TAMS 0x000000008de00000, 0x000000008de00000| Complete 
| 223|0x000000008df00000, 0x000000008e000000, 0x000000008e000000|100%| E|CS|TAMS 0x000000008df00000, 0x000000008df00000| Complete 
| 224|0x000000008e000000, 0x000000008e100000, 0x000000008e100000|100%| E|CS|TAMS 0x000000008e000000, 0x000000008e000000| Complete 
| 225|0x000000008e100000, 0x000000008e200000, 0x000000008e200000|100%| E|CS|TAMS 0x000000008e100000, 0x000000008e100000| Complete 
| 226|0x000000008e200000, 0x000000008e300000, 0x000000008e300000|100%| E|CS|TAMS 0x000000008e200000, 0x000000008e200000| Complete 
| 227|0x000000008e300000, 0x000000008e400000, 0x000000008e400000|100%| E|CS|TAMS 0x000000008e300000, 0x000000008e300000| Complete 
| 228|0x000000008e400000, 0x000000008e500000, 0x000000008e500000|100%| E|CS|TAMS 0x000000008e400000, 0x000000008e400000| Complete 
| 229|0x000000008e500000, 0x000000008e600000, 0x000000008e600000|100%| E|CS|TAMS 0x000000008e500000, 0x000000008e500000| Complete 
| 230|0x000000008e600000, 0x000000008e700000, 0x000000008e700000|100%| E|CS|TAMS 0x000000008e600000, 0x000000008e600000| Complete 
| 231|0x000000008e700000, 0x000000008e800000, 0x000000008e800000|100%| E|CS|TAMS 0x000000008e700000, 0x000000008e700000| Complete 
| 232|0x000000008e800000, 0x000000008e900000, 0x000000008e900000|100%| E|CS|TAMS 0x000000008e800000, 0x000000008e800000| Complete 
| 233|0x000000008e900000, 0x000000008ea00000, 0x000000008ea00000|100%| E|CS|TAMS 0x000000008e900000, 0x000000008e900000| Complete 
| 234|0x000000008ea00000, 0x000000008eb00000, 0x000000008eb00000|100%| E|CS|TAMS 0x000000008ea00000, 0x000000008ea00000| Complete 
| 235|0x000000008eb00000, 0x000000008ec00000, 0x000000008ec00000|100%| E|CS|TAMS 0x000000008eb00000, 0x000000008eb00000| Complete 
| 236|0x000000008ec00000, 0x000000008ed00000, 0x000000008ed00000|100%| E|CS|TAMS 0x000000008ec00000, 0x000000008ec00000| Complete 
| 237|0x000000008ed00000, 0x000000008ee00000, 0x000000008ee00000|100%| E|CS|TAMS 0x000000008ed00000, 0x000000008ed00000| Complete 
| 238|0x000000008ee00000, 0x000000008ef00000, 0x000000008ef00000|100%| E|CS|TAMS 0x000000008ee00000, 0x000000008ee00000| Complete 
| 239|0x000000008ef00000, 0x000000008f000000, 0x000000008f000000|100%| E|CS|TAMS 0x000000008ef00000, 0x000000008ef00000| Complete 
| 240|0x000000008f000000, 0x000000008f100000, 0x000000008f100000|100%| E|CS|TAMS 0x000000008f000000, 0x000000008f000000| Complete 
| 241|0x000000008f100000, 0x000000008f200000, 0x000000008f200000|100%| E|CS|TAMS 0x000000008f100000, 0x000000008f100000| Complete 
| 242|0x000000008f200000, 0x000000008f300000, 0x000000008f300000|100%| E|CS|TAMS 0x000000008f200000, 0x000000008f200000| Complete 
| 243|0x000000008f300000, 0x000000008f400000, 0x000000008f400000|100%| E|CS|TAMS 0x000000008f300000, 0x000000008f300000| Complete 
| 244|0x000000008f400000, 0x000000008f500000, 0x000000008f500000|100%| E|CS|TAMS 0x000000008f400000, 0x000000008f400000| Complete 
| 245|0x000000008f500000, 0x000000008f600000, 0x000000008f600000|100%| E|CS|TAMS 0x000000008f500000, 0x000000008f500000| Complete 
| 246|0x000000008f600000, 0x000000008f700000, 0x000000008f700000|100%| E|CS|TAMS 0x000000008f600000, 0x000000008f600000| Complete 
| 247|0x000000008f700000, 0x000000008f800000, 0x000000008f800000|100%| E|CS|TAMS 0x000000008f700000, 0x000000008f700000| Complete 
| 248|0x000000008f800000, 0x000000008f900000, 0x000000008f900000|100%| E|CS|TAMS 0x000000008f800000, 0x000000008f800000| Complete 
| 249|0x000000008f900000, 0x000000008fa00000, 0x000000008fa00000|100%| E|CS|TAMS 0x000000008f900000, 0x000000008f900000| Complete 
| 250|0x000000008fa00000, 0x000000008fb00000, 0x000000008fb00000|100%| E|CS|TAMS 0x000000008fa00000, 0x000000008fa00000| Complete 
| 251|0x000000008fb00000, 0x000000008fc00000, 0x000000008fc00000|100%| E|CS|TAMS 0x000000008fb00000, 0x000000008fb00000| Complete 
| 252|0x000000008fc00000, 0x000000008fd00000, 0x000000008fd00000|100%| E|CS|TAMS 0x000000008fc00000, 0x000000008fc00000| Complete 
| 253|0x000000008fd00000, 0x000000008fe00000, 0x000000008fe00000|100%| E|CS|TAMS 0x000000008fd00000, 0x000000008fd00000| Complete 
| 254|0x000000008fe00000, 0x000000008ff00000, 0x000000008ff00000|100%| E|CS|TAMS 0x000000008fe00000, 0x000000008fe00000| Complete 
| 255|0x000000008ff00000, 0x0000000090000000, 0x0000000090000000|100%| E|CS|TAMS 0x000000008ff00000, 0x000000008ff00000| Complete 
| 256|0x0000000090000000, 0x0000000090100000, 0x0000000090100000|100%| O|  |TAMS 0x0000000090000000, 0x0000000090000000| Untracked 
| 257|0x0000000090100000, 0x0000000090200000, 0x0000000090200000|100%| O|  |TAMS 0x0000000090100000, 0x0000000090100000| Untracked 
| 258|0x0000000090200000, 0x0000000090300000, 0x0000000090300000|100%| O|  |TAMS 0x0000000090200000, 0x0000000090200000| Untracked 
| 259|0x0000000090300000, 0x0000000090400000, 0x0000000090400000|100%| O|  |TAMS 0x0000000090300000, 0x0000000090300000| Untracked 
| 260|0x0000000090400000, 0x0000000090500000, 0x0000000090500000|100%| O|  |TAMS 0x0000000090400000, 0x0000000090400000| Untracked 
| 261|0x0000000090500000, 0x0000000090600000, 0x0000000090600000|100%| O|  |TAMS 0x0000000090500000, 0x0000000090500000| Untracked 
| 262|0x0000000090600000, 0x0000000090700000, 0x0000000090700000|100%| O|  |TAMS 0x0000000090600000, 0x0000000090600000| Untracked 
| 263|0x0000000090700000, 0x0000000090800000, 0x0000000090800000|100%| O|  |TAMS 0x0000000090700000, 0x0000000090700000| Untracked 
| 264|0x0000000090800000, 0x0000000090900000, 0x0000000090900000|100%| O|  |TAMS 0x0000000090800000, 0x0000000090800000| Untracked 
| 265|0x0000000090900000, 0x0000000090a00000, 0x0000000090a00000|100%| O|  |TAMS 0x0000000090900000, 0x0000000090900000| Untracked 
| 266|0x0000000090a00000, 0x0000000090b00000, 0x0000000090b00000|100%| O|  |TAMS 0x0000000090a00000, 0x0000000090a00000| Untracked 
| 267|0x0000000090b00000, 0x0000000090c00000, 0x0000000090c00000|100%| O|  |TAMS 0x0000000090b00000, 0x0000000090b00000| Untracked 

Card table byte_map: [0x000002a8719d0000,0x000002a871dd0000] _byte_map_base: 0x000002a8715d0000

Marking Bits (Prev, Next): (CMBitMap*) 0x000002a86d804258, (CMBitMap*) 0x000002a86d804290
 Prev Bits: [0x000002a8721d0000, 0x000002a8741d0000)
 Next Bits: [0x000002a8741d0000, 0x000002a8761d0000)

Polling page: 0x000002a86b770000

Metaspace:

Usage:
  Non-class:     92.26 MB capacity,    90.24 MB ( 98%) used,     1.63 MB (  2%) free+waste,   399.06 KB ( <1%) overhead. 
      Class:     15.08 MB capacity,    13.77 MB ( 91%) used,     1.12 MB (  7%) free+waste,   190.44 KB (  1%) overhead. 
       Both:    107.34 MB capacity,   104.01 MB ( 97%) used,     2.75 MB (  3%) free+waste,   589.50 KB ( <1%) overhead. 

Virtual space:
  Non-class space:       94.00 MB reserved,      92.45 MB ( 98%) committed 
      Class space:        1.00 GB reserved,      15.13 MB (  1%) committed 
             Both:        1.09 GB reserved,     107.57 MB ( 10%) committed 

Chunk freelists:
   Non-Class:  5.00 KB
       Class:  12.00 KB
        Both:  17.00 KB

MaxMetaspaceSize: 17179869184.00 GB
CompressedClassSpaceSize: 1.00 GB

CodeHeap 'non-profiled nmethods': size=120000Kb used=7618Kb max_used=7618Kb free=112381Kb
 bounds [0x000002a807ad0000, 0x000002a808250000, 0x000002a80f000000]
CodeHeap 'profiled nmethods': size=120000Kb used=27369Kb max_used=27369Kb free=92631Kb
 bounds [0x000002a8005a0000, 0x000002a802060000, 0x000002a807ad0000]
CodeHeap 'non-nmethods': size=5760Kb used=2358Kb max_used=2369Kb free=3401Kb
 bounds [0x000002a800000000, 0x000002a800270000, 0x000002a8005a0000]
 total_blobs=13986 nmethods=13052 adapters=843
 compilation: enabled
              stopped_count=0, restarted_count=0
 full_count=0

Compilation events (20 events):
Event: 18.676 Thread 0x000002a879516000 nmethod 13177 0x000002a80203a410 code [0x000002a80203a5e0, 0x000002a80203a738]
Event: 18.676 Thread 0x000002a879516000 13178       2       com.android.tools.r8.internal.n8::a (10 bytes)
Event: 18.676 Thread 0x000002a879516000 nmethod 13178 0x000002a80203a890 code [0x000002a80203aa40, 0x000002a80203ab68]
Event: 18.676 Thread 0x000002a879516000 13179       2       java.nio.HeapByteBuffer::putShort (27 bytes)
Event: 18.677 Thread 0x000002a879516000 nmethod 13179 0x000002a80203ac10 code [0x000002a80203adc0, 0x000002a80203afa8]
Event: 18.677 Thread 0x000002a879516000 13191       2       com.android.tools.r8.internal.gr::f (97 bytes)
Event: 18.677 Thread 0x000002a879516000 nmethod 13191 0x000002a80203b090 code [0x000002a80203b280, 0x000002a80203b618]
Event: 18.677 Thread 0x000002a879516000 13184       2       com.android.tools.r8.dex.i::g (14 bytes)
Event: 18.677 Thread 0x000002a879516000 nmethod 13184 0x000002a80203b810 code [0x000002a80203b9e0, 0x000002a80203bb38]
Event: 18.677 Thread 0x000002a879516000 13187       2       com.android.tools.r8.graph.f0$l::hashCode (8 bytes)
Event: 18.677 Thread 0x000002a879516000 nmethod 13187 0x000002a80203bc90 code [0x000002a80203be40, 0x000002a80203bf38]
Event: 18.677 Thread 0x000002a879516000 13185       2       com.android.tools.r8.internal.n8::d (10 bytes)
Event: 18.677 Thread 0x000002a879516000 nmethod 13185 0x000002a80203c010 code [0x000002a80203c1c0, 0x000002a80203c2e8]
Event: 18.677 Thread 0x000002a879516000 13181       2       com.android.tools.r8.internal.Nz$b::next (13 bytes)
Event: 18.678 Thread 0x000002a879516000 nmethod 13181 0x000002a80203c390 code [0x000002a80203c540, 0x000002a80203c688]
Event: 18.678 Thread 0x000002a879516000 13182       2       com.android.tools.r8.internal.Nz$f::m (60 bytes)
Event: 18.678 Thread 0x000002a879516000 nmethod 13182 0x000002a80203c790 code [0x000002a80203c960, 0x000002a80203cb88]
Event: 18.678 Thread 0x000002a879516000 13189   !   2       com.android.tools.r8.graph.Z::c (22 bytes)
Event: 18.679 Thread 0x000002a879516000 nmethod 13189 0x000002a80203cd10 code [0x000002a80203cf40, 0x000002a80203d6c8]
Event: 18.679 Thread 0x000002a879516000 13198       2       com.android.tools.r8.dex.z$g$$Lambda$1968/0x0000000100eca840::apply (15 bytes)

GC Heap History (20 events):
Event: 8.208 GC heap before
{Heap before GC invocations=6 (full 0):
 garbage-first heap   total 262144K, used 142893K [0x0000000080000000, 0x0000000100000000)
  region size 1024K, 121 young (123904K), 6 survivors (6144K)
 Metaspace       used 44627K, capacity 45757K, committed 45824K, reserved 1089536K
  class space    used 5710K, capacity 6113K, committed 6144K, reserved 1048576K
}
Event: 8.219 GC heap after
{Heap after GC invocations=7 (full 0):
 garbage-first heap   total 262144K, used 28665K [0x0000000080000000, 0x0000000100000000)
  region size 1024K, 12 young (12288K), 12 survivors (12288K)
 Metaspace       used 44627K, capacity 45757K, committed 45824K, reserved 1089536K
  class space    used 5710K, capacity 6113K, committed 6144K, reserved 1048576K
}
Event: 10.127 GC heap before
{Heap before GC invocations=7 (full 0):
 garbage-first heap   total 262144K, used 176121K [0x0000000080000000, 0x0000000100000000)
  region size 1024K, 149 young (152576K), 12 survivors (12288K)
 Metaspace       used 58582K, capacity 60077K, committed 60160K, reserved 1101824K
  class space    used 7387K, capacity 7900K, committed 7936K, reserved 1048576K
}
Event: 10.143 GC heap after
{Heap after GC invocations=8 (full 0):
 garbage-first heap   total 262144K, used 49576K [0x0000000080000000, 0x0000000100000000)
  region size 1024K, 19 young (19456K), 19 survivors (19456K)
 Metaspace       used 58582K, capacity 60077K, committed 60160K, reserved 1101824K
  class space    used 7387K, capacity 7900K, committed 7936K, reserved 1048576K
}
Event: 10.151 GC heap before
{Heap before GC invocations=8 (full 0):
 garbage-first heap   total 262144K, used 49576K [0x0000000080000000, 0x0000000100000000)
  region size 1024K, 20 young (20480K), 19 survivors (19456K)
 Metaspace       used 58623K, capacity 60118K, committed 60160K, reserved 1101824K
  class space    used 7393K, capacity 7936K, committed 7936K, reserved 1048576K
}
Event: 10.174 GC heap after
{Heap after GC invocations=9 (full 0):
 garbage-first heap   total 262144K, used 51984K [0x0000000080000000, 0x0000000100000000)
  region size 1024K, 2 young (2048K), 2 survivors (2048K)
 Metaspace       used 58623K, capacity 60118K, committed 60160K, reserved 1101824K
  class space    used 7393K, capacity 7936K, committed 7936K, reserved 1048576K
}
Event: 11.443 GC heap before
{Heap before GC invocations=10 (full 0):
 garbage-first heap   total 262144K, used 155408K [0x0000000080000000, 0x0000000100000000)
  region size 1024K, 103 young (105472K), 2 survivors (2048K)
 Metaspace       used 66715K, capacity 68400K, committed 68684K, reserved 1110016K
  class space    used 8421K, capacity 9017K, committed 9088K, reserved 1048576K
}
Event: 11.459 GC heap after
{Heap after GC invocations=11 (full 0):
 garbage-first heap   total 262144K, used 58684K [0x0000000080000000, 0x0000000100000000)
  region size 1024K, 9 young (9216K), 9 survivors (9216K)
 Metaspace       used 66715K, capacity 68400K, committed 68684K, reserved 1110016K
  class space    used 8421K, capacity 9017K, committed 9088K, reserved 1048576K
}
Event: 13.286 GC heap before
{Heap before GC invocations=12 (full 0):
 garbage-first heap   total 262144K, used 166204K [0x0000000080000000, 0x0000000100000000)
  region size 1024K, 114 young (116736K), 9 survivors (9216K)
 Metaspace       used 78155K, capacity 79870K, committed 80076K, reserved 1118208K
  class space    used 10093K, capacity 10707K, committed 10752K, reserved 1048576K
}
Event: 13.299 GC heap after
{Heap after GC invocations=13 (full 0):
 garbage-first heap   total 262144K, used 65393K [0x0000000080000000, 0x0000000100000000)
  region size 1024K, 7 young (7168K), 7 survivors (7168K)
 Metaspace       used 78155K, capacity 79870K, committed 80076K, reserved 1118208K
  class space    used 10093K, capacity 10707K, committed 10752K, reserved 1048576K
}
Event: 14.679 GC heap before
{Heap before GC invocations=13 (full 0):
 garbage-first heap   total 262144K, used 175985K [0x0000000080000000, 0x0000000100000000)
  region size 1024K, 116 young (118784K), 7 survivors (7168K)
 Metaspace       used 85245K, capacity 87507K, committed 87628K, reserved 1124352K
  class space    used 11024K, capacity 11872K, committed 11904K, reserved 1048576K
}
Event: 14.694 GC heap after
{Heap after GC invocations=14 (full 0):
 garbage-first heap   total 262144K, used 74573K [0x0000000080000000, 0x0000000100000000)
  region size 1024K, 15 young (15360K), 15 survivors (15360K)
 Metaspace       used 85245K, capacity 87507K, committed 87628K, reserved 1124352K
  class space    used 11024K, capacity 11872K, committed 11904K, reserved 1048576K
}
Event: 15.796 GC heap before
{Heap before GC invocations=14 (full 0):
 garbage-first heap   total 262144K, used 184141K [0x0000000080000000, 0x0000000100000000)
  region size 1024K, 123 young (125952K), 15 survivors (15360K)
 Metaspace       used 87650K, capacity 89923K, committed 90060K, reserved 1126400K
  class space    used 11294K, capacity 12165K, committed 12288K, reserved 1048576K
}
Event: 15.813 GC heap after
{Heap after GC invocations=15 (full 0):
 garbage-first heap   total 262144K, used 81126K [0x0000000080000000, 0x0000000100000000)
  region size 1024K, 7 young (7168K), 7 survivors (7168K)
 Metaspace       used 87650K, capacity 89923K, committed 90060K, reserved 1126400K
  class space    used 11294K, capacity 12165K, committed 12288K, reserved 1048576K
}
Event: 16.817 GC heap before
{Heap before GC invocations=15 (full 0):
 garbage-first heap   total 262144K, used 190694K [0x0000000080000000, 0x0000000100000000)
  region size 1024K, 115 young (117760K), 7 survivors (7168K)
 Metaspace       used 92072K, capacity 94393K, committed 94540K, reserved 1130496K
  class space    used 11829K, capacity 12667K, committed 12672K, reserved 1048576K
}
Event: 16.828 GC heap after
{Heap after GC invocations=16 (full 0):
 garbage-first heap   total 262144K, used 86528K [0x0000000080000000, 0x0000000100000000)
  region size 1024K, 12 young (12288K), 12 survivors (12288K)
 Metaspace       used 92072K, capacity 94393K, committed 94540K, reserved 1130496K
  class space    used 11829K, capacity 12667K, committed 12672K, reserved 1048576K
}
Event: 17.674 GC heap before
{Heap before GC invocations=16 (full 0):
 garbage-first heap   total 262144K, used 233984K [0x0000000080000000, 0x0000000100000000)
  region size 1024K, 120 young (122880K), 12 survivors (12288K)
 Metaspace       used 99964K, capacity 102825K, committed 102988K, reserved 1138688K
  class space    used 13035K, capacity 14130K, committed 14208K, reserved 1048576K
}
Event: 17.699 GC heap after
{Heap after GC invocations=17 (full 0):
 garbage-first heap   total 274432K, used 135380K [0x0000000080000000, 0x0000000100000000)
  region size 1024K, 15 young (15360K), 15 survivors (15360K)
 Metaspace       used 99964K, capacity 102825K, committed 102988K, reserved 1138688K
  class space    used 13035K, capacity 14130K, committed 14208K, reserved 1048576K
}
Event: 18.328 GC heap before
{Heap before GC invocations=17 (full 0):
 garbage-first heap   total 274432K, used 212180K [0x0000000080000000, 0x0000000100000000)
  region size 1024K, 89 young (91136K), 15 survivors (15360K)
 Metaspace       used 105515K, capacity 108716K, committed 108876K, reserved 1142784K
  class space    used 13966K, capacity 15217K, committed 15232K, reserved 1048576K
}
Event: 18.357 GC heap after
{Heap after GC invocations=18 (full 0):
 garbage-first heap   total 274432K, used 155992K [0x0000000080000000, 0x0000000100000000)
  region size 1024K, 12 young (12288K), 12 survivors (12288K)
 Metaspace       used 105515K, capacity 108716K, committed 108876K, reserved 1142784K
  class space    used 13966K, capacity 15217K, committed 15232K, reserved 1048576K
}

Deoptimization events (20 events):
Event: 18.625 Thread 0x000002a87d2ca800 Uncommon trap: trap_request=0xffffffde fr.pc=0x000002a80820f334 relative=0x00000000000001d4
Event: 18.625 Thread 0x000002a87d2ca800 Uncommon trap: reason=class_check action=maybe_recompile pc=0x000002a80820f334 method=com.android.tools.r8.graph.z.I0()Z @ 4 c2
Event: 18.625 Thread 0x000002a87d2ca800 DEOPT PACKING pc=0x000002a80820f334 sp=0x000000be2a8fcb60
Event: 18.625 Thread 0x000002a87d2ca800 DEOPT UNPACKING pc=0x000002a8000278af sp=0x000000be2a8fc9c0 mode 2
Event: 18.631 Thread 0x000002a87d2ca800 Uncommon trap: trap_request=0xffffffde fr.pc=0x000002a808212eb8 relative=0x0000000000000a78
Event: 18.633 Thread 0x000002a87d2ca800 Uncommon trap: reason=class_check action=maybe_recompile pc=0x000002a808212eb8 method=com.android.tools.r8.internal.Jj.hasNext()Z @ 98 c2
Event: 18.633 Thread 0x000002a87d2ca800 DEOPT PACKING pc=0x000002a808212eb8 sp=0x000000be2a8fd990
Event: 18.633 Thread 0x000002a87d2ca800 DEOPT UNPACKING pc=0x000002a8000278af sp=0x000000be2a8fd958 mode 2
Event: 18.643 Thread 0x000002a87d2ca800 Uncommon trap: trap_request=0xffffffde fr.pc=0x000002a8082012cc relative=0x000000000000018c
Event: 18.643 Thread 0x000002a87d2ca800 Uncommon trap: reason=class_check action=maybe_recompile pc=0x000002a8082012cc method=com.android.tools.r8.internal.GE.a(Ljava/util/function/Predicate;Ljava/util/function/Function;)Lcom/android/tools/r8/internal/GE; @ 16 c2
Event: 18.643 Thread 0x000002a87d2ca800 DEOPT PACKING pc=0x000002a8082012cc sp=0x000000be2a8fd5c0
Event: 18.644 Thread 0x000002a87d2ca800 DEOPT UNPACKING pc=0x000002a8000278af sp=0x000000be2a8fd4e0 mode 2
Event: 18.650 Thread 0x000002a87d2c3000 Uncommon trap: trap_request=0xffffffde fr.pc=0x000002a808212eb8 relative=0x0000000000000a78
Event: 18.650 Thread 0x000002a87d2c3000 Uncommon trap: reason=class_check action=maybe_recompile pc=0x000002a808212eb8 method=com.android.tools.r8.internal.Jj.hasNext()Z @ 98 c2
Event: 18.650 Thread 0x000002a87d2c3000 DEOPT PACKING pc=0x000002a808212eb8 sp=0x000000be2a7fd670
Event: 18.650 Thread 0x000002a87d2c3000 DEOPT UNPACKING pc=0x000002a8000278af sp=0x000000be2a7fd638 mode 2
Event: 18.653 Thread 0x000002a87d2c6000 Uncommon trap: trap_request=0xffffffe4 fr.pc=0x000002a8081cd6cc relative=0x000000000000028c
Event: 18.654 Thread 0x000002a87d2c6000 Uncommon trap: reason=range_check action=make_not_entrant pc=0x000002a8081cd6cc method=com.android.tools.r8.graph.c0.a(Lcom/android/tools/r8/graph/c0;)I @ 9 c2
Event: 18.654 Thread 0x000002a87d2c6000 DEOPT PACKING pc=0x000002a8081cd6cc sp=0x000000be2a5fcae0
Event: 18.654 Thread 0x000002a87d2c6000 DEOPT UNPACKING pc=0x000002a8000278af sp=0x000000be2a5fca68 mode 2

Classes redefined (0 events):
No events

Internal exceptions (20 events):
Event: 17.668 Thread 0x000002a87d2c3000 Exception <a 'java/lang/NoSuchMethodError'{0x000000008974d7d0}: 'int java.lang.invoke.DirectMethodHandle$Holder.invokeVirtual(java.lang.Object, java.lang.Object, java.lang.Object)'> (0x000000008974d7d0) thrown at [./src/hotspot/share/interpreter/linkResolver.cpp, line 773]
Event: 17.704 Thread 0x000002a87d2c6000 Exception <a 'java/lang/NoSuchMethodError'{0x000000008ff8bc08}: 'java.lang.Object java.lang.invoke.Invokers$Holder.linkToTargetMethod(java.lang.Object, java.lang.Object, java.lang.Object, java.lang.Object, java.lang.Object, java.lang.Object, java.lang.Object)'> (0x000000008ff8bc08) thrown at [./src/hotspot/share/interpreter/linkResolver.cpp, line 773]
Event: 17.777 Thread 0x000002a87d2c3000 Exception <a 'java/lang/NoSuchMethodError'{0x000000008f210480}: 'java.lang.Object java.lang.invoke.DirectMethodHandle$Holder.invokeVirtual(java.lang.Object, java.lang.Object, int, java.lang.Object)'> (0x000000008f210480) thrown at [./src/hotspot/share/interpreter/linkResolver.cpp, line 773]
Event: 17.798 Thread 0x000002a87d2c7000 Exception <a 'java/lang/IncompatibleClassChangeError'{0x000000008ef0b360}: Found class java.lang.Object, but interface was expected> (0x000000008ef0b360) thrown at [./src/hotspot/share/interpreter/linkResolver.cpp, line 839]
Event: 17.799 Thread 0x000002a87d2c7000 Exception <a 'java/lang/IncompatibleClassChangeError'{0x000000008efe9a20}: Found class java.lang.Object, but interface was expected> (0x000000008efe9a20) thrown at [./src/hotspot/share/interpreter/linkResolver.cpp, line 839]
Event: 17.809 Thread 0x000002a87d2cb000 Exception <a 'java/lang/NoSuchMethodError'{0x000000008ed93af0}: 'void java.lang.invoke.DirectMethodHandle$Holder.invokeVirtual(java.lang.Object, java.lang.Object, int, java.lang.Object)'> (0x000000008ed93af0) thrown at [./src/hotspot/share/interpreter/linkResolver.cpp, line 773]
Event: 17.889 Thread 0x000002a87d2ce800 Exception <a 'java/lang/NoSuchMethodError'{0x000000008e2a1fd0}: 'java.lang.Object java.lang.invoke.DirectMethodHandle$Holder.newInvokeSpecial(java.lang.Object, int)'> (0x000000008e2a1fd0) thrown at [./src/hotspot/share/interpreter/linkResolver.cpp, line 773]
Event: 17.998 Thread 0x000002a87d2c6000 Exception <a 'java/lang/NoSuchMethodError'{0x000000008da2b878}: 'long java.lang.invoke.DirectMethodHandle$Holder.invokeStatic(java.lang.Object, java.lang.Object)'> (0x000000008da2b878) thrown at [./src/hotspot/share/interpreter/linkResolver.cpp, line 773]
Event: 18.096 Thread 0x000002a87d2c6000 Exception <a 'java/lang/NoSuchMethodError'{0x000000008d261160}: 'java.lang.Object java.lang.invoke.DirectMethodHandle$Holder.invokeInterface(java.lang.Object, java.lang.Object, int)'> (0x000000008d261160) thrown at [./src/hotspot/share/interpreter/linkResolver.cpp, line 773]
Event: 18.174 Thread 0x000002a87d2c7000 Exception <a 'java/lang/NoSuchMethodError'{0x000000008c8cbdf0}: 'void java.lang.invoke.DirectMethodHandle$Holder.invokeSpecial(java.lang.Object, java.lang.Object, int, java.lang.Object, java.lang.Object, java.lang.Object, java.lang.Object)'> (0x000000008c8cbdf0) thrown at [./src/hotspot/share/interpreter/linkResolver.cpp, line 773]
Event: 18.175 Thread 0x000002a87d2c7000 Exception <a 'java/lang/NoSuchMethodError'{0x000000008c624958}: 'java.lang.Object java.lang.invoke.Invokers$Holder.linkToTargetMethod(java.lang.Object, int, java.lang.Object, java.lang.Object, java.lang.Object, java.lang.Object)'> (0x000000008c624958) thrown at [./src/hotspot/share/interpreter/linkResolver.cpp, line 773]
Event: 18.175 Thread 0x000002a87d2c7000 Exception <a 'java/lang/NoSuchMethodError'{0x000000008c628610}: 'void java.lang.invoke.DirectMethodHandle$Holder.invokeSpecial(java.lang.Object, java.lang.Object, java.lang.Object, java.lang.Object, java.lang.Object, java.lang.Object, java.lang.Object, java.lang.Object, java.lang.Object)'> (0x000000008c628610) thrown at [./src/hotspot/share/interpreter/linkResolver.cpp, line 773]
Event: 18.179 Thread 0x000002a87d2c7000 Exception <a 'java/lang/NoSuchMethodError'{0x000000008c6c51b0}: 'void java.lang.invoke.DirectMethodHandle$Holder.invokeStatic(java.lang.Object, java.lang.Object, java.lang.Object, java.lang.Object, java.lang.Object, java.lang.Object, java.lang.Object, java.lang.Object)'> (0x000000008c6c51b0) thrown at [./src/hotspot/share/interpreter/linkResolver.cpp, line 773]
Event: 18.179 Thread 0x000002a87d2cd000 Exception <a 'java/lang/NoSuchMethodError'{0x000000008c8a6cf8}: 'void java.lang.invoke.DirectMethodHandle$Holder.invokeStatic(java.lang.Object, java.lang.Object, java.lang.Object, java.lang.Object, java.lang.Object, java.lang.Object, java.lang.Object, java.lang.Object)'> (0x000000008c8a6cf8) thrown at [./src/hotspot/share/interpreter/linkResolver.cpp, line 773]
Event: 18.201 Thread 0x000002a87d2c3000 Exception <a 'java/lang/NoSuchMethodError'{0x000000008c250db0}: 'java.lang.Object java.lang.invoke.DirectMethodHandle$Holder.invokeSpecial(java.lang.Object, java.lang.Object, java.lang.Object, java.lang.Object, java.lang.Object, java.lang.Object, java.lang.Object, java.lang.Object, java.lang.Object, java.lang.Object, java.lang.Object)'> (0x000000008c250db0) thrown at [./src/hotspot/share/interpreter/linkResolver.cpp, line 773]
Event: 18.201 Thread 0x000002a87d2c3000 Exception <a 'java/lang/NoSuchMethodError'{0x000000008c2ab768}: 'java.lang.Object java.lang.invoke.Invokers$Holder.linkToTargetMethod(java.lang.Object, java.lang.Object, java.lang.Object, java.lang.Object, java.lang.Object, java.lang.Object, java.lang.Object, java.lang.Object, java.lang.Object, java.lang.Object)'> (0x000000008c2ab768) thrown at [./src/hotspot/share/interpreter/linkResolver.cpp, line 773]
Event: 18.216 Thread 0x000002a87d2ca800 Implicit null exception at 0x000002a808211bfc to 0x000002a808211c80
Event: 18.235 Thread 0x000002a87d2c3000 Exception <a 'java/lang/IncompatibleClassChangeError'{0x000000008be22738}: Found class java.lang.Object, but interface was expected> (0x000000008be22738) thrown at [./src/hotspot/share/interpreter/linkResolver.cpp, line 839]
Event: 18.400 Thread 0x000002a87d2c7000 Exception <a 'java/lang/IncompatibleClassChangeError'{0x000000008f82bd88}: Found class java.lang.Object, but interface was expected> (0x000000008f82bd88) thrown at [./src/hotspot/share/interpreter/linkResolver.cpp, line 839]
Event: 18.492 Thread 0x000002a87d2cd000 Exception <a 'java/lang/NoSuchMethodError'{0x000000008e8fce58}: 'void java.lang.invoke.DirectMethodHandle$Holder.invokeVirtual(java.lang.Object, java.lang.Object, int)'> (0x000000008e8fce58) thrown at [./src/hotspot/share/interpreter/linkResolver.cpp, line 773]

Events (20 events):
Event: 18.675 loading class com/android/tools/r8/graph/v0$f
Event: 18.675 loading class com/android/tools/r8/graph/v0$f done
Event: 18.675 loading class com/android/tools/r8/graph/v0$j
Event: 18.675 loading class com/android/tools/r8/graph/v0$j done
Event: 18.675 loading class com/android/tools/r8/graph/d0
Event: 18.675 loading class com/android/tools/r8/graph/d0 done
Event: 18.675 loading class com/android/tools/r8/graph/d0
Event: 18.675 loading class com/android/tools/r8/graph/d0 done
Event: 18.675 loading class com/android/tools/r8/graph/S0
Event: 18.675 loading class com/android/tools/r8/graph/S0 done
Event: 18.677 loading class com/android/tools/r8/dex/m
Event: 18.677 loading class com/android/tools/r8/dex/m done
Event: 18.678 loading class java/util/zip/Adler32
Event: 18.678 loading class java/util/zip/Adler32 done
Event: 18.679 loading class com/android/tools/r8/internal/qf$a
Event: 18.679 loading class com/android/tools/r8/internal/qf$a done
Event: 18.679 loading class com/android/tools/r8/synthesis/d
Event: 18.679 loading class com/android/tools/r8/synthesis/d done
Event: 18.679 loading class com/android/tools/r8/internal/qf$a
Event: 18.679 loading class com/android/tools/r8/internal/qf$a done


Dynamic libraries:
0x00007ff6f5af0000 - 0x00007ff6f5afa000 	C:\Program Files\Android\Android Studio\jre\bin\java.exe
0x00007ffe09ea0000 - 0x00007ffe0a0af000 	C:\WINDOWS\SYSTEM32\ntdll.dll
0x00007ffe085a0000 - 0x00007ffe0865d000 	C:\WINDOWS\System32\KERNEL32.DLL
0x00007ffe076f0000 - 0x00007ffe07a7e000 	C:\WINDOWS\System32\KERNELBASE.dll
0x00007ffe074f0000 - 0x00007ffe07601000 	C:\WINDOWS\System32\ucrtbase.dll
0x00007ffdec190000 - 0x00007ffdec1a7000 	C:\Program Files\Android\Android Studio\jre\bin\VCRUNTIME140.dll
0x00007ffdec4e0000 - 0x00007ffdec4f9000 	C:\Program Files\Android\Android Studio\jre\bin\jli.dll
0x00007ffe08c90000 - 0x00007ffe08e3a000 	C:\WINDOWS\System32\USER32.dll
0x00007ffdf3010000 - 0x00007ffdf32b1000 	C:\WINDOWS\WinSxS\amd64_microsoft.windows.common-controls_6595b64144ccf1df_6.0.22523.1000_none_26388f37a89e74b7\COMCTL32.dll
0x00007ffe095c0000 - 0x00007ffe09664000 	C:\WINDOWS\System32\msvcrt.dll
0x00007ffe07360000 - 0x00007ffe07386000 	C:\WINDOWS\System32\win32u.dll
0x00007ffe09920000 - 0x00007ffe09949000 	C:\WINDOWS\System32\GDI32.dll
0x00007ffe07be0000 - 0x00007ffe07cf7000 	C:\WINDOWS\System32\gdi32full.dll
0x00007ffe07390000 - 0x00007ffe0742a000 	C:\WINDOWS\System32\msvcp_win.dll
0x00007ffe08b90000 - 0x00007ffe08bc1000 	C:\WINDOWS\System32\IMM32.DLL
0x00007ffdd8580000 - 0x00007ffdd861d000 	C:\Program Files\Android\Android Studio\jre\bin\msvcp140.dll
0x00007ffd87810000 - 0x00007ffd882df000 	C:\Program Files\Android\Android Studio\jre\bin\server\jvm.dll
0x00007ffe08bd0000 - 0x00007ffe08c7e000 	C:\WINDOWS\System32\ADVAPI32.dll
0x00007ffe09470000 - 0x00007ffe09512000 	C:\WINDOWS\System32\sechost.dll
0x00007ffe08670000 - 0x00007ffe0878f000 	C:\WINDOWS\System32\RPCRT4.dll
0x00007ffe09e50000 - 0x00007ffe09e58000 	C:\WINDOWS\System32\PSAPI.DLL
0x00007ffdff2e0000 - 0x00007ffdff314000 	C:\WINDOWS\SYSTEM32\WINMM.dll
0x00007ffdeb2f0000 - 0x00007ffdeb2f9000 	C:\WINDOWS\SYSTEM32\WSOCK32.dll
0x00007ffe09dd0000 - 0x00007ffe09e41000 	C:\WINDOWS\System32\WS2_32.dll
0x00007ffdfab30000 - 0x00007ffdfab3a000 	C:\WINDOWS\SYSTEM32\VERSION.dll
0x00007ffe063e0000 - 0x00007ffe063f8000 	C:\WINDOWS\SYSTEM32\kernel.appcore.dll
0x00007ffdf50d0000 - 0x00007ffdf50e1000 	C:\Program Files\Android\Android Studio\jre\bin\verify.dll
0x00007ffdeef40000 - 0x00007ffdef166000 	C:\WINDOWS\SYSTEM32\DBGHELP.DLL
0x00007ffe08ef0000 - 0x00007ffe0926c000 	C:\WINDOWS\System32\combase.dll
0x00007ffe092d0000 - 0x00007ffe093a7000 	C:\WINDOWS\System32\OLEAUT32.dll
0x00007ffdec990000 - 0x00007ffdec9c1000 	C:\WINDOWS\SYSTEM32\dbgcore.DLL
0x00007ffe07610000 - 0x00007ffe0768b000 	C:\WINDOWS\System32\bcryptPrimitives.dll
0x00007ffdeb3d0000 - 0x00007ffdeb3f9000 	C:\Program Files\Android\Android Studio\jre\bin\java.dll
0x00007ffe029d0000 - 0x00007ffe029db000 	C:\Program Files\Android\Android Studio\jre\bin\jimage.dll
0x00007ffdf40f0000 - 0x00007ffdf4108000 	C:\Program Files\Android\Android Studio\jre\bin\zip.dll
0x00007ffe07d00000 - 0x00007ffe084b8000 	C:\WINDOWS\System32\SHELL32.dll
0x00007ffe05410000 - 0x00007ffe05c66000 	C:\WINDOWS\SYSTEM32\windows.storage.dll
0x00007ffe052d0000 - 0x00007ffe0540c000 	C:\WINDOWS\SYSTEM32\wintypes.dll
0x00007ffe088b0000 - 0x00007ffe089a1000 	C:\WINDOWS\System32\SHCORE.dll
0x00007ffe09410000 - 0x00007ffe0946b000 	C:\WINDOWS\System32\shlwapi.dll
0x00007ffe07290000 - 0x00007ffe072b1000 	C:\WINDOWS\SYSTEM32\profapi.dll
0x00007ffdeb3b0000 - 0x00007ffdeb3ca000 	C:\Program Files\Android\Android Studio\jre\bin\net.dll
0x00007ffdff9e0000 - 0x00007ffdffaf2000 	C:\WINDOWS\SYSTEM32\WINHTTP.dll
0x00007ffe06860000 - 0x00007ffe068c9000 	C:\WINDOWS\system32\mswsock.dll
0x00007ffdeb390000 - 0x00007ffdeb3a4000 	C:\Program Files\Android\Android Studio\jre\bin\nio.dll
0x00007ffe02a50000 - 0x00007ffe02a77000 	C:\Users\TOGAN\.gradle\native\8bec1ad78214c89d9ad589b4d07fe93259594b29d510b10fafb7a158f7737e5d\windows-amd64\native-platform.dll
0x00007ffddd490000 - 0x00007ffddd5cd000 	C:\Users\TOGAN\.gradle\native\53dbd7edfb1c66fb8903c78663c9afc45aea4f116125fa6feffd364cf09443e8\windows-amd64\native-platform-file-events.dll
0x00007ffdfad80000 - 0x00007ffdfad8a000 	C:\Program Files\Android\Android Studio\jre\bin\management.dll
0x00007ffdf50c0000 - 0x00007ffdf50cc000 	C:\Program Files\Android\Android Studio\jre\bin\management_ext.dll
0x00007ffe06ac0000 - 0x00007ffe06ad8000 	C:\WINDOWS\SYSTEM32\CRYPTSP.dll
0x00007ffe06340000 - 0x00007ffe06375000 	C:\WINDOWS\system32\rsaenh.dll
0x00007ffe06960000 - 0x00007ffe06989000 	C:\WINDOWS\SYSTEM32\USERENV.dll
0x00007ffe06c40000 - 0x00007ffe06c68000 	C:\WINDOWS\SYSTEM32\bcrypt.dll
0x00007ffe06ab0000 - 0x00007ffe06abc000 	C:\WINDOWS\SYSTEM32\CRYPTBASE.dll
0x00007ffe05ec0000 - 0x00007ffe05eed000 	C:\WINDOWS\SYSTEM32\IPHLPAPI.DLL
0x00007ffe09520000 - 0x00007ffe09529000 	C:\WINDOWS\System32\NSI.dll
0x00007ffdffb30000 - 0x00007ffdffb49000 	C:\WINDOWS\SYSTEM32\dhcpcsvc6.DLL
0x00007ffdff960000 - 0x00007ffdff97e000 	C:\WINDOWS\SYSTEM32\dhcpcsvc.DLL
0x00007ffe05ef0000 - 0x00007ffe05fe8000 	C:\WINDOWS\SYSTEM32\DNSAPI.dll

dbghelp: loaded successfully - version: 4.0.5 - missing functions: none
symbol engine: initialized successfully - sym options: 0x614 - pdb path: .;C:\Program Files\Android\Android Studio\jre\bin;C:\WINDOWS\SYSTEM32;C:\WINDOWS\WinSxS\amd64_microsoft.windows.common-controls_6595b64144ccf1df_6.0.22523.1000_none_26388f37a89e74b7;C:\Program Files\Android\Android Studio\jre\bin\server;C:\Users\TOGAN\.gradle\native\8bec1ad78214c89d9ad589b4d07fe93259594b29d510b10fafb7a158f7737e5d\windows-amd64;C:\Users\TOGAN\.gradle\native\53dbd7edfb1c66fb8903c78663c9afc45aea4f116125fa6feffd364cf09443e8\windows-amd64

VM Arguments:
jvm_args: --add-opens=java.base/java.util=ALL-UNNAMED --add-opens=java.base/java.lang=ALL-UNNAMED --add-opens=java.base/java.lang.invoke=ALL-UNNAMED --add-opens=java.base/java.util=ALL-UNNAMED --add-opens=java.prefs/java.util.prefs=ALL-UNNAMED --add-opens=java.prefs/java.util.prefs=ALL-UNNAMED --add-opens=java.base/java.nio.charset=ALL-UNNAMED --add-opens=java.base/java.net=ALL-UNNAMED --add-opens=java.base/java.util.concurrent.atomic=ALL-UNNAMED -Xmx2048m -Dfile.encoding=UTF-8 -Duser.country=US -Duser.language=en -Duser.variant 
java_command: org.gradle.launcher.daemon.bootstrap.GradleDaemon 7.0.2
java_class_path (initial): C:\Users\TOGAN\.gradle\wrapper\dists\gradle-7.0.2-bin\857tjihv64xamwrf0h14cai3r\gradle-7.0.2\lib\gradle-launcher-7.0.2.jar
Launcher Type: SUN_STANDARD

[Global flags]
     intx CICompilerCount                          = 4                                         {product} {ergonomic}
     uint ConcGCThreads                            = 2                                         {product} {ergonomic}
     uint G1ConcRefinementThreads                  = 8                                         {product} {ergonomic}
   size_t G1HeapRegionSize                         = 1048576                                   {product} {ergonomic}
    uintx GCDrainStackTargetSize                   = 64                                        {product} {ergonomic}
   size_t InitialHeapSize                          = 268435456                                 {product} {ergonomic}
   size_t MarkStackSize                            = 4194304                                   {product} {ergonomic}
   size_t MaxHeapSize                              = 2147483648                                {product} {command line}
   size_t MaxNewSize                               = 1287651328                                {product} {ergonomic}
   size_t MinHeapDeltaBytes                        = 1048576                                   {product} {ergonomic}
    uintx NonNMethodCodeHeapSize                   = 5836300                                {pd product} {ergonomic}
    uintx NonProfiledCodeHeapSize                  = 122910970                              {pd product} {ergonomic}
    uintx ProfiledCodeHeapSize                     = 122910970                              {pd product} {ergonomic}
    uintx ReservedCodeCacheSize                    = 251658240                              {pd product} {ergonomic}
     bool SegmentedCodeCache                       = true                                      {product} {ergonomic}
     bool UseCompressedClassPointers               = true                                 {lp64_product} {ergonomic}
     bool UseCompressedOops                        = true                                 {lp64_product} {ergonomic}
     bool UseG1GC                                  = true                                      {product} {ergonomic}
     bool UseLargePagesIndividualAllocation        = false                                  {pd product} {ergonomic}

Logging:
Log output configuration:
 #0: stdout all=warning uptime,level,tags
 #1: stderr all=off uptime,level,tags

Environment Variables:
JAVA_HOME=C:\Program Files\Java\jdk1.8.0_311
PATH=C:\apache-maven-3.8.4-bin\apache-maven-3.8.4\bin;C:\Python39\Scripts\;C:\Python39\;C:\Program Files (x86)\Common Files\Oracle\Java\javapath;C:\Program Files\Common Files\Oracle\Java\javapath;C:\Program Files (x86)\Intel\iCLS Client\;C:\Program Files\Intel\iCLS Client\;C:\Windows\system32;C:\Windows;C:\Windows\System32\Wbem;C:\Windows\System32\WindowsPowerShell\v1.0\;C:\Program Files (x86)\NVIDIA Corporation\PhysX\Common;C:\Program Files (x86)\Intel\Intel(R) Management Engine Components\DAL;C:\Program Files\Intel\Intel(R) Management Engine Components\DAL;C:\Program Files (x86)\Intel\Intel(R) Management Engine Components\IPT;C:\Program Files\Intel\Intel(R) Management Engine Components\IPT;C:\Program Files\Intel\WiFi\bin\;C:\Program Files\Common Files\Intel\WirelessCommon\;C:\WINDOWS\system32;C:\WINDOWS;C:\WINDOWS\System32\Wbem;C:\WINDOWS\System32\WindowsPowerShell\v1.0\;C:\WINDOWS\System32\OpenSSH\;C:\Program Files\NVIDIA Corporation\NVIDIA NvDLISR;C:\Program Files\dotnet\;C:\Program Files\Microsoft SQL Server\130\Tools\B;C:\Program Files\Java\jdk1.8.0_311\bin;C:\WINDOWS\system32;C:\WINDOWS;C:\WINDOWS\System32\Wbem;C:\WINDOWS\System32\WindowsPowerShell\v1.0\;C:\WINDOWS\System32\OpenSSH\;C:\Program Files\Git\cmd;C:\Python39\Scripts\;C:\Python39\;C:\Program Files (x86)\Common Files\Oracle\Java\javapath;C:\Program Files\Common Files\Oracle\Java\javapath;C:\Program Files (x86)\Intel\iCLS Client\;C:\Program Files\Intel\iCLS Client\;C:\Windows\system32;C:\Windows;C:\Windows\System32\Wbem;C:\Windows\System32\WindowsPowerShell\v1.0\;C:\Program Files (x86)\NVIDIA Corporation\PhysX\Common;C:\Program Files (x86)\Intel\Intel(R) Management Engine Components\DAL;C:\Program Files\Intel\Intel(R) Management Engine Components\DAL;C:\Program Files (x86)\Intel\Intel(R) Management Engine Components\IPT;C:\Program Files\Intel\Intel(R) Management Engine Components\IPT;C:\Program Files\Intel\WiFi\bin\;C:\Program Files\Common Files\Intel\WirelessCommon\;C:\WINDOWS\system32;C:\WINDOWS;C:\WIN
USERNAME=TOGAN
OS=Windows_NT
PROCESSOR_IDENTIFIER=Intel64 Family 6 Model 158 Stepping 9, GenuineIntel



---------------  S Y S T E M  ---------------

OS: Windows 10 , 64 bit Build 22523 (10.0.22523.1000)
OS uptime: 0 days 11:39 hours

CPU:total 8 (initial active 8) (4 cores per cpu, 2 threads per core) family 6 model 158 stepping 9 microcode 0xde, cmov, cx8, fxsr, mmx, sse, sse2, sse3, ssse3, sse4.1, sse4.2, popcnt, avx, avx2, aes, clmul, erms, 3dnowpref, lzcnt, ht, tsc, tscinvbit, bmi1, bmi2, adx, fma

Memory: 4k page, system-wide physical 16303M (1404M free)
TotalPageFile size 24303M (AvailPageFile size 7M)
current process WorkingSet (physical memory assigned to process): 576M, peak: 579M
current process commit charge ("private bytes"): 620M, peak: 624M

vm_info: OpenJDK 64-Bit Server VM (11.0.10+0-b96-7249189) for windows-amd64 JRE (11.0.10+0-b96-7249189), built on Mar 31 2021 21:44:00 by "builder" with MS VC++ 14.0 (VS2015)

END.
