#
# There is insufficient memory for the Java Runtime Environment to continue.
# Native memory allocation (malloc) failed to allocate 2163536 bytes for Chunk::new
# Possible reasons:
#   The system is out of physical RAM or swap space
#   The process is running with CompressedOops enabled, and the Java Heap may be blocking the growth of the native heap
# Possible solutions:
#   Reduce memory load on the system
#   Increase physical memory or swap space
#   Check if swap backing store is full
#   Decrease Java heap size (-Xmx/-Xms)
#   Decrease number of Java threads
#   Decrease Java thread stack sizes (-Xss)
#   Set larger code cache with -XX:ReservedCodeCacheSize=
#   JVM is running with Unscaled Compressed Oops mode in which the Java heap is
#     placed in the first 4GB address space. The Java Heap base address is the
#     maximum limit for the native heap growth. Please use -XX:HeapBaseMinAddress
#     to set the Java Heap base and to place the Java Heap above 4GB virtual address.
# This output file may be truncated or incomplete.
#
#  Out of Memory Error (./src/hotspot/share/memory/arena.cpp:197), pid=18656, tid=23072
#
# JRE version: OpenJDK Runtime Environment (11.0.10) (build 11.0.10+0-b96-7249189)
# Java VM: OpenJDK 64-Bit Server VM (11.0.10+0-b96-7249189, mixed mode, tiered, compressed oops, g1 gc, windows-amd64)
# No core dump will be written. Minidumps are not enabled by default on client versions of Windows
#

---------------  S U M M A R Y ------------

Command Line: --add-opens=java.base/java.util=ALL-UNNAMED --add-opens=java.base/java.lang=ALL-UNNAMED --add-opens=java.base/java.lang.invoke=ALL-UNNAMED --add-opens=java.base/java.util=ALL-UNNAMED --add-opens=java.prefs/java.util.prefs=ALL-UNNAMED --add-opens=java.prefs/java.util.prefs=ALL-UNNAMED --add-opens=java.base/java.nio.charset=ALL-UNNAMED --add-opens=java.base/java.net=ALL-UNNAMED --add-opens=java.base/java.util.concurrent.atomic=ALL-UNNAMED -Xmx2048m -Dfile.encoding=UTF-8 -Duser.country=US -Duser.language=en -Duser.variant org.gradle.launcher.daemon.bootstrap.GradleDaemon 7.0.2

Host: Intel(R) Core(TM) i7-7700HQ CPU @ 2.80GHz, 8 cores, 15G,  Windows 10 , 64 bit Build 22523 (10.0.22523.1000)
Time: Mon Jan 10 19:16:43 2022 SE Asia Standard Time elapsed time: 27.744639 seconds (0d 0h 0m 27s)

---------------  T H R E A D  ---------------

Current thread (0x000001642bf09000):  JavaThread "C2 CompilerThread0" daemon [_thread_in_native, id=23072, stack(0x0000002062500000,0x0000002062600000)]


Current CompileTask:
C2:  27744 14285 %     4       com.android.tools.r8.internal.U6::a @ 66 (6044 bytes)

Stack: [0x0000002062500000,0x0000002062600000]
Native frames: (J=compiled Java code, j=interpreted, Vv=VM code, C=native code)
V  [jvm.dll+0x5ecfaa]
V  [jvm.dll+0x722bd5]
V  [jvm.dll+0x72412d]
V  [jvm.dll+0x7247e3]
V  [jvm.dll+0x242928]
V  [jvm.dll+0xbc4fc]
V  [jvm.dll+0xbca0c]
V  [jvm.dll+0x352d7d]
V  [jvm.dll+0x320ad3]
V  [jvm.dll+0x31ffca]
V  [jvm.dll+0x1fb602]
V  [jvm.dll+0x1fa7f4]
V  [jvm.dll+0x18354c]
V  [jvm.dll+0x208ee7]
V  [jvm.dll+0x207731]
V  [jvm.dll+0x6eb1cf]
V  [jvm.dll+0x6e3d45]
V  [jvm.dll+0x5ebe96]
C  [ucrtbase.dll+0x293cc]
C  [KERNEL32.DLL+0x11350]
C  [ntdll.dll+0x51e78]


---------------  P R O C E S S  ---------------

Threads class SMR info:
_java_thread_list=0x000001643229c850, length=83, elements={
0x00000164111b0800, 0x000001642be98800, 0x000001642be9a000, 0x000001642befa000,
0x000001642befb800, 0x000001642befc800, 0x000001642bf09000, 0x000001642bf0d800,
0x000001642bf11800, 0x000001642c09d000, 0x000001642c09c000, 0x000001642c098000,
0x000001642c09e800, 0x000001642c09d800, 0x000001642c09a800, 0x000001642c099800,
0x000001642c099000, 0x000001642c09b800, 0x000001642e876000, 0x000001642e876800,
0x000001642e879000, 0x000001642e878800, 0x000001642e87a000, 0x000001642e877800,
0x000001642e874800, 0x000001642e87b000, 0x000001642e875000, 0x000001642e87f800,
0x000001642e880800, 0x000001642e87e000, 0x000001642e881800, 0x000001642e87f000,
0x000001642e882000, 0x000001642e87d800, 0x0000016431775000, 0x0000016431776000,
0x0000016431777000, 0x0000016431777800, 0x0000016431772000, 0x0000016431778800,
0x0000016431772800, 0x0000016431779800, 0x0000016431773800, 0x000001643177a000,
0x0000016431774800, 0x0000016431780800, 0x000001643177c800, 0x000001643177e000,
0x0000016431780000, 0x000001642e56e000, 0x000001643177f000, 0x0000016433715800,
0x000001643177d800, 0x000001643177b800, 0x0000016430014000, 0x0000016430012800,
0x0000016430015000, 0x0000016430013000, 0x000001643000f000, 0x0000016430015800,
0x0000016430011800, 0x0000016430010000, 0x0000016430016800, 0x000001643001b800,
0x000001643001a800, 0x0000016430018000, 0x0000016430019000, 0x000001643001a000,
0x000001643001c000, 0x000001643001d000, 0x000001643001e000, 0x0000016432a58800,
0x0000016432a5c800, 0x0000016432a59800, 0x0000016432a5b000, 0x0000016432a5c000,
0x0000016432a58000, 0x0000016432a5a800, 0x0000016432a57000, 0x0000016432a5f000,
0x0000016432a60000, 0x0000016432a63000, 0x0000016432a61000
}

Java Threads: ( => current thread )
  0x00000164111b0800 JavaThread "main" [_thread_blocked, id=6036, stack(0x0000002061900000,0x0000002061a00000)]
  0x000001642be98800 JavaThread "Reference Handler" daemon [_thread_blocked, id=16324, stack(0x0000002062000000,0x0000002062100000)]
  0x000001642be9a000 JavaThread "Finalizer" daemon [_thread_blocked, id=23904, stack(0x0000002062100000,0x0000002062200000)]
  0x000001642befa000 JavaThread "Signal Dispatcher" daemon [_thread_blocked, id=19392, stack(0x0000002062200000,0x0000002062300000)]
  0x000001642befb800 JavaThread "Attach Listener" daemon [_thread_blocked, id=9380, stack(0x0000002062300000,0x0000002062400000)]
  0x000001642befc800 JavaThread "Service Thread" daemon [_thread_blocked, id=23320, stack(0x0000002062400000,0x0000002062500000)]
=>0x000001642bf09000 JavaThread "C2 CompilerThread0" daemon [_thread_in_native, id=23072, stack(0x0000002062500000,0x0000002062600000)]
  0x000001642bf0d800 JavaThread "C1 CompilerThread0" daemon [_thread_blocked, id=12496, stack(0x0000002062600000,0x0000002062700000)]
  0x000001642bf11800 JavaThread "Sweeper thread" daemon [_thread_blocked, id=22964, stack(0x0000002062700000,0x0000002062800000)]
  0x000001642c09d000 JavaThread "Common-Cleaner" daemon [_thread_blocked, id=24148, stack(0x0000002062800000,0x0000002062900000)]
  0x000001642c09c000 JavaThread "Daemon health stats" [_thread_blocked, id=23820, stack(0x0000002063000000,0x0000002063100000)]
  0x000001642c098000 JavaThread "Incoming local TCP Connector on port 50449" [_thread_in_native, id=22704, stack(0x0000002062a00000,0x0000002062b00000)]
  0x000001642c09e800 JavaThread "Daemon periodic checks" [_thread_blocked, id=15136, stack(0x0000002063100000,0x0000002063200000)]
  0x000001642c09d800 JavaThread "Daemon" [_thread_blocked, id=14568, stack(0x0000002063200000,0x0000002063300000)]
  0x000001642c09a800 JavaThread "Handler for socket connection from /127.0.0.1:50449 to /127.0.0.1:50450" [_thread_in_native, id=21696, stack(0x0000002063300000,0x0000002063400000)]
  0x000001642c099800 JavaThread "Cancel handler" [_thread_blocked, id=24088, stack(0x0000002063400000,0x0000002063500000)]
  0x000001642c099000 JavaThread "Daemon worker" [_thread_blocked, id=11668, stack(0x0000002063500000,0x0000002063600000)]
  0x000001642c09b800 JavaThread "Asynchronous log dispatcher for DefaultDaemonConnection: socket connection from /127.0.0.1:50449 to /127.0.0.1:50450" [_thread_blocked, id=1156, stack(0x0000002063600000,0x0000002063700000)]
  0x000001642e876000 JavaThread "Stdin handler" [_thread_blocked, id=14120, stack(0x0000002063700000,0x0000002063800000)]
  0x000001642e876800 JavaThread "Daemon client event forwarder" [_thread_blocked, id=6544, stack(0x0000002063800000,0x0000002063900000)]
  0x000001642e879000 JavaThread "Cache worker for file hash cache (C:\Users\TOGAN\.gradle\caches\7.0.2\fileHashes)" [_thread_blocked, id=20016, stack(0x0000002063900000,0x0000002063a00000)]
  0x000001642e878800 JavaThread "File lock request listener" [_thread_in_native, id=12728, stack(0x0000002063a00000,0x0000002063b00000)]
  0x000001642e87a000 JavaThread "Cache worker for journal cache (C:\Users\TOGAN\.gradle\caches\journal-1)" [_thread_blocked, id=17852, stack(0x0000002063e00000,0x0000002063f00000)]
  0x000001642e877800 JavaThread "Cache worker for file hash cache (C:\Users\TOGAN\AndroidStudioProjects\KotlinRetrofit\.gradle\7.0.2\fileHashes)" [_thread_blocked, id=23652, stack(0x0000002064000000,0x0000002064100000)]
  0x000001642e874800 JavaThread "File watcher server" daemon [_thread_in_native, id=1012, stack(0x0000002064100000,0x0000002064200000)]
  0x000001642e87b000 JavaThread "File watcher consumer" daemon [_thread_blocked, id=22896, stack(0x0000002064200000,0x0000002064300000)]
  0x000001642e875000 JavaThread "Cache worker for checksums cache (C:\Users\TOGAN\AndroidStudioProjects\KotlinRetrofit\.gradle\checksums)" [_thread_blocked, id=11040, stack(0x0000002064300000,0x0000002064400000)]
  0x000001642e87f800 JavaThread "Cache worker for cache directory md-supplier (C:\Users\TOGAN\.gradle\caches\7.0.2\md-supplier)" [_thread_blocked, id=6464, stack(0x0000002064400000,0x0000002064500000)]
  0x000001642e880800 JavaThread "Cache worker for cache directory md-rule (C:\Users\TOGAN\.gradle\caches\7.0.2\md-rule)" [_thread_blocked, id=11788, stack(0x0000002064500000,0x0000002064600000)]
  0x000001642e87e000 JavaThread "Cache worker for execution history cache (C:\Users\TOGAN\.gradle\caches\7.0.2\executionHistory)" [_thread_blocked, id=10632, stack(0x0000002064600000,0x0000002064700000)]
  0x000001642e881800 JavaThread "jar transforms" [_thread_blocked, id=20616, stack(0x0000002064800000,0x0000002064900000)]
  0x000001642e87f000 JavaThread "jar transforms Thread 2" [_thread_blocked, id=23592, stack(0x0000002064900000,0x0000002064a00000)]
  0x000001642e882000 JavaThread "Cache worker for file content cache (C:\Users\TOGAN\.gradle\caches\7.0.2\fileContent)" [_thread_blocked, id=17436, stack(0x0000002064a00000,0x0000002064b00000)]
  0x000001642e87d800 JavaThread "Cache worker for dependencies-accessors (C:\Users\TOGAN\AndroidStudioProjects\KotlinRetrofit\.gradle\7.0.2\dependencies-accessors)" [_thread_blocked, id=3004, stack(0x0000002064b00000,0x0000002064c00000)]
  0x0000016431775000 JavaThread "jar transforms Thread 3" [_thread_blocked, id=21112, stack(0x0000002064c00000,0x0000002064d00000)]
  0x0000016431776000 JavaThread "Cache worker for Build Output Cleanup Cache (C:\Users\TOGAN\AndroidStudioProjects\KotlinRetrofit\.gradle\buildOutputCleanup)" [_thread_blocked, id=23832, stack(0x0000002064d00000,0x0000002064e00000)]
  0x0000016431777000 JavaThread "Build operations" [_thread_blocked, id=21176, stack(0x0000002064e00000,0x0000002064f00000)]
  0x0000016431777800 JavaThread "Build operations Thread 2" [_thread_blocked, id=1556, stack(0x0000002064f00000,0x0000002065000000)]
  0x0000016431772000 JavaThread "Build operations Thread 3" [_thread_blocked, id=2388, stack(0x0000002065000000,0x0000002065100000)]
  0x0000016431778800 JavaThread "Build operations Thread 4" [_thread_blocked, id=23748, stack(0x0000002065100000,0x0000002065200000)]
  0x0000016431772800 JavaThread "Build operations Thread 5" [_thread_blocked, id=15928, stack(0x0000002065200000,0x0000002065300000)]
  0x0000016431779800 JavaThread "Build operations Thread 6" [_thread_blocked, id=20812, stack(0x0000002065300000,0x0000002065400000)]
  0x0000016431773800 JavaThread "Build operations Thread 7" [_thread_blocked, id=24028, stack(0x0000002065400000,0x0000002065500000)]
  0x000001643177a000 JavaThread "Build operations Thread 8" [_thread_blocked, id=8528, stack(0x0000002065500000,0x0000002065600000)]
  0x0000016431774800 JavaThread "jar transforms Thread 4" [_thread_blocked, id=11704, stack(0x0000002065600000,0x0000002065700000)]
  0x0000016431780800 JavaThread "jar transforms Thread 5" [_thread_blocked, id=22684, stack(0x0000002065700000,0x0000002065800000)]
  0x000001643177c800 JavaThread "jar transforms Thread 6" [_thread_blocked, id=21572, stack(0x0000002065800000,0x0000002065900000)]
  0x000001643177e000 JavaThread "jar transforms Thread 7" [_thread_blocked, id=20980, stack(0x0000002065900000,0x0000002065a00000)]
  0x0000016431780000 JavaThread "jar transforms Thread 8" [_thread_blocked, id=6628, stack(0x0000002065a00000,0x0000002065b00000)]
  0x000001642e56e000 JavaThread "C2 CompilerThread1" daemon [_thread_in_native, id=6324, stack(0x0000002063f00000,0x0000002064000000)]
  0x000001643177f000 JavaThread "Memory manager" [_thread_blocked, id=14696, stack(0x0000002065d00000,0x0000002065e00000)]
  0x0000016433715800 JavaThread "C2 CompilerThread2" daemon [_thread_in_native, id=23528, stack(0x0000002064700000,0x0000002064800000)]
  0x000001643177d800 JavaThread "build event listener" [_thread_blocked, id=7888, stack(0x0000002065e00000,0x0000002065f00000)]
  0x000001643177b800 JavaThread "pool-3-thread-1" [_thread_blocked, id=12416, stack(0x0000002065f00000,0x0000002066000000)]
  0x0000016430014000 JavaThread "build event listener" [_thread_blocked, id=22724, stack(0x0000002066000000,0x0000002066100000)]
  0x0000016430012800 JavaThread "Execution worker for ':'" [_thread_blocked, id=21560, stack(0x0000002066100000,0x0000002066200000)]
  0x0000016430015000 JavaThread "Execution worker for ':' Thread 2" [_thread_blocked, id=23744, stack(0x0000002066200000,0x0000002066300000)]
  0x0000016430013000 JavaThread "Execution worker for ':' Thread 3" [_thread_blocked, id=23732, stack(0x0000002066300000,0x0000002066400000)]
  0x000001643000f000 JavaThread "Execution worker for ':' Thread 4" [_thread_blocked, id=17784, stack(0x0000002066400000,0x0000002066500000)]
  0x0000016430015800 JavaThread "Execution worker for ':' Thread 5" [_thread_blocked, id=20012, stack(0x0000002066500000,0x0000002066600000)]
  0x0000016430011800 JavaThread "Execution worker for ':' Thread 6" [_thread_blocked, id=1004, stack(0x0000002066600000,0x0000002066700000)]
  0x0000016430010000 JavaThread "Execution worker for ':' Thread 7" [_thread_blocked, id=23556, stack(0x0000002066700000,0x0000002066800000)]
  0x0000016430016800 JavaThread "Cache worker for execution history cache (C:\Users\TOGAN\AndroidStudioProjects\KotlinRetrofit\.gradle\7.0.2\executionHistory)" [_thread_blocked, id=21836, stack(0x0000002066800000,0x0000002066900000)]
  0x000001643001b800 JavaThread "WorkerExecutor Queue" [_thread_blocked, id=1408, stack(0x0000002066900000,0x0000002066a00000)]
  0x000001643001a800 JavaThread "WorkerExecutor Queue Thread 2" [_thread_blocked, id=23896, stack(0x0000002066a00000,0x0000002066b00000)]
  0x0000016430018000 JavaThread "WorkerExecutor Queue Thread 3" [_thread_blocked, id=24020, stack(0x0000002066b00000,0x0000002066c00000)]
  0x0000016430019000 JavaThread "WorkerExecutor Queue Thread 4" [_thread_blocked, id=5888, stack(0x0000002066c00000,0x0000002066d00000)]
  0x000001643001a000 JavaThread "WorkerExecutor Queue Thread 5" [_thread_blocked, id=15468, stack(0x0000002066d00000,0x0000002066e00000)]
  0x000001643001c000 JavaThread "WorkerExecutor Queue Thread 6" [_thread_blocked, id=19296, stack(0x0000002066e00000,0x0000002066f00000)]
  0x000001643001d000 JavaThread "WorkerExecutor Queue Thread 7" [_thread_blocked, id=3748, stack(0x0000002066f00000,0x0000002067000000)]
  0x000001643001e000 JavaThread "WorkerExecutor Queue Thread 9" [_thread_blocked, id=9652, stack(0x0000002067100000,0x0000002067200000)]
  0x0000016432a58800 JavaThread "pool-4-thread-1" [_thread_blocked, id=5948, stack(0x0000002067200000,0x0000002067300000)]
  0x0000016432a5c800 JavaThread "stderr" [_thread_in_native, id=21756, stack(0x0000002067300000,0x0000002067400000)]
  0x0000016432a59800 JavaThread "stdout" [_thread_in_native, id=13012, stack(0x0000002067400000,0x0000002067500000)]
  0x0000016432a5b000 JavaThread "ForkJoinPool-1-worker-3" daemon [_thread_blocked, id=21028, stack(0x0000002067500000,0x0000002067600000)]
  0x0000016432a5c000 JavaThread "ForkJoinPool-1-worker-5" daemon [_thread_blocked, id=23356, stack(0x0000002067600000,0x0000002067700000)]
  0x0000016432a58000 JavaThread "ForkJoinPool-1-worker-7" daemon [_thread_blocked, id=3564, stack(0x0000002067700000,0x0000002067800000)]
  0x0000016432a5a800 JavaThread "ForkJoinPool-1-worker-9" daemon [_thread_blocked, id=9552, stack(0x0000002067800000,0x0000002067900000)]
  0x0000016432a57000 JavaThread "ForkJoinPool-1-worker-11" daemon [_thread_blocked, id=2456, stack(0x0000002067900000,0x0000002067a00000)]
  0x0000016432a5f000 JavaThread "ForkJoinPool-1-worker-13" daemon [_thread_blocked, id=19428, stack(0x0000002067a00000,0x0000002067b00000)]
  0x0000016432a60000 JavaThread "ForkJoinPool-1-worker-15" daemon [_thread_in_Java, id=24536, stack(0x0000002067b00000,0x0000002067c00000)]
  0x0000016432a63000 JavaThread "ForkJoinPool-1-worker-1" daemon [_thread_blocked, id=14200, stack(0x0000002067c00000,0x0000002067d00000)]
  0x0000016432a61000 JavaThread "WorkerExecutor Queue Thread 10" [_thread_blocked, id=4216, stack(0x0000002068000000,0x0000002068100000)]

Other Threads:
  0x000001642be90800 VMThread "VM Thread" [stack: 0x0000002061f00000,0x0000002062000000] [id=6076]
  0x000001642c0be800 WatcherThread [stack: 0x0000002062900000,0x0000002062a00000] [id=9316]
  0x00000164111c8800 GCTaskThread "GC Thread#0" [stack: 0x0000002061a00000,0x0000002061b00000] [id=2220]
  0x000001642cb0b800 GCTaskThread "GC Thread#1" [stack: 0x0000002062b00000,0x0000002062c00000] [id=2556]
  0x000001642ce3a800 GCTaskThread "GC Thread#2" [stack: 0x0000002062c00000,0x0000002062d00000] [id=20896]
  0x000001642ce3b000 GCTaskThread "GC Thread#3" [stack: 0x0000002062d00000,0x0000002062e00000] [id=17964]
  0x000001642ca3a000 GCTaskThread "GC Thread#4" [stack: 0x0000002062e00000,0x0000002062f00000] [id=23932]
  0x000001642ca3b000 GCTaskThread "GC Thread#5" [stack: 0x0000002062f00000,0x0000002063000000] [id=7692]
  0x000001642d538000 GCTaskThread "GC Thread#6" [stack: 0x0000002063b00000,0x0000002063c00000] [id=10328]
  0x000001642e534000 GCTaskThread "GC Thread#7" [stack: 0x0000002063c00000,0x0000002063d00000] [id=23080]
  0x00000164111fc000 ConcurrentGCThread "G1 Main Marker" [stack: 0x0000002061b00000,0x0000002061c00000] [id=10904]
  0x00000164111fd800 ConcurrentGCThread "G1 Conc#0" [stack: 0x0000002061c00000,0x0000002061d00000] [id=4132]
  0x000001642c7f5800 ConcurrentGCThread "G1 Conc#1" [stack: 0x0000002063d00000,0x0000002063e00000] [id=21552]
  0x000001641127e800 ConcurrentGCThread "G1 Refine#0" [stack: 0x0000002061d00000,0x0000002061e00000] [id=23696]
  0x000001642f825800 ConcurrentGCThread "G1 Refine#1" [stack: 0x0000002065b00000,0x0000002065c00000] [id=21160]
  0x000001643372a800 ConcurrentGCThread "G1 Refine#2" [stack: 0x0000002065c00000,0x0000002065d00000] [id=19892]
  0x00000164369df800 ConcurrentGCThread "G1 Refine#3" [stack: 0x0000002067d00000,0x0000002067e00000] [id=4204]
  0x00000164337f1000 ConcurrentGCThread "G1 Refine#4" [stack: 0x0000002067e00000,0x0000002067f00000] [id=22736]
  0x0000016434ff4000 ConcurrentGCThread "G1 Refine#5" [stack: 0x0000002067f00000,0x0000002068000000] [id=12304]
  0x0000016436b86000 ConcurrentGCThread "G1 Refine#6" [stack: 0x0000002067000000,0x0000002067100000] [id=21400]
  0x000001642b4e5800 ConcurrentGCThread "G1 Young RemSet Sampling" [stack: 0x0000002061e00000,0x0000002061f00000] [id=17176]

Threads with active compile tasks:
C2 CompilerThread0  27780 14285 %     4       com.android.tools.r8.internal.U6::a @ 66 (6044 bytes)
C2 CompilerThread1  27780 14313       4       com.android.tools.r8.internal.ek::a (203 bytes)
C2 CompilerThread2  27780 14222 %     4       com.android.tools.r8.internal.ek::a @ 856 (3950 bytes)

VM state:not at safepoint (normal execution)

VM Mutex/Monitor currently owned by a thread: None

Heap address: 0x0000000080000000, size: 2048 MB, Compressed Oops mode: 32-bit
Narrow klass base: 0x0000000000000000, Narrow klass shift: 3
Compressed class space size: 1073741824 Address: 0x0000000100000000

Heap:
 garbage-first heap   total 350208K, used 241809K [0x0000000080000000, 0x0000000100000000)
  region size 1024K, 30 young (30720K), 5 survivors (5120K)
 Metaspace       used 105753K, capacity 108378K, committed 108492K, reserved 1142784K
  class space    used 13728K, capacity 14741K, committed 14796K, reserved 1048576K
Heap Regions: E=young(eden), S=young(survivor), O=old, HS=humongous(starts), HC=humongous(continues), CS=collection set, F=free, A=archive, TAMS=top-at-mark-start (previous, next)
|   0|0x0000000080000000, 0x0000000080100000, 0x0000000080100000|100%| O|  |TAMS 0x0000000080100000, 0x0000000080000000| Untracked 
|   1|0x0000000080100000, 0x0000000080200000, 0x0000000080200000|100%| O|  |TAMS 0x0000000080200000, 0x0000000080100000| Untracked 
|   2|0x0000000080200000, 0x0000000080300000, 0x0000000080300000|100%| O|  |TAMS 0x0000000080300000, 0x0000000080200000| Untracked 
|   3|0x0000000080300000, 0x0000000080400000, 0x0000000080400000|100%|HS|  |TAMS 0x0000000080400000, 0x0000000080300000| Complete 
|   4|0x0000000080400000, 0x0000000080500000, 0x0000000080500000|100%|HC|  |TAMS 0x0000000080500000, 0x0000000080400000| Complete 
|   5|0x0000000080500000, 0x0000000080600000, 0x0000000080600000|100%|HC|  |TAMS 0x0000000080600000, 0x0000000080500000| Complete 
|   6|0x0000000080600000, 0x0000000080700000, 0x0000000080700000|100%| O|  |TAMS 0x0000000080700000, 0x0000000080600000| Untracked 
|   7|0x0000000080700000, 0x0000000080800000, 0x0000000080800000|100%| O|  |TAMS 0x0000000080800000, 0x0000000080700000| Untracked 
|   8|0x0000000080800000, 0x0000000080900000, 0x0000000080900000|100%| O|  |TAMS 0x0000000080900000, 0x0000000080800000| Untracked 
|   9|0x0000000080900000, 0x0000000080a00000, 0x0000000080a00000|100%| O|  |TAMS 0x0000000080a00000, 0x0000000080900000| Untracked 
|  10|0x0000000080a00000, 0x0000000080b00000, 0x0000000080b00000|100%| O|  |TAMS 0x0000000080b00000, 0x0000000080a00000| Untracked 
|  11|0x0000000080b00000, 0x0000000080c00000, 0x0000000080c00000|100%| O|  |TAMS 0x0000000080c00000, 0x0000000080b00000| Untracked 
|  12|0x0000000080c00000, 0x0000000080d00000, 0x0000000080d00000|100%| O|  |TAMS 0x0000000080d00000, 0x0000000080c00000| Untracked 
|  13|0x0000000080d00000, 0x0000000080e00000, 0x0000000080e00000|100%| O|  |TAMS 0x0000000080e00000, 0x0000000080d00000| Untracked 
|  14|0x0000000080e00000, 0x0000000080f00000, 0x0000000080f00000|100%| O|  |TAMS 0x0000000080f00000, 0x0000000080e00000| Untracked 
|  15|0x0000000080f00000, 0x0000000081000000, 0x0000000081000000|100%| O|  |TAMS 0x0000000081000000, 0x0000000080f00000| Untracked 
|  16|0x0000000081000000, 0x0000000081100000, 0x0000000081100000|100%| O|  |TAMS 0x0000000081100000, 0x0000000081000000| Untracked 
|  17|0x0000000081100000, 0x0000000081200000, 0x0000000081200000|100%|HS|  |TAMS 0x0000000081200000, 0x0000000081100000| Complete 
|  18|0x0000000081200000, 0x0000000081300000, 0x0000000081300000|100%|HS|  |TAMS 0x0000000081300000, 0x0000000081200000| Complete 
|  19|0x0000000081300000, 0x0000000081400000, 0x0000000081400000|100%|HS|  |TAMS 0x0000000081400000, 0x0000000081300000| Complete 
|  20|0x0000000081400000, 0x0000000081500000, 0x0000000081500000|100%|HS|  |TAMS 0x0000000081500000, 0x0000000081400000| Complete 
|  21|0x0000000081500000, 0x0000000081600000, 0x0000000081600000|100%|HC|  |TAMS 0x0000000081600000, 0x0000000081500000| Complete 
|  22|0x0000000081600000, 0x0000000081700000, 0x0000000081700000|100%|HC|  |TAMS 0x0000000081700000, 0x0000000081600000| Complete 
|  23|0x0000000081700000, 0x0000000081800000, 0x0000000081800000|100%|HS|  |TAMS 0x0000000081800000, 0x0000000081700000| Complete 
|  24|0x0000000081800000, 0x0000000081900000, 0x0000000081900000|100%|HC|  |TAMS 0x0000000081900000, 0x0000000081800000| Complete 
|  25|0x0000000081900000, 0x0000000081a00000, 0x0000000081a00000|100%| O|  |TAMS 0x0000000081a00000, 0x0000000081900000| Untracked 
|  26|0x0000000081a00000, 0x0000000081b00000, 0x0000000081b00000|100%| O|  |TAMS 0x0000000081b00000, 0x0000000081a00000| Untracked 
|  27|0x0000000081b00000, 0x0000000081c00000, 0x0000000081c00000|100%| O|  |TAMS 0x0000000081c00000, 0x0000000081b00000| Untracked 
|  28|0x0000000081c00000, 0x0000000081d00000, 0x0000000081d00000|100%| O|  |TAMS 0x0000000081d00000, 0x0000000081c00000| Untracked 
|  29|0x0000000081d00000, 0x0000000081e00000, 0x0000000081e00000|100%| O|  |TAMS 0x0000000081e00000, 0x0000000081d00000| Untracked 
|  30|0x0000000081e00000, 0x0000000081f00000, 0x0000000081f00000|100%| O|  |TAMS 0x0000000081f00000, 0x0000000081e00000| Untracked 
|  31|0x0000000081f00000, 0x0000000082000000, 0x0000000082000000|100%| O|  |TAMS 0x0000000082000000, 0x0000000081f00000| Untracked 
|  32|0x0000000082000000, 0x0000000082100000, 0x0000000082100000|100%| O|  |TAMS 0x0000000082100000, 0x0000000082000000| Untracked 
|  33|0x0000000082100000, 0x0000000082200000, 0x0000000082200000|100%| O|  |TAMS 0x0000000082200000, 0x0000000082100000| Untracked 
|  34|0x0000000082200000, 0x0000000082300000, 0x0000000082300000|100%| O|  |TAMS 0x0000000082300000, 0x0000000082200000| Untracked 
|  35|0x0000000082300000, 0x0000000082400000, 0x0000000082400000|100%| O|  |TAMS 0x0000000082400000, 0x0000000082300000| Untracked 
|  36|0x0000000082400000, 0x0000000082500000, 0x0000000082500000|100%| O|  |TAMS 0x0000000082500000, 0x0000000082400000| Untracked 
|  37|0x0000000082500000, 0x0000000082600000, 0x0000000082600000|100%| O|  |TAMS 0x0000000082600000, 0x0000000082500000| Untracked 
|  38|0x0000000082600000, 0x0000000082700000, 0x0000000082700000|100%| O|  |TAMS 0x0000000082700000, 0x0000000082600000| Untracked 
|  39|0x0000000082700000, 0x0000000082800000, 0x0000000082800000|100%| O|  |TAMS 0x0000000082800000, 0x0000000082700000| Untracked 
|  40|0x0000000082800000, 0x0000000082900000, 0x0000000082900000|100%| O|  |TAMS 0x0000000082900000, 0x0000000082800000| Untracked 
|  41|0x0000000082900000, 0x0000000082a00000, 0x0000000082a00000|100%| O|  |TAMS 0x0000000082a00000, 0x0000000082900000| Untracked 
|  42|0x0000000082a00000, 0x0000000082b00000, 0x0000000082b00000|100%| O|  |TAMS 0x0000000082b00000, 0x0000000082a00000| Untracked 
|  43|0x0000000082b00000, 0x0000000082c00000, 0x0000000082c00000|100%| O|  |TAMS 0x0000000082c00000, 0x0000000082b00000| Untracked 
|  44|0x0000000082c00000, 0x0000000082d00000, 0x0000000082d00000|100%| O|  |TAMS 0x0000000082d00000, 0x0000000082c00000| Untracked 
|  45|0x0000000082d00000, 0x0000000082e00000, 0x0000000082e00000|100%| O|  |TAMS 0x0000000082e00000, 0x0000000082d00000| Untracked 
|  46|0x0000000082e00000, 0x0000000082f00000, 0x0000000082f00000|100%| O|  |TAMS 0x0000000082f00000, 0x0000000082e00000| Untracked 
|  47|0x0000000082f00000, 0x0000000083000000, 0x0000000083000000|100%| O|  |TAMS 0x0000000083000000, 0x0000000082f00000| Untracked 
|  48|0x0000000083000000, 0x0000000083100000, 0x0000000083100000|100%| O|  |TAMS 0x0000000083100000, 0x0000000083000000| Untracked 
|  49|0x0000000083100000, 0x0000000083200000, 0x0000000083200000|100%| O|  |TAMS 0x0000000083200000, 0x0000000083100000| Untracked 
|  50|0x0000000083200000, 0x0000000083300000, 0x0000000083300000|100%| O|  |TAMS 0x0000000083300000, 0x0000000083200000| Untracked 
|  51|0x0000000083300000, 0x0000000083400000, 0x0000000083400000|100%| O|  |TAMS 0x0000000083400000, 0x0000000083300000| Untracked 
|  52|0x0000000083400000, 0x0000000083500000, 0x0000000083500000|100%| O|  |TAMS 0x0000000083500000, 0x0000000083400000| Untracked 
|  53|0x0000000083500000, 0x0000000083600000, 0x0000000083600000|100%| O|  |TAMS 0x0000000083600000, 0x0000000083500000| Untracked 
|  54|0x0000000083600000, 0x0000000083700000, 0x0000000083700000|100%| O|  |TAMS 0x0000000083700000, 0x0000000083600000| Untracked 
|  55|0x0000000083700000, 0x0000000083800000, 0x0000000083800000|100%| O|  |TAMS 0x0000000083800000, 0x0000000083700000| Untracked 
|  56|0x0000000083800000, 0x0000000083900000, 0x0000000083900000|100%| O|  |TAMS 0x0000000083900000, 0x0000000083800000| Untracked 
|  57|0x0000000083900000, 0x0000000083a00000, 0x0000000083a00000|100%| O|  |TAMS 0x0000000083a00000, 0x0000000083900000| Untracked 
|  58|0x0000000083a00000, 0x0000000083b00000, 0x0000000083b00000|100%|HS|  |TAMS 0x0000000083b00000, 0x0000000083a00000| Complete 
|  59|0x0000000083b00000, 0x0000000083c00000, 0x0000000083c00000|100%| O|  |TAMS 0x0000000083c00000, 0x0000000083b00000| Untracked 
|  60|0x0000000083c00000, 0x0000000083d00000, 0x0000000083d00000|100%| O|  |TAMS 0x0000000083d00000, 0x0000000083c00000| Untracked 
|  61|0x0000000083d00000, 0x0000000083e00000, 0x0000000083e00000|100%| O|  |TAMS 0x0000000083e00000, 0x0000000083d00000| Untracked 
|  62|0x0000000083e00000, 0x0000000083f00000, 0x0000000083f00000|100%| O|  |TAMS 0x0000000083f00000, 0x0000000083e00000| Untracked 
|  63|0x0000000083f00000, 0x0000000084000000, 0x0000000084000000|100%| O|  |TAMS 0x0000000084000000, 0x0000000083f00000| Untracked 
|  64|0x0000000084000000, 0x0000000084100000, 0x0000000084100000|100%| O|  |TAMS 0x0000000084100000, 0x0000000084000000| Untracked 
|  65|0x0000000084100000, 0x0000000084200000, 0x0000000084200000|100%| O|  |TAMS 0x0000000084200000, 0x0000000084100000| Untracked 
|  66|0x0000000084200000, 0x0000000084300000, 0x0000000084300000|100%| O|  |TAMS 0x0000000084300000, 0x0000000084200000| Untracked 
|  67|0x0000000084300000, 0x0000000084400000, 0x0000000084400000|100%| O|  |TAMS 0x0000000084400000, 0x0000000084300000| Untracked 
|  68|0x0000000084400000, 0x0000000084500000, 0x0000000084500000|100%| O|  |TAMS 0x0000000084500000, 0x0000000084400000| Untracked 
|  69|0x0000000084500000, 0x0000000084600000, 0x0000000084600000|100%|HS|  |TAMS 0x0000000084600000, 0x0000000084500000| Complete 
|  70|0x0000000084600000, 0x0000000084700000, 0x0000000084700000|100%|HC|  |TAMS 0x0000000084700000, 0x0000000084600000| Complete 
|  71|0x0000000084700000, 0x0000000084800000, 0x0000000084800000|100%|HS|  |TAMS 0x0000000084800000, 0x0000000084700000| Complete 
|  72|0x0000000084800000, 0x0000000084900000, 0x0000000084900000|100%|HS|  |TAMS 0x0000000084900000, 0x0000000084800000| Complete 
|  73|0x0000000084900000, 0x0000000084a00000, 0x0000000084a00000|100%|HS|  |TAMS 0x0000000084a00000, 0x0000000084900000| Complete 
|  74|0x0000000084a00000, 0x0000000084b00000, 0x0000000084b00000|100%|HS|  |TAMS 0x0000000084b00000, 0x0000000084a00000| Complete 
|  75|0x0000000084b00000, 0x0000000084c00000, 0x0000000084c00000|100%|HS|  |TAMS 0x0000000084c00000, 0x0000000084b00000| Complete 
|  76|0x0000000084c00000, 0x0000000084d00000, 0x0000000084d00000|100%|HS|  |TAMS 0x0000000084d00000, 0x0000000084c00000| Complete 
|  77|0x0000000084d00000, 0x0000000084e00000, 0x0000000084e00000|100%|HS|  |TAMS 0x0000000084e00000, 0x0000000084d00000| Complete 
|  78|0x0000000084e00000, 0x0000000084f00000, 0x0000000084f00000|100%|HC|  |TAMS 0x0000000084f00000, 0x0000000084e00000| Complete 
|  79|0x0000000084f00000, 0x0000000085000000, 0x0000000085000000|100%|HC|  |TAMS 0x0000000085000000, 0x0000000084f00000| Complete 
|  80|0x0000000085000000, 0x0000000085100000, 0x0000000085100000|100%| O|  |TAMS 0x0000000085100000, 0x0000000085000000| Untracked 
|  81|0x0000000085100000, 0x0000000085200000, 0x0000000085200000|100%| O|  |TAMS 0x0000000085200000, 0x0000000085100000| Untracked 
|  82|0x0000000085200000, 0x0000000085300000, 0x0000000085300000|100%| O|  |TAMS 0x0000000085300000, 0x0000000085200000| Untracked 
|  83|0x0000000085300000, 0x0000000085400000, 0x0000000085400000|100%| O|  |TAMS 0x0000000085400000, 0x0000000085300000| Untracked 
|  84|0x0000000085400000, 0x0000000085500000, 0x0000000085500000|100%| O|  |TAMS 0x0000000085500000, 0x0000000085400000| Untracked 
|  85|0x0000000085500000, 0x0000000085600000, 0x0000000085600000|100%| O|  |TAMS 0x0000000085600000, 0x0000000085500000| Untracked 
|  86|0x0000000085600000, 0x0000000085700000, 0x0000000085700000|100%| O|  |TAMS 0x0000000085700000, 0x0000000085600000| Untracked 
|  87|0x0000000085700000, 0x0000000085800000, 0x0000000085800000|100%| O|  |TAMS 0x0000000085800000, 0x0000000085700000| Untracked 
|  88|0x0000000085800000, 0x0000000085900000, 0x0000000085900000|100%| O|  |TAMS 0x0000000085900000, 0x0000000085800000| Untracked 
|  89|0x0000000085900000, 0x0000000085a00000, 0x0000000085a00000|100%| O|  |TAMS 0x0000000085a00000, 0x0000000085900000| Untracked 
|  90|0x0000000085a00000, 0x0000000085b00000, 0x0000000085b00000|100%| O|  |TAMS 0x0000000085b00000, 0x0000000085a00000| Untracked 
|  91|0x0000000085b00000, 0x0000000085c00000, 0x0000000085c00000|100%| O|  |TAMS 0x0000000085c00000, 0x0000000085b00000| Untracked 
|  92|0x0000000085c00000, 0x0000000085d00000, 0x0000000085d00000|100%| O|  |TAMS 0x0000000085d00000, 0x0000000085c00000| Untracked 
|  93|0x0000000085d00000, 0x0000000085e00000, 0x0000000085e00000|100%| O|  |TAMS 0x0000000085e00000, 0x0000000085d00000| Untracked 
|  94|0x0000000085e00000, 0x0000000085f00000, 0x0000000085f00000|100%| O|  |TAMS 0x0000000085f00000, 0x0000000085e00000| Untracked 
|  95|0x0000000085f00000, 0x0000000086000000, 0x0000000086000000|100%| O|  |TAMS 0x0000000086000000, 0x0000000085f00000| Untracked 
|  96|0x0000000086000000, 0x0000000086100000, 0x0000000086100000|100%| O|  |TAMS 0x0000000086100000, 0x0000000086000000| Untracked 
|  97|0x0000000086100000, 0x0000000086200000, 0x0000000086200000|100%| O|  |TAMS 0x0000000086200000, 0x0000000086100000| Untracked 
|  98|0x0000000086200000, 0x0000000086300000, 0x0000000086300000|100%| O|  |TAMS 0x0000000086300000, 0x0000000086200000| Untracked 
|  99|0x0000000086300000, 0x0000000086400000, 0x0000000086400000|100%| O|  |TAMS 0x0000000086400000, 0x0000000086300000| Untracked 
| 100|0x0000000086400000, 0x0000000086500000, 0x0000000086500000|100%| O|  |TAMS 0x0000000086500000, 0x0000000086400000| Untracked 
| 101|0x0000000086500000, 0x0000000086600000, 0x0000000086600000|100%| O|  |TAMS 0x0000000086600000, 0x0000000086500000| Untracked 
| 102|0x0000000086600000, 0x0000000086700000, 0x0000000086700000|100%| O|  |TAMS 0x0000000086700000, 0x0000000086600000| Untracked 
| 103|0x0000000086700000, 0x0000000086800000, 0x0000000086800000|100%|HS|  |TAMS 0x0000000086800000, 0x0000000086700000| Complete 
| 104|0x0000000086800000, 0x0000000086900000, 0x0000000086900000|100%|HS|  |TAMS 0x0000000086900000, 0x0000000086800000| Complete 
| 105|0x0000000086900000, 0x0000000086a00000, 0x0000000086a00000|100%| O|  |TAMS 0x0000000086a00000, 0x0000000086900000| Untracked 
| 106|0x0000000086a00000, 0x0000000086b00000, 0x0000000086b00000|100%| O|  |TAMS 0x0000000086b00000, 0x0000000086a00000| Untracked 
| 107|0x0000000086b00000, 0x0000000086c00000, 0x0000000086c00000|100%| O|  |TAMS 0x0000000086c00000, 0x0000000086b00000| Untracked 
| 108|0x0000000086c00000, 0x0000000086d00000, 0x0000000086d00000|100%| O|  |TAMS 0x0000000086d00000, 0x0000000086c00000| Untracked 
| 109|0x0000000086d00000, 0x0000000086e00000, 0x0000000086e00000|100%| O|  |TAMS 0x0000000086e00000, 0x0000000086d00000| Untracked 
| 110|0x0000000086e00000, 0x0000000086f00000, 0x0000000086f00000|100%| O|  |TAMS 0x0000000086f00000, 0x0000000086e00000| Untracked 
| 111|0x0000000086f00000, 0x0000000087000000, 0x0000000087000000|100%| O|  |TAMS 0x0000000087000000, 0x0000000086f00000| Untracked 
| 112|0x0000000087000000, 0x0000000087100000, 0x0000000087100000|100%| O|  |TAMS 0x0000000087100000, 0x0000000087000000| Untracked 
| 113|0x0000000087100000, 0x0000000087200000, 0x0000000087200000|100%| O|  |TAMS 0x0000000087200000, 0x0000000087100000| Untracked 
| 114|0x0000000087200000, 0x0000000087300000, 0x0000000087300000|100%| O|  |TAMS 0x0000000087300000, 0x0000000087200000| Untracked 
| 115|0x0000000087300000, 0x0000000087400000, 0x0000000087400000|100%| O|  |TAMS 0x0000000087400000, 0x0000000087300000| Untracked 
| 116|0x0000000087400000, 0x0000000087500000, 0x0000000087500000|100%| O|  |TAMS 0x0000000087500000, 0x0000000087400000| Untracked 
| 117|0x0000000087500000, 0x0000000087600000, 0x0000000087600000|100%| O|  |TAMS 0x0000000087600000, 0x0000000087500000| Untracked 
| 118|0x0000000087600000, 0x0000000087700000, 0x0000000087700000|100%| O|  |TAMS 0x0000000087700000, 0x0000000087600000| Untracked 
| 119|0x0000000087700000, 0x0000000087800000, 0x0000000087800000|100%| O|  |TAMS 0x0000000087800000, 0x0000000087700000| Untracked 
| 120|0x0000000087800000, 0x0000000087900000, 0x0000000087900000|100%| O|  |TAMS 0x0000000087900000, 0x0000000087800000| Untracked 
| 121|0x0000000087900000, 0x0000000087a00000, 0x0000000087a00000|100%| O|  |TAMS 0x0000000087a00000, 0x0000000087900000| Untracked 
| 122|0x0000000087a00000, 0x0000000087b00000, 0x0000000087b00000|100%| O|  |TAMS 0x0000000087b00000, 0x0000000087a00000| Untracked 
| 123|0x0000000087b00000, 0x0000000087c00000, 0x0000000087c00000|100%| O|  |TAMS 0x0000000087c00000, 0x0000000087b00000| Untracked 
| 124|0x0000000087c00000, 0x0000000087d00000, 0x0000000087d00000|100%| O|  |TAMS 0x0000000087d00000, 0x0000000087c00000| Untracked 
| 125|0x0000000087d00000, 0x0000000087e00000, 0x0000000087e00000|100%| O|  |TAMS 0x0000000087e00000, 0x0000000087d00000| Untracked 
| 126|0x0000000087e00000, 0x0000000087f00000, 0x0000000087f00000|100%| O|  |TAMS 0x0000000087f00000, 0x0000000087e00000| Untracked 
| 127|0x0000000087f00000, 0x0000000088000000, 0x0000000088000000|100%| O|  |TAMS 0x0000000088000000, 0x0000000087f00000| Untracked 
| 128|0x0000000088000000, 0x0000000088100000, 0x0000000088100000|100%| O|  |TAMS 0x0000000088100000, 0x0000000088000000| Untracked 
| 129|0x0000000088100000, 0x0000000088200000, 0x0000000088200000|100%| O|  |TAMS 0x0000000088200000, 0x0000000088100000| Untracked 
| 130|0x0000000088200000, 0x0000000088300000, 0x0000000088300000|100%| O|  |TAMS 0x0000000088300000, 0x0000000088200000| Untracked 
| 131|0x0000000088300000, 0x0000000088400000, 0x0000000088400000|100%| O|  |TAMS 0x0000000088400000, 0x0000000088300000| Untracked 
| 132|0x0000000088400000, 0x0000000088500000, 0x0000000088500000|100%| O|  |TAMS 0x0000000088500000, 0x0000000088400000| Untracked 
| 133|0x0000000088500000, 0x0000000088600000, 0x0000000088600000|100%| O|  |TAMS 0x0000000088600000, 0x0000000088500000| Untracked 
| 134|0x0000000088600000, 0x0000000088700000, 0x0000000088700000|100%| O|  |TAMS 0x0000000088700000, 0x0000000088600000| Untracked 
| 135|0x0000000088700000, 0x0000000088800000, 0x0000000088800000|100%| O|  |TAMS 0x0000000088800000, 0x0000000088700000| Untracked 
| 136|0x0000000088800000, 0x0000000088900000, 0x0000000088900000|100%| O|  |TAMS 0x0000000088900000, 0x0000000088800000| Untracked 
| 137|0x0000000088900000, 0x0000000088a00000, 0x0000000088a00000|100%| O|  |TAMS 0x0000000088a00000, 0x0000000088900000| Untracked 
| 138|0x0000000088a00000, 0x0000000088b00000, 0x0000000088b00000|100%| O|  |TAMS 0x0000000088b00000, 0x0000000088a00000| Untracked 
| 139|0x0000000088b00000, 0x0000000088c00000, 0x0000000088c00000|100%|HS|  |TAMS 0x0000000088c00000, 0x0000000088b00000| Complete 
| 140|0x0000000088c00000, 0x0000000088d00000, 0x0000000088d00000|100%| O|  |TAMS 0x0000000088d00000, 0x0000000088c00000| Untracked 
| 141|0x0000000088d00000, 0x0000000088e00000, 0x0000000088e00000|100%| O|  |TAMS 0x0000000088e00000, 0x0000000088d00000| Untracked 
| 142|0x0000000088e00000, 0x0000000088f00000, 0x0000000088f00000|100%|HS|  |TAMS 0x0000000088f00000, 0x0000000088e00000| Complete 
| 143|0x0000000088f00000, 0x0000000089000000, 0x0000000089000000|100%|HC|  |TAMS 0x0000000089000000, 0x0000000088f00000| Complete 
| 144|0x0000000089000000, 0x0000000089100000, 0x0000000089100000|100%| O|  |TAMS 0x0000000089100000, 0x0000000089000000| Untracked 
| 145|0x0000000089100000, 0x0000000089200000, 0x0000000089200000|100%| O|  |TAMS 0x0000000089200000, 0x0000000089100000| Untracked 
| 146|0x0000000089200000, 0x0000000089300000, 0x0000000089300000|100%| O|  |TAMS 0x0000000089300000, 0x0000000089200000| Untracked 
| 147|0x0000000089300000, 0x0000000089400000, 0x0000000089400000|100%| O|  |TAMS 0x0000000089400000, 0x0000000089300000| Untracked 
| 148|0x0000000089400000, 0x0000000089500000, 0x0000000089500000|100%| O|  |TAMS 0x0000000089500000, 0x0000000089400000| Untracked 
| 149|0x0000000089500000, 0x0000000089600000, 0x0000000089600000|100%| O|  |TAMS 0x0000000089600000, 0x0000000089500000| Untracked 
| 150|0x0000000089600000, 0x0000000089700000, 0x0000000089700000|100%| O|  |TAMS 0x0000000089700000, 0x0000000089600000| Untracked 
| 151|0x0000000089700000, 0x0000000089800000, 0x0000000089800000|100%| O|  |TAMS 0x0000000089800000, 0x0000000089700000| Untracked 
| 152|0x0000000089800000, 0x0000000089900000, 0x0000000089900000|100%| O|  |TAMS 0x0000000089900000, 0x0000000089800000| Untracked 
| 153|0x0000000089900000, 0x0000000089a00000, 0x0000000089a00000|100%| O|  |TAMS 0x0000000089a00000, 0x0000000089900000| Untracked 
| 154|0x0000000089a00000, 0x0000000089b00000, 0x0000000089b00000|100%| O|  |TAMS 0x0000000089b00000, 0x0000000089a00000| Untracked 
| 155|0x0000000089b00000, 0x0000000089c00000, 0x0000000089c00000|100%| O|  |TAMS 0x0000000089c00000, 0x0000000089b00000| Untracked 
| 156|0x0000000089c00000, 0x0000000089d00000, 0x0000000089d00000|100%| O|  |TAMS 0x0000000089d00000, 0x0000000089c00000| Untracked 
| 157|0x0000000089d00000, 0x0000000089e00000, 0x0000000089e00000|100%| O|  |TAMS 0x0000000089e00000, 0x0000000089d00000| Untracked 
| 158|0x0000000089e00000, 0x0000000089f00000, 0x0000000089f00000|100%| O|  |TAMS 0x0000000089f00000, 0x0000000089e00000| Untracked 
| 159|0x0000000089f00000, 0x000000008a000000, 0x000000008a000000|100%| O|  |TAMS 0x000000008a000000, 0x0000000089f00000| Untracked 
| 160|0x000000008a000000, 0x000000008a100000, 0x000000008a100000|100%|HS|  |TAMS 0x000000008a100000, 0x000000008a000000| Complete 
| 161|0x000000008a100000, 0x000000008a200000, 0x000000008a200000|100%|HS|  |TAMS 0x000000008a200000, 0x000000008a100000| Complete 
| 162|0x000000008a200000, 0x000000008a300000, 0x000000008a300000|100%| O|  |TAMS 0x000000008a300000, 0x000000008a200000| Untracked 
| 163|0x000000008a300000, 0x000000008a400000, 0x000000008a400000|100%| O|  |TAMS 0x000000008a400000, 0x000000008a300000| Untracked 
| 164|0x000000008a400000, 0x000000008a500000, 0x000000008a500000|100%| O|  |TAMS 0x000000008a500000, 0x000000008a400000| Untracked 
| 165|0x000000008a500000, 0x000000008a600000, 0x000000008a600000|100%| O|  |TAMS 0x000000008a600000, 0x000000008a500000| Untracked 
| 166|0x000000008a600000, 0x000000008a700000, 0x000000008a700000|100%| O|  |TAMS 0x000000008a700000, 0x000000008a600000| Untracked 
| 167|0x000000008a700000, 0x000000008a800000, 0x000000008a800000|100%| O|  |TAMS 0x000000008a800000, 0x000000008a700000| Untracked 
| 168|0x000000008a800000, 0x000000008a900000, 0x000000008a900000|100%|HS|  |TAMS 0x000000008a900000, 0x000000008a800000| Complete 
| 169|0x000000008a900000, 0x000000008aa00000, 0x000000008aa00000|100%|HC|  |TAMS 0x000000008aa00000, 0x000000008a900000| Complete 
| 170|0x000000008aa00000, 0x000000008ab00000, 0x000000008ab00000|100%| O|  |TAMS 0x000000008ab00000, 0x000000008aa00000| Untracked 
| 171|0x000000008ab00000, 0x000000008ac00000, 0x000000008ac00000|100%|HS|  |TAMS 0x000000008ac00000, 0x000000008ab00000| Complete 
| 172|0x000000008ac00000, 0x000000008ad00000, 0x000000008ad00000|100%|HS|  |TAMS 0x000000008ad00000, 0x000000008ac00000| Complete 
| 173|0x000000008ad00000, 0x000000008ae00000, 0x000000008ae00000|100%|HC|  |TAMS 0x000000008ae00000, 0x000000008ad00000| Complete 
| 174|0x000000008ae00000, 0x000000008af00000, 0x000000008af00000|100%| O|  |TAMS 0x000000008af00000, 0x000000008ae00000| Untracked 
| 175|0x000000008af00000, 0x000000008b000000, 0x000000008b000000|100%| O|  |TAMS 0x000000008b000000, 0x000000008af00000| Untracked 
| 176|0x000000008b000000, 0x000000008b100000, 0x000000008b100000|100%| O|  |TAMS 0x000000008b100000, 0x000000008b000000| Untracked 
| 177|0x000000008b100000, 0x000000008b200000, 0x000000008b200000|100%|HS|  |TAMS 0x000000008b100000, 0x000000008b100000| Complete 
| 178|0x000000008b200000, 0x000000008b300000, 0x000000008b300000|100%|HS|  |TAMS 0x000000008b200000, 0x000000008b200000| Complete 
| 179|0x000000008b300000, 0x000000008b400000, 0x000000008b400000|100%|HC|  |TAMS 0x000000008b300000, 0x000000008b300000| Complete 
| 180|0x000000008b400000, 0x000000008b400000, 0x000000008b500000|  0%| F|  |TAMS 0x000000008b400000, 0x000000008b400000| Untracked 
| 181|0x000000008b500000, 0x000000008b600000, 0x000000008b600000|100%|HS|  |TAMS 0x000000008b600000, 0x000000008b500000| Complete 
| 182|0x000000008b600000, 0x000000008b700000, 0x000000008b700000|100%|HC|  |TAMS 0x000000008b700000, 0x000000008b600000| Complete 
| 183|0x000000008b700000, 0x000000008b800000, 0x000000008b800000|100%| O|  |TAMS 0x000000008b800000, 0x000000008b700000| Untracked 
| 184|0x000000008b800000, 0x000000008b824600, 0x000000008b900000| 14%| O|  |TAMS 0x000000008b824600, 0x000000008b800000| Untracked 
| 185|0x000000008b900000, 0x000000008b900000, 0x000000008ba00000|  0%| F|  |TAMS 0x000000008b900000, 0x000000008b900000| Untracked 
| 186|0x000000008ba00000, 0x000000008ba00000, 0x000000008bb00000|  0%| F|  |TAMS 0x000000008ba00000, 0x000000008ba00000| Untracked 
| 187|0x000000008bb00000, 0x000000008bb00000, 0x000000008bc00000|  0%| F|  |TAMS 0x000000008bb00000, 0x000000008bb00000| Untracked 
| 188|0x000000008bc00000, 0x000000008bc00000, 0x000000008bd00000|  0%| F|  |TAMS 0x000000008bc00000, 0x000000008bc00000| Untracked 
| 189|0x000000008bd00000, 0x000000008bd00000, 0x000000008be00000|  0%| F|  |TAMS 0x000000008bd00000, 0x000000008bd00000| Untracked 
| 190|0x000000008be00000, 0x000000008be00000, 0x000000008bf00000|  0%| F|  |TAMS 0x000000008be00000, 0x000000008be00000| Untracked 
| 191|0x000000008bf00000, 0x000000008bf00000, 0x000000008c000000|  0%| F|  |TAMS 0x000000008bf00000, 0x000000008bf00000| Untracked 
| 192|0x000000008c000000, 0x000000008c000000, 0x000000008c100000|  0%| F|  |TAMS 0x000000008c000000, 0x000000008c000000| Untracked 
| 193|0x000000008c100000, 0x000000008c100000, 0x000000008c200000|  0%| F|  |TAMS 0x000000008c100000, 0x000000008c100000| Untracked 
| 194|0x000000008c200000, 0x000000008c200000, 0x000000008c300000|  0%| F|  |TAMS 0x000000008c200000, 0x000000008c200000| Untracked 
| 195|0x000000008c300000, 0x000000008c300000, 0x000000008c400000|  0%| F|  |TAMS 0x000000008c300000, 0x000000008c300000| Untracked 
| 196|0x000000008c400000, 0x000000008c400000, 0x000000008c500000|  0%| F|  |TAMS 0x000000008c400000, 0x000000008c400000| Untracked 
| 197|0x000000008c500000, 0x000000008c500000, 0x000000008c600000|  0%| F|  |TAMS 0x000000008c500000, 0x000000008c500000| Untracked 
| 198|0x000000008c600000, 0x000000008c600000, 0x000000008c700000|  0%| F|  |TAMS 0x000000008c600000, 0x000000008c600000| Untracked 
| 199|0x000000008c700000, 0x000000008c700000, 0x000000008c800000|  0%| F|  |TAMS 0x000000008c700000, 0x000000008c700000| Untracked 
| 200|0x000000008c800000, 0x000000008c800000, 0x000000008c900000|  0%| F|  |TAMS 0x000000008c800000, 0x000000008c800000| Untracked 
| 201|0x000000008c900000, 0x000000008c900000, 0x000000008ca00000|  0%| F|  |TAMS 0x000000008c900000, 0x000000008c900000| Untracked 
| 202|0x000000008ca00000, 0x000000008ca00000, 0x000000008cb00000|  0%| F|  |TAMS 0x000000008ca00000, 0x000000008ca00000| Untracked 
| 203|0x000000008cb00000, 0x000000008cb00000, 0x000000008cc00000|  0%| F|  |TAMS 0x000000008cb00000, 0x000000008cb00000| Untracked 
| 204|0x000000008cc00000, 0x000000008cc00000, 0x000000008cd00000|  0%| F|  |TAMS 0x000000008cc00000, 0x000000008cc00000| Untracked 
| 205|0x000000008cd00000, 0x000000008cd00000, 0x000000008ce00000|  0%| F|  |TAMS 0x000000008cd00000, 0x000000008cd00000| Untracked 
| 206|0x000000008ce00000, 0x000000008ce00000, 0x000000008cf00000|  0%| F|  |TAMS 0x000000008ce00000, 0x000000008ce00000| Untracked 
| 207|0x000000008cf00000, 0x000000008cf00000, 0x000000008d000000|  0%| F|  |TAMS 0x000000008cf00000, 0x000000008cf00000| Untracked 
| 208|0x000000008d000000, 0x000000008d000000, 0x000000008d100000|  0%| F|  |TAMS 0x000000008d000000, 0x000000008d000000| Untracked 
| 209|0x000000008d100000, 0x000000008d100000, 0x000000008d200000|  0%| F|  |TAMS 0x000000008d100000, 0x000000008d100000| Untracked 
| 210|0x000000008d200000, 0x000000008d200000, 0x000000008d300000|  0%| F|  |TAMS 0x000000008d200000, 0x000000008d200000| Untracked 
| 211|0x000000008d300000, 0x000000008d300000, 0x000000008d400000|  0%| F|  |TAMS 0x000000008d300000, 0x000000008d300000| Untracked 
| 212|0x000000008d400000, 0x000000008d400000, 0x000000008d500000|  0%| F|  |TAMS 0x000000008d400000, 0x000000008d400000| Untracked 
| 213|0x000000008d500000, 0x000000008d500000, 0x000000008d600000|  0%| F|  |TAMS 0x000000008d500000, 0x000000008d500000| Untracked 
| 214|0x000000008d600000, 0x000000008d600000, 0x000000008d700000|  0%| F|  |TAMS 0x000000008d600000, 0x000000008d600000| Untracked 
| 215|0x000000008d700000, 0x000000008d700000, 0x000000008d800000|  0%| F|  |TAMS 0x000000008d700000, 0x000000008d700000| Untracked 
| 216|0x000000008d800000, 0x000000008d800000, 0x000000008d900000|  0%| F|  |TAMS 0x000000008d800000, 0x000000008d800000| Untracked 
| 217|0x000000008d900000, 0x000000008da00000, 0x000000008da00000|100%| S|CS|TAMS 0x000000008d900000, 0x000000008d900000| Complete 
| 218|0x000000008da00000, 0x000000008db00000, 0x000000008db00000|100%| S|CS|TAMS 0x000000008da00000, 0x000000008da00000| Complete 
| 219|0x000000008db00000, 0x000000008dc00000, 0x000000008dc00000|100%| S|CS|TAMS 0x000000008db00000, 0x000000008db00000| Complete 
| 220|0x000000008dc00000, 0x000000008dd00000, 0x000000008dd00000|100%| S|CS|TAMS 0x000000008dc00000, 0x000000008dc00000| Complete 
| 221|0x000000008dd00000, 0x000000008de00000, 0x000000008de00000|100%| S|CS|TAMS 0x000000008dd00000, 0x000000008dd00000| Complete 
| 222|0x000000008de00000, 0x000000008de00000, 0x000000008df00000|  0%| F|  |TAMS 0x000000008de00000, 0x000000008de00000| Untracked 
| 223|0x000000008df00000, 0x000000008df00000, 0x000000008e000000|  0%| F|  |TAMS 0x000000008df00000, 0x000000008df00000| Untracked 
| 224|0x000000008e000000, 0x000000008e000000, 0x000000008e100000|  0%| F|  |TAMS 0x000000008e000000, 0x000000008e000000| Untracked 
| 225|0x000000008e100000, 0x000000008e100000, 0x000000008e200000|  0%| F|  |TAMS 0x000000008e100000, 0x000000008e100000| Untracked 
| 226|0x000000008e200000, 0x000000008e200000, 0x000000008e300000|  0%| F|  |TAMS 0x000000008e200000, 0x000000008e200000| Untracked 
| 227|0x000000008e300000, 0x000000008e300000, 0x000000008e400000|  0%| F|  |TAMS 0x000000008e300000, 0x000000008e300000| Untracked 
| 228|0x000000008e400000, 0x000000008e400000, 0x000000008e500000|  0%| F|  |TAMS 0x000000008e400000, 0x000000008e400000| Untracked 
| 229|0x000000008e500000, 0x000000008e500000, 0x000000008e600000|  0%| F|  |TAMS 0x000000008e500000, 0x000000008e500000| Untracked 
| 230|0x000000008e600000, 0x000000008e600000, 0x000000008e700000|  0%| F|  |TAMS 0x000000008e600000, 0x000000008e600000| Untracked 
| 231|0x000000008e700000, 0x000000008e700000, 0x000000008e800000|  0%| F|  |TAMS 0x000000008e700000, 0x000000008e700000| Untracked 
| 232|0x000000008e800000, 0x000000008e800000, 0x000000008e900000|  0%| F|  |TAMS 0x000000008e800000, 0x000000008e800000| Untracked 
| 233|0x000000008e900000, 0x000000008e900000, 0x000000008ea00000|  0%| F|  |TAMS 0x000000008e900000, 0x000000008e900000| Untracked 
| 234|0x000000008ea00000, 0x000000008ea00000, 0x000000008eb00000|  0%| F|  |TAMS 0x000000008ea00000, 0x000000008ea00000| Untracked 
| 235|0x000000008eb00000, 0x000000008eb00000, 0x000000008ec00000|  0%| F|  |TAMS 0x000000008eb00000, 0x000000008eb00000| Untracked 
| 236|0x000000008ec00000, 0x000000008ec00000, 0x000000008ed00000|  0%| F|  |TAMS 0x000000008ec00000, 0x000000008ec00000| Untracked 
| 237|0x000000008ed00000, 0x000000008ed00000, 0x000000008ee00000|  0%| F|  |TAMS 0x000000008ed00000, 0x000000008ed00000| Untracked 
| 238|0x000000008ee00000, 0x000000008ee00000, 0x000000008ef00000|  0%| F|  |TAMS 0x000000008ee00000, 0x000000008ee00000| Untracked 
| 239|0x000000008ef00000, 0x000000008ef00000, 0x000000008f000000|  0%| F|  |TAMS 0x000000008ef00000, 0x000000008ef00000| Untracked 
| 240|0x000000008f000000, 0x000000008f000000, 0x000000008f100000|  0%| F|  |TAMS 0x000000008f000000, 0x000000008f000000| Untracked 
| 241|0x000000008f100000, 0x000000008f100000, 0x000000008f200000|  0%| F|  |TAMS 0x000000008f100000, 0x000000008f100000| Untracked 
| 242|0x000000008f200000, 0x000000008f200000, 0x000000008f300000|  0%| F|  |TAMS 0x000000008f200000, 0x000000008f200000| Untracked 
| 243|0x000000008f300000, 0x000000008f300000, 0x000000008f400000|  0%| F|  |TAMS 0x000000008f300000, 0x000000008f300000| Untracked 
| 244|0x000000008f400000, 0x000000008f400000, 0x000000008f500000|  0%| F|  |TAMS 0x000000008f400000, 0x000000008f400000| Untracked 
| 245|0x000000008f500000, 0x000000008f500000, 0x000000008f600000|  0%| F|  |TAMS 0x000000008f500000, 0x000000008f500000| Untracked 
| 246|0x000000008f600000, 0x000000008f600000, 0x000000008f700000|  0%| F|  |TAMS 0x000000008f600000, 0x000000008f600000| Untracked 
| 247|0x000000008f700000, 0x000000008f700000, 0x000000008f800000|  0%| F|  |TAMS 0x000000008f700000, 0x000000008f700000| Untracked 
| 248|0x000000008f800000, 0x000000008f800000, 0x000000008f900000|  0%| F|  |TAMS 0x000000008f800000, 0x000000008f800000| Untracked 
| 249|0x000000008f900000, 0x000000008f900000, 0x000000008fa00000|  0%| F|  |TAMS 0x000000008f900000, 0x000000008f900000| Untracked 
| 250|0x000000008fa00000, 0x000000008fa00000, 0x000000008fb00000|  0%| F|  |TAMS 0x000000008fa00000, 0x000000008fa00000| Untracked 
| 251|0x000000008fb00000, 0x000000008fb00000, 0x000000008fc00000|  0%| F|  |TAMS 0x000000008fb00000, 0x000000008fb00000| Untracked 
| 252|0x000000008fc00000, 0x000000008fc00000, 0x000000008fd00000|  0%| F|  |TAMS 0x000000008fc00000, 0x000000008fc00000| Untracked 
| 253|0x000000008fd00000, 0x000000008fd00000, 0x000000008fe00000|  0%| F|  |TAMS 0x000000008fd00000, 0x000000008fd00000| Untracked 
| 254|0x000000008fe00000, 0x000000008fe00000, 0x000000008ff00000|  0%| F|  |TAMS 0x000000008fe00000, 0x000000008fe00000| Untracked 
| 255|0x000000008ff00000, 0x000000008ff00000, 0x0000000090000000|  0%| F|  |TAMS 0x000000008ff00000, 0x000000008ff00000| Untracked 
| 256|0x0000000090000000, 0x0000000090100000, 0x0000000090100000|100%| O|  |TAMS 0x0000000090100000, 0x0000000090000000| Untracked 
| 257|0x0000000090100000, 0x0000000090200000, 0x0000000090200000|100%| O|  |TAMS 0x0000000090200000, 0x0000000090100000| Untracked 
| 258|0x0000000090200000, 0x0000000090300000, 0x0000000090300000|100%| O|  |TAMS 0x0000000090300000, 0x0000000090200000| Untracked 
| 259|0x0000000090300000, 0x0000000090400000, 0x0000000090400000|100%| O|  |TAMS 0x0000000090400000, 0x0000000090300000| Untracked 
| 260|0x0000000090400000, 0x0000000090500000, 0x0000000090500000|100%| O|  |TAMS 0x0000000090500000, 0x0000000090400000| Untracked 
| 261|0x0000000090500000, 0x0000000090600000, 0x0000000090600000|100%| O|  |TAMS 0x0000000090600000, 0x0000000090500000| Untracked 
| 262|0x0000000090600000, 0x0000000090700000, 0x0000000090700000|100%| O|  |TAMS 0x0000000090700000, 0x0000000090600000| Untracked 
| 263|0x0000000090700000, 0x0000000090800000, 0x0000000090800000|100%| O|  |TAMS 0x0000000090800000, 0x0000000090700000| Untracked 
| 264|0x0000000090800000, 0x0000000090900000, 0x0000000090900000|100%| O|  |TAMS 0x0000000090900000, 0x0000000090800000| Untracked 
| 265|0x0000000090900000, 0x0000000090a00000, 0x0000000090a00000|100%| O|  |TAMS 0x0000000090a00000, 0x0000000090900000| Untracked 
| 266|0x0000000090a00000, 0x0000000090b00000, 0x0000000090b00000|100%| O|  |TAMS 0x0000000090b00000, 0x0000000090a00000| Untracked 
| 267|0x0000000090b00000, 0x0000000090c00000, 0x0000000090c00000|100%| O|  |TAMS 0x0000000090c00000, 0x0000000090b00000| Untracked 
| 268|0x0000000090c00000, 0x0000000090d00000, 0x0000000090d00000|100%| O|  |TAMS 0x0000000090d00000, 0x0000000090c00000| Untracked 
| 269|0x0000000090d00000, 0x0000000090e00000, 0x0000000090e00000|100%| O|  |TAMS 0x0000000090e00000, 0x0000000090d00000| Untracked 
| 270|0x0000000090e00000, 0x0000000090f00000, 0x0000000090f00000|100%| O|  |TAMS 0x0000000090f00000, 0x0000000090e00000| Untracked 
| 271|0x0000000090f00000, 0x0000000091000000, 0x0000000091000000|100%| O|  |TAMS 0x0000000091000000, 0x0000000090f00000| Untracked 
| 272|0x0000000091000000, 0x0000000091100000, 0x0000000091100000|100%| O|  |TAMS 0x0000000091100000, 0x0000000091000000| Untracked 
| 273|0x0000000091100000, 0x0000000091100000, 0x0000000091200000|  0%| F|  |TAMS 0x0000000091100000, 0x0000000091100000| Untracked 
| 274|0x0000000091200000, 0x0000000091300000, 0x0000000091300000|100%| O|  |TAMS 0x0000000091300000, 0x0000000091200000| Untracked 
| 275|0x0000000091300000, 0x0000000091400000, 0x0000000091400000|100%| O|  |TAMS 0x0000000091400000, 0x0000000091300000| Untracked 
| 276|0x0000000091400000, 0x0000000091400000, 0x0000000091500000|  0%| F|  |TAMS 0x0000000091400000, 0x0000000091400000| Untracked 
| 277|0x0000000091500000, 0x0000000091600000, 0x0000000091600000|100%| O|  |TAMS 0x0000000091600000, 0x0000000091500000| Untracked 
| 278|0x0000000091600000, 0x0000000091600000, 0x0000000091700000|  0%| F|  |TAMS 0x0000000091600000, 0x0000000091600000| Untracked 
| 279|0x0000000091700000, 0x0000000091800000, 0x0000000091800000|100%| O|  |TAMS 0x0000000091800000, 0x0000000091700000| Untracked 
| 280|0x0000000091800000, 0x0000000091900000, 0x0000000091900000|100%| O|  |TAMS 0x0000000091900000, 0x0000000091800000| Untracked 
| 281|0x0000000091900000, 0x0000000091900000, 0x0000000091a00000|  0%| F|  |TAMS 0x0000000091900000, 0x0000000091900000| Untracked 
| 282|0x0000000091a00000, 0x0000000091b00000, 0x0000000091b00000|100%| O|  |TAMS 0x0000000091b00000, 0x0000000091a00000| Untracked 
| 283|0x0000000091b00000, 0x0000000091c00000, 0x0000000091c00000|100%| O|  |TAMS 0x0000000091c00000, 0x0000000091b00000| Untracked 
| 284|0x0000000091c00000, 0x0000000091d00000, 0x0000000091d00000|100%| O|  |TAMS 0x0000000091d00000, 0x0000000091c00000| Untracked 
| 285|0x0000000091d00000, 0x0000000091d00000, 0x0000000091e00000|  0%| F|  |TAMS 0x0000000091d00000, 0x0000000091d00000| Untracked 
| 286|0x0000000091e00000, 0x0000000091e00000, 0x0000000091f00000|  0%| F|  |TAMS 0x0000000091e00000, 0x0000000091e00000| Untracked 
| 287|0x0000000091f00000, 0x0000000091f00000, 0x0000000092000000|  0%| F|  |TAMS 0x0000000091f00000, 0x0000000091f00000| Untracked 
| 288|0x0000000092000000, 0x0000000092000000, 0x0000000092100000|  0%| F|  |TAMS 0x0000000092000000, 0x0000000092000000| Untracked 
| 289|0x0000000092100000, 0x0000000092100000, 0x0000000092200000|  0%| F|  |TAMS 0x0000000092100000, 0x0000000092100000| Untracked 
| 290|0x0000000092200000, 0x0000000092200000, 0x0000000092300000|  0%| F|  |TAMS 0x0000000092200000, 0x0000000092200000| Untracked 
| 291|0x0000000092300000, 0x0000000092300000, 0x0000000092400000|  0%| F|  |TAMS 0x0000000092300000, 0x0000000092300000| Untracked 
| 292|0x0000000092400000, 0x0000000092400000, 0x0000000092500000|  0%| F|  |TAMS 0x0000000092400000, 0x0000000092400000| Untracked 
| 293|0x0000000092500000, 0x0000000092500000, 0x0000000092600000|  0%| F|  |TAMS 0x0000000092500000, 0x0000000092500000| Untracked 
| 294|0x0000000092600000, 0x0000000092600000, 0x0000000092700000|  0%| F|  |TAMS 0x0000000092600000, 0x0000000092600000| Untracked 
| 295|0x0000000092700000, 0x0000000092700000, 0x0000000092800000|  0%| F|  |TAMS 0x0000000092700000, 0x0000000092700000| Untracked 
| 296|0x0000000092800000, 0x0000000092800000, 0x0000000092900000|  0%| F|  |TAMS 0x0000000092800000, 0x0000000092800000| Untracked 
| 297|0x0000000092900000, 0x0000000092900000, 0x0000000092a00000|  0%| F|  |TAMS 0x0000000092900000, 0x0000000092900000| Untracked 
| 298|0x0000000092a00000, 0x0000000092a00000, 0x0000000092b00000|  0%| F|  |TAMS 0x0000000092a00000, 0x0000000092a00000| Untracked 
| 299|0x0000000092b00000, 0x0000000092b00000, 0x0000000092c00000|  0%| F|  |TAMS 0x0000000092b00000, 0x0000000092b00000| Untracked 
| 300|0x0000000092c00000, 0x0000000092c00000, 0x0000000092d00000|  0%| F|  |TAMS 0x0000000092c00000, 0x0000000092c00000| Untracked 
| 301|0x0000000092d00000, 0x0000000092d00000, 0x0000000092e00000|  0%| F|  |TAMS 0x0000000092d00000, 0x0000000092d00000| Untracked 
| 302|0x0000000092e00000, 0x0000000092e00000, 0x0000000092f00000|  0%| F|  |TAMS 0x0000000092e00000, 0x0000000092e00000| Untracked 
| 303|0x0000000092f00000, 0x0000000092f00000, 0x0000000093000000|  0%| F|  |TAMS 0x0000000092f00000, 0x0000000092f00000| Untracked 
| 304|0x0000000093000000, 0x0000000093000000, 0x0000000093100000|  0%| F|  |TAMS 0x0000000093000000, 0x0000000093000000| Untracked 
| 305|0x0000000093100000, 0x0000000093100000, 0x0000000093200000|  0%| F|  |TAMS 0x0000000093100000, 0x0000000093100000| Untracked 
| 306|0x0000000093200000, 0x0000000093200000, 0x0000000093300000|  0%| F|  |TAMS 0x0000000093200000, 0x0000000093200000| Untracked 
| 307|0x0000000093300000, 0x0000000093300000, 0x0000000093400000|  0%| F|  |TAMS 0x0000000093300000, 0x0000000093300000| Untracked 
| 308|0x0000000093400000, 0x0000000093400000, 0x0000000093500000|  0%| F|  |TAMS 0x0000000093400000, 0x0000000093400000| Untracked 
| 309|0x0000000093500000, 0x0000000093500000, 0x0000000093600000|  0%| F|  |TAMS 0x0000000093500000, 0x0000000093500000| Untracked 
| 310|0x0000000093600000, 0x0000000093600000, 0x0000000093700000|  0%| F|  |TAMS 0x0000000093600000, 0x0000000093600000| Untracked 
| 311|0x0000000093700000, 0x0000000093700000, 0x0000000093800000|  0%| F|  |TAMS 0x0000000093700000, 0x0000000093700000| Untracked 
| 312|0x0000000093800000, 0x0000000093800000, 0x0000000093900000|  0%| F|  |TAMS 0x0000000093800000, 0x0000000093800000| Untracked 
| 313|0x0000000093900000, 0x0000000093900000, 0x0000000093a00000|  0%| F|  |TAMS 0x0000000093900000, 0x0000000093900000| Untracked 
| 314|0x0000000093a00000, 0x0000000093a00000, 0x0000000093b00000|  0%| F|  |TAMS 0x0000000093a00000, 0x0000000093a00000| Untracked 
| 315|0x0000000093b00000, 0x0000000093b00000, 0x0000000093c00000|  0%| F|  |TAMS 0x0000000093b00000, 0x0000000093b00000| Untracked 
| 316|0x0000000093c00000, 0x0000000093c284b0, 0x0000000093d00000| 15%| E|  |TAMS 0x0000000093c00000, 0x0000000093c00000| Complete 
| 317|0x0000000093d00000, 0x0000000093e00000, 0x0000000093e00000|100%| E|CS|TAMS 0x0000000093d00000, 0x0000000093d00000| Complete 
| 318|0x0000000093e00000, 0x0000000093f00000, 0x0000000093f00000|100%| E|CS|TAMS 0x0000000093e00000, 0x0000000093e00000| Complete 
| 319|0x0000000093f00000, 0x0000000094000000, 0x0000000094000000|100%| E|CS|TAMS 0x0000000093f00000, 0x0000000093f00000| Complete 
| 320|0x0000000094000000, 0x0000000094100000, 0x0000000094100000|100%| E|CS|TAMS 0x0000000094000000, 0x0000000094000000| Complete 
| 321|0x0000000094100000, 0x0000000094200000, 0x0000000094200000|100%| E|  |TAMS 0x0000000094100000, 0x0000000094100000| Complete 
| 322|0x0000000094200000, 0x0000000094300000, 0x0000000094300000|100%| E|CS|TAMS 0x0000000094200000, 0x0000000094200000| Complete 
| 323|0x0000000094300000, 0x0000000094400000, 0x0000000094400000|100%| E|CS|TAMS 0x0000000094300000, 0x0000000094300000| Complete 
| 324|0x0000000094400000, 0x0000000094500000, 0x0000000094500000|100%| E|CS|TAMS 0x0000000094400000, 0x0000000094400000| Complete 
| 325|0x0000000094500000, 0x0000000094600000, 0x0000000094600000|100%| E|CS|TAMS 0x0000000094500000, 0x0000000094500000| Complete 
| 326|0x0000000094600000, 0x0000000094700000, 0x0000000094700000|100%| E|CS|TAMS 0x0000000094600000, 0x0000000094600000| Complete 
| 327|0x0000000094700000, 0x0000000094800000, 0x0000000094800000|100%| E|CS|TAMS 0x0000000094700000, 0x0000000094700000| Complete 
| 328|0x0000000094800000, 0x0000000094900000, 0x0000000094900000|100%| E|CS|TAMS 0x0000000094800000, 0x0000000094800000| Complete 
| 329|0x0000000094900000, 0x0000000094a00000, 0x0000000094a00000|100%| E|CS|TAMS 0x0000000094900000, 0x0000000094900000| Complete 
| 330|0x0000000094a00000, 0x0000000094b00000, 0x0000000094b00000|100%| E|CS|TAMS 0x0000000094a00000, 0x0000000094a00000| Complete 
| 331|0x0000000094b00000, 0x0000000094c00000, 0x0000000094c00000|100%| E|CS|TAMS 0x0000000094b00000, 0x0000000094b00000| Complete 
| 332|0x0000000094c00000, 0x0000000094d00000, 0x0000000094d00000|100%| E|CS|TAMS 0x0000000094c00000, 0x0000000094c00000| Complete 
| 333|0x0000000094d00000, 0x0000000094e00000, 0x0000000094e00000|100%| E|CS|TAMS 0x0000000094d00000, 0x0000000094d00000| Complete 
| 334|0x0000000094e00000, 0x0000000094f00000, 0x0000000094f00000|100%| E|CS|TAMS 0x0000000094e00000, 0x0000000094e00000| Complete 
| 335|0x0000000094f00000, 0x0000000095000000, 0x0000000095000000|100%| E|CS|TAMS 0x0000000094f00000, 0x0000000094f00000| Complete 
| 336|0x0000000095000000, 0x0000000095100000, 0x0000000095100000|100%| E|CS|TAMS 0x0000000095000000, 0x0000000095000000| Complete 
| 337|0x0000000095100000, 0x0000000095200000, 0x0000000095200000|100%| E|CS|TAMS 0x0000000095100000, 0x0000000095100000| Complete 
| 338|0x0000000095200000, 0x0000000095300000, 0x0000000095300000|100%| E|CS|TAMS 0x0000000095200000, 0x0000000095200000| Complete 
| 339|0x0000000095300000, 0x0000000095400000, 0x0000000095400000|100%| E|CS|TAMS 0x0000000095300000, 0x0000000095300000| Complete 
| 340|0x0000000095400000, 0x0000000095500000, 0x0000000095500000|100%| E|CS|TAMS 0x0000000095400000, 0x0000000095400000| Complete 
| 341|0x0000000095500000, 0x0000000095600000, 0x0000000095600000|100%| E|CS|TAMS 0x0000000095500000, 0x0000000095500000| Complete 

Card table byte_map: [0x00000164243c0000,0x00000164247c0000] _byte_map_base: 0x0000016423fc0000

Marking Bits (Prev, Next): (CMBitMap*) 0x00000164111f3348, (CMBitMap*) 0x00000164111f3380
 Prev Bits: [0x0000016424bc0000, 0x0000016426bc0000)
 Next Bits: [0x0000016426bc0000, 0x0000016428bc0000)

Polling page: 0x000001640f180000

Metaspace:

Usage:
  Non-class:     91.51 MB capacity,    89.93 MB ( 98%) used,     1.26 MB (  1%) free+waste,   323.69 KB ( <1%) overhead. 
      Class:     14.40 MB capacity,    13.42 MB ( 93%) used,   854.66 KB (  6%) free+waste,   144.69 KB ( <1%) overhead. 
       Both:    105.90 MB capacity,   103.35 MB ( 98%) used,     2.09 MB (  2%) free+waste,   468.38 KB ( <1%) overhead. 

Virtual space:
  Non-class space:       92.00 MB reserved,      91.75 MB (>99%) committed 
      Class space:        1.00 GB reserved,      14.45 MB (  1%) committed 
             Both:        1.09 GB reserved,     106.20 MB ( 10%) committed 

Chunk freelists:
   Non-Class:  57.00 KB
       Class:  10.00 KB
        Both:  67.00 KB

MaxMetaspaceSize: 17179869184.00 GB
CompressedClassSpaceSize: 1.00 GB

CodeHeap 'non-profiled nmethods': size=120000Kb used=9468Kb max_used=9468Kb free=110531Kb
 bounds [0x000001641c760000, 0x000001641d0a0000, 0x0000016423c90000]
CodeHeap 'profiled nmethods': size=120000Kb used=29970Kb max_used=29970Kb free=90029Kb
 bounds [0x0000016415230000, 0x0000016416f80000, 0x000001641c760000]
CodeHeap 'non-nmethods': size=5760Kb used=2322Kb max_used=2389Kb free=3437Kb
 bounds [0x0000016414c90000, 0x0000016414f00000, 0x0000016415230000]
 total_blobs=15086 nmethods=14152 adapters=845
 compilation: enabled
              stopped_count=0, restarted_count=0
 full_count=0

Compilation events (20 events):
Event: 27.710 Thread 0x000001642bf0d800 14381       2       com.android.tools.r8.dex.o::a (10 bytes)
Event: 27.710 Thread 0x000001642bf0d800 nmethod 14381 0x0000016416f6df10 code [0x0000016416f6e0e0, 0x0000016416f6e258]
Event: 27.710 Thread 0x000001642bf0d800 14382       2       com.android.tools.r8.graph.T0::equals (31 bytes)
Event: 27.711 Thread 0x000001642bf0d800 nmethod 14382 0x0000016416f6e390 code [0x0000016416f6e560, 0x0000016416f6e728]
Event: 27.719 Thread 0x000001642bf0d800 14385       2       com.android.tools.r8.internal.Gw::a (73 bytes)
Event: 27.719 Thread 0x000001642bf0d800 nmethod 14385 0x0000016416f6e810 code [0x0000016416f6ea00, 0x0000016416f6eca8]
Event: 27.723 Thread 0x000001642bf0d800 14387       2       com.android.tools.r8.graph.J$$Lambda$1508/0x0000000100e36040::apply (8 bytes)
Event: 27.723 Thread 0x000001642bf0d800 nmethod 14387 0x0000016416f6ee90 code [0x0000016416f6f040, 0x0000016416f6f178]
Event: 27.723 Thread 0x000001642bf0d800 14388       2       com.android.tools.r8.internal.GE$$Lambda$1509/0x0000000100e36440::apply (8 bytes)
Event: 27.723 Thread 0x000001642bf0d800 nmethod 14388 0x0000016416f6f290 code [0x0000016416f6f460, 0x0000016416f6f7e8]
Event: 27.725 Thread 0x000001642bf0d800 14391       2       com.android.tools.r8.graph.f0$l::equals (34 bytes)
Event: 27.725 Thread 0x000001642bf0d800 nmethod 14391 0x0000016416f6f990 code [0x0000016416f6fb40, 0x0000016416f6fcf8]
Event: 27.725 Thread 0x000001642bf0d800 14392       2       com.android.tools.r8.graph.J$$Lambda$1512/0x0000000100e35040::apply (8 bytes)
Event: 27.725 Thread 0x000001642bf0d800 nmethod 14392 0x0000016416f6fe10 code [0x0000016416f6ffc0, 0x0000016416f700f8]
Event: 27.731 Thread 0x000001642bf0d800 14393       2       com.android.tools.r8.graph.G::a (32 bytes)
Event: 27.731 Thread 0x000001642bf0d800 nmethod 14393 0x0000016416f70210 code [0x0000016416f70400, 0x0000016416f705b8]
Event: 27.731 Thread 0x000001642bf0d800 14394       2       com.android.tools.r8.graph.G$c::a (10 bytes)
Event: 27.731 Thread 0x000001642bf0d800 nmethod 14394 0x0000016416f70710 code [0x0000016416f708e0, 0x0000016416f70b08]
Event: 27.731 Thread 0x000001642bf0d800 14395       2       com.android.tools.r8.graph.G$c::b (16 bytes)
Event: 27.731 Thread 0x000001642bf0d800 nmethod 14395 0x0000016416f70c90 code [0x0000016416f70e40, 0x0000016416f70fa8]

GC Heap History (20 events):
Event: 24.197 GC heap before
{Heap before GC invocations=17 (full 0):
 garbage-first heap   total 291840K, used 226186K [0x0000000080000000, 0x0000000100000000)
  region size 1024K, 47 young (48128K), 6 survivors (6144K)
 Metaspace       used 98688K, capacity 101211K, committed 101452K, reserved 1136640K
  class space    used 12869K, capacity 13814K, committed 13900K, reserved 1048576K
}
Event: 24.213 GC heap after
{Heap after GC invocations=18 (full 0):
 garbage-first heap   total 291840K, used 190462K [0x0000000080000000, 0x0000000100000000)
  region size 1024K, 5 young (5120K), 5 survivors (5120K)
 Metaspace       used 98688K, capacity 101211K, committed 101452K, reserved 1136640K
  class space    used 12869K, capacity 13814K, committed 13900K, reserved 1048576K
}
Event: 24.921 GC heap before
{Heap before GC invocations=19 (full 0):
 garbage-first heap   total 291840K, used 235518K [0x0000000080000000, 0x0000000100000000)
  region size 1024K, 46 young (47104K), 5 survivors (5120K)
 Metaspace       used 99247K, capacity 101735K, committed 101964K, reserved 1136640K
  class space    used 12918K, capacity 13856K, committed 13900K, reserved 1048576K
}
Event: 24.939 GC heap after
{Heap after GC invocations=20 (full 0):
 garbage-first heap   total 291840K, used 199791K [0x0000000080000000, 0x0000000100000000)
  region size 1024K, 6 young (6144K), 6 survivors (6144K)
 Metaspace       used 99247K, capacity 101735K, committed 101964K, reserved 1136640K
  class space    used 12918K, capacity 13856K, committed 13900K, reserved 1048576K
}
Event: 25.019 GC heap before
{Heap before GC invocations=20 (full 0):
 garbage-first heap   total 291840K, used 207983K [0x0000000080000000, 0x0000000100000000)
  region size 1024K, 14 young (14336K), 6 survivors (6144K)
 Metaspace       used 99292K, capacity 101735K, committed 101964K, reserved 1136640K
  class space    used 12926K, capacity 13856K, committed 13900K, reserved 1048576K
}
Event: 25.032 GC heap after
{Heap after GC invocations=21 (full 0):
 garbage-first heap   total 291840K, used 197478K [0x0000000080000000, 0x0000000100000000)
  region size 1024K, 2 young (2048K), 2 survivors (2048K)
 Metaspace       used 99292K, capacity 101735K, committed 101964K, reserved 1136640K
  class space    used 12926K, capacity 13856K, committed 13900K, reserved 1048576K
}
Event: 25.045 GC heap before
{Heap before GC invocations=21 (full 0):
 garbage-first heap   total 291840K, used 198502K [0x0000000080000000, 0x0000000100000000)
  region size 1024K, 4 young (4096K), 2 survivors (2048K)
 Metaspace       used 99298K, capacity 101735K, committed 101964K, reserved 1136640K
  class space    used 12928K, capacity 13856K, committed 13900K, reserved 1048576K
}
Event: 25.051 GC heap after
{Heap after GC invocations=22 (full 0):
 garbage-first heap   total 291840K, used 197367K [0x0000000080000000, 0x0000000100000000)
  region size 1024K, 2 young (2048K), 2 survivors (2048K)
 Metaspace       used 99298K, capacity 101735K, committed 101964K, reserved 1136640K
  class space    used 12928K, capacity 13856K, committed 13900K, reserved 1048576K
}
Event: 25.602 GC heap before
{Heap before GC invocations=23 (full 0):
 garbage-first heap   total 291840K, used 234231K [0x0000000080000000, 0x0000000100000000)
  region size 1024K, 37 young (37888K), 2 survivors (2048K)
 Metaspace       used 99910K, capacity 102388K, committed 102604K, reserved 1138688K
  class space    used 12989K, capacity 13924K, committed 14028K, reserved 1048576K
}
Event: 25.608 GC heap after
{Heap after GC invocations=24 (full 0):
 garbage-first heap   total 291840K, used 200867K [0x0000000080000000, 0x0000000100000000)
  region size 1024K, 4 young (4096K), 4 survivors (4096K)
 Metaspace       used 99910K, capacity 102388K, committed 102604K, reserved 1138688K
  class space    used 12989K, capacity 13924K, committed 14028K, reserved 1048576K
}
Event: 25.684 GC heap before
{Heap before GC invocations=24 (full 0):
 garbage-first heap   total 291840K, used 210083K [0x0000000080000000, 0x0000000100000000)
  region size 1024K, 14 young (14336K), 4 survivors (4096K)
 Metaspace       used 100041K, capacity 102512K, committed 102604K, reserved 1138688K
  class space    used 13009K, capacity 13962K, committed 14028K, reserved 1048576K
}
Event: 25.691 GC heap after
{Heap after GC invocations=25 (full 0):
 garbage-first heap   total 291840K, used 199575K [0x0000000080000000, 0x0000000100000000)
  region size 1024K, 1 young (1024K), 1 survivors (1024K)
 Metaspace       used 100041K, capacity 102512K, committed 102604K, reserved 1138688K
  class space    used 13009K, capacity 13962K, committed 14028K, reserved 1048576K
}
Event: 25.924 GC heap before
{Heap before GC invocations=25 (full 0):
 garbage-first heap   total 291840K, used 213911K [0x0000000080000000, 0x0000000100000000)
  region size 1024K, 16 young (16384K), 1 survivors (1024K)
 Metaspace       used 100966K, capacity 103388K, committed 103500K, reserved 1138688K
  class space    used 13123K, capacity 14061K, committed 14156K, reserved 1048576K
}
Event: 25.927 GC heap after
{Heap after GC invocations=26 (full 0):
 garbage-first heap   total 291840K, used 200797K [0x0000000080000000, 0x0000000100000000)
  region size 1024K, 2 young (2048K), 2 survivors (2048K)
 Metaspace       used 100966K, capacity 103388K, committed 103500K, reserved 1138688K
  class space    used 13123K, capacity 14061K, committed 14156K, reserved 1048576K
}
Event: 26.585 GC heap before
{Heap before GC invocations=27 (full 0):
 garbage-first heap   total 291840K, used 238685K [0x0000000080000000, 0x0000000100000000)
  region size 1024K, 38 young (38912K), 2 survivors (2048K)
 Metaspace       used 102368K, capacity 104866K, committed 105164K, reserved 1140736K
  class space    used 13273K, capacity 14206K, committed 14284K, reserved 1048576K
}
Event: 26.590 GC heap after
{Heap after GC invocations=28 (full 0):
 garbage-first heap   total 291840K, used 205554K [0x0000000080000000, 0x0000000100000000)
  region size 1024K, 5 young (5120K), 5 survivors (5120K)
 Metaspace       used 102368K, capacity 104866K, committed 105164K, reserved 1140736K
  class space    used 13273K, capacity 14206K, committed 14284K, reserved 1048576K
}
Event: 26.727 GC heap before
{Heap before GC invocations=28 (full 0):
 garbage-first heap   total 291840K, used 213746K [0x0000000080000000, 0x0000000100000000)
  region size 1024K, 14 young (14336K), 5 survivors (5120K)
 Metaspace       used 102489K, capacity 104961K, committed 105164K, reserved 1140736K
  class space    used 13291K, capacity 14216K, committed 14284K, reserved 1048576K
}
Event: 26.732 GC heap after
{Heap after GC invocations=29 (full 0):
 garbage-first heap   total 291840K, used 204383K [0x0000000080000000, 0x0000000100000000)
  region size 1024K, 2 young (2048K), 2 survivors (2048K)
 Metaspace       used 102489K, capacity 104961K, committed 105164K, reserved 1140736K
  class space    used 13291K, capacity 14216K, committed 14284K, reserved 1048576K
}
Event: 27.166 GC heap before
{Heap before GC invocations=29 (full 0):
 garbage-first heap   total 291840K, used 248415K [0x0000000080000000, 0x0000000100000000)
  region size 1024K, 38 young (38912K), 2 survivors (2048K)
 Metaspace       used 103691K, capacity 106241K, committed 106316K, reserved 1140736K
  class space    used 13425K, capacity 14379K, committed 14412K, reserved 1048576K
}
Event: 27.184 GC heap after
{Heap after GC invocations=30 (full 0):
 garbage-first heap   total 350208K, used 215185K [0x0000000080000000, 0x0000000100000000)
  region size 1024K, 5 young (5120K), 5 survivors (5120K)
 Metaspace       used 103691K, capacity 106241K, committed 106316K, reserved 1140736K
  class space    used 13425K, capacity 14379K, committed 14412K, reserved 1048576K
}

Deoptimization events (20 events):
Event: 27.687 Thread 0x0000016432a60000 Uncommon trap: trap_request=0xffffff4d fr.pc=0x000001641cef58cc relative=0x000000000000068c
Event: 27.687 Thread 0x0000016432a60000 Uncommon trap: reason=unstable_if action=reinterpret pc=0x000001641cef58cc method=com.android.tools.r8.internal.h8.b(Ljava/util/function/Function;Lcom/android/tools/r8/internal/EE$a;Lcom/android/tools/r8/internal/EE$b;)Lcom/android/tools/r8/internal/GE; @
Event: 27.687 Thread 0x0000016432a60000 DEOPT PACKING pc=0x000001641cef58cc sp=0x0000002067bfdfa0
Event: 27.687 Thread 0x0000016432a60000 DEOPT UNPACKING pc=0x0000016414cb78af sp=0x0000002067bfdf70 mode 2
Event: 27.687 Thread 0x0000016432a60000 Uncommon trap: trap_request=0xffffff4d fr.pc=0x000001641d018cf8 relative=0x0000000000000418
Event: 27.687 Thread 0x0000016432a60000 Uncommon trap: reason=unstable_if action=reinterpret pc=0x000001641d018cf8 method=com.android.tools.r8.internal.Nz.a(Ljava/lang/Object;I)I @ 224 c2
Event: 27.687 Thread 0x0000016432a60000 DEOPT PACKING pc=0x000001641d018cf8 sp=0x0000002067bfe450
Event: 27.687 Thread 0x0000016432a60000 DEOPT UNPACKING pc=0x0000016414cb78af sp=0x0000002067bfe420 mode 2
Event: 27.688 Thread 0x0000016432a60000 Uncommon trap: trap_request=0xffffffde fr.pc=0x000001641d00e038 relative=0x0000000000000578
Event: 27.688 Thread 0x0000016432a60000 Uncommon trap: reason=class_check action=maybe_recompile pc=0x000001641d00e038 method=com.android.tools.r8.internal.i8.a(Ljava/util/Iterator;Ljava/util/Iterator;Lcom/android/tools/r8/internal/EE$a;)I @ 45 c2
Event: 27.688 Thread 0x0000016432a60000 DEOPT PACKING pc=0x000001641d00e038 sp=0x0000002067bfdef0
Event: 27.688 Thread 0x0000016432a60000 DEOPT UNPACKING pc=0x0000016414cb78af sp=0x0000002067bfded0 mode 2
Event: 27.688 Thread 0x0000016432a60000 Uncommon trap: trap_request=0xffffffde fr.pc=0x000001641d00e038 relative=0x0000000000000578
Event: 27.688 Thread 0x0000016432a60000 Uncommon trap: reason=class_check action=maybe_recompile pc=0x000001641d00e038 method=com.android.tools.r8.internal.i8.a(Ljava/util/Iterator;Ljava/util/Iterator;Lcom/android/tools/r8/internal/EE$a;)I @ 45 c2
Event: 27.688 Thread 0x0000016432a60000 DEOPT PACKING pc=0x000001641d00e038 sp=0x0000002067bfdef0
Event: 27.688 Thread 0x0000016432a60000 DEOPT UNPACKING pc=0x0000016414cb78af sp=0x0000002067bfded0 mode 2
Event: 27.688 Thread 0x0000016432a60000 Uncommon trap: trap_request=0xffffffde fr.pc=0x000001641d00e038 relative=0x0000000000000578
Event: 27.688 Thread 0x0000016432a60000 Uncommon trap: reason=class_check action=maybe_recompile pc=0x000001641d00e038 method=com.android.tools.r8.internal.i8.a(Ljava/util/Iterator;Ljava/util/Iterator;Lcom/android/tools/r8/internal/EE$a;)I @ 45 c2
Event: 27.688 Thread 0x0000016432a60000 DEOPT PACKING pc=0x000001641d00e038 sp=0x0000002067bfdef0
Event: 27.688 Thread 0x0000016432a60000 DEOPT UNPACKING pc=0x0000016414cb78af sp=0x0000002067bfdeb0 mode 2

Classes redefined (0 events):
No events

Internal exceptions (20 events):
Event: 23.424 Thread 0x0000016430019000 Implicit null exception at 0x000001641ce4c01c to 0x000001641ce4ca42
Event: 23.475 Thread 0x0000016430019000 Exception <a 'java/lang/NoSuchMethodError'{0x000000008e60baf0}: 'java.lang.Object java.lang.invoke.Invokers$Holder.linkToTargetMethod(java.lang.Object, int, java.lang.Object, java.lang.Object, java.lang.Object, java.lang.Object)'> (0x000000008e60baf0) thrown at [./src/hotspot/share/interpreter/linkResolver.cpp, line 773]
Event: 23.476 Thread 0x0000016430019000 Exception <a 'java/lang/NoSuchMethodError'{0x000000008e60f7a8}: 'void java.lang.invoke.DirectMethodHandle$Holder.invokeSpecial(java.lang.Object, java.lang.Object, java.lang.Object, java.lang.Object, java.lang.Object, java.lang.Object, java.lang.Object, java.lang.Object, java.lang.Object)'> (0x000000008e60f7a8) thrown at [./src/hotspot/share/interpreter/linkResolver.cpp, line 773]
Event: 23.476 Thread 0x0000016430019000 Exception <a 'java/lang/NoSuchMethodError'{0x000000008e6189a0}: 'java.lang.Object java.lang.invoke.Invokers$Holder.linkToTargetMethod(java.lang.Object, java.lang.Object, java.lang.Object, java.lang.Object, java.lang.Object, java.lang.Object, java.lang.Object)'> (0x000000008e6189a0) thrown at [./src/hotspot/share/interpreter/linkResolver.cpp, line 773]
Event: 23.482 Thread 0x0000016430019000 Exception <a 'java/lang/IncompatibleClassChangeError'{0x000000008e63e6c0}: Found class java.lang.Object, but interface was expected> (0x000000008e63e6c0) thrown at [./src/hotspot/share/interpreter/linkResolver.cpp, line 839]
Event: 23.541 Thread 0x0000016430019000 Exception <a 'java/lang/NoSuchMethodError'{0x000000008e5a3808}: 'void java.lang.invoke.DirectMethodHandle$Holder.invokeStatic(java.lang.Object, java.lang.Object, java.lang.Object, java.lang.Object, java.lang.Object, java.lang.Object, java.lang.Object, java.lang.Object)'> (0x000000008e5a3808) thrown at [./src/hotspot/share/interpreter/linkResolver.cpp, line 773]
Event: 25.077 Thread 0x000001643001b800 Exception <a 'sun/nio/fs/WindowsException'{0x0000000091928a50}> (0x0000000091928a50) thrown at [./src/hotspot/share/prims/jni.cpp, line 615]
Event: 25.080 Thread 0x000001643001b800 Exception <a 'sun/nio/fs/WindowsException'{0x0000000091942eb0}> (0x0000000091942eb0) thrown at [./src/hotspot/share/prims/jni.cpp, line 615]
Event: 25.080 Thread 0x000001643001b800 Exception <a 'sun/nio/fs/WindowsException'{0x0000000091942f98}> (0x0000000091942f98) thrown at [./src/hotspot/share/prims/jni.cpp, line 615]
Event: 25.609 Thread 0x0000016430019000 Exception <a 'java/lang/IncompatibleClassChangeError'{0x0000000091904b70}: Found class java.lang.Object, but interface was expected> (0x0000000091904b70) thrown at [./src/hotspot/share/interpreter/linkResolver.cpp, line 839]
Event: 26.533 Thread 0x0000016430015800 Implicit null exception at 0x000001641c9434ac to 0x000001641c9434eb
Event: 26.616 Thread 0x0000016430015800 Exception <a 'java/lang/NoSuchMethodError'{0x00000000916401f8}: 'int java.lang.invoke.DirectMethodHandle$Holder.invokeSpecial(java.lang.Object, java.lang.Object, java.lang.Object, java.lang.Object, java.lang.Object)'> (0x00000000916401f8) thrown at [./src/hotspot/share/interpreter/linkResolver.cpp, line 773]
Event: 26.957 Thread 0x0000016430015800 Exception <a 'java/lang/NoSuchMethodError'{0x000000008f509f50}: <clinit>> (0x000000008f509f50) thrown at [./src/hotspot/share/prims/jni.cpp, line 1362]
Event: 26.997 Thread 0x000001643001d000 Exception <a 'sun/nio/fs/WindowsException'{0x000000008f277f88}> (0x000000008f277f88) thrown at [./src/hotspot/share/prims/jni.cpp, line 615]
Event: 26.999 Thread 0x0000016430018000 Exception <a 'sun/nio/fs/WindowsException'{0x000000008f236a50}> (0x000000008f236a50) thrown at [./src/hotspot/share/prims/jni.cpp, line 615]
Event: 27.010 Thread 0x000001643001c000 Exception <a 'sun/nio/fs/WindowsException'{0x000000008f0544d0}> (0x000000008f0544d0) thrown at [./src/hotspot/share/prims/jni.cpp, line 615]
Event: 27.014 Thread 0x000001643001a000 Exception <a 'sun/nio/fs/WindowsException'{0x000000008f0d2b88}> (0x000000008f0d2b88) thrown at [./src/hotspot/share/prims/jni.cpp, line 615]
Event: 27.055 Thread 0x000001643001c000 Exception <a 'java/lang/NoSuchMethodError'{0x000000008ea7aef8}: 'void java.lang.invoke.DirectMethodHandle$Holder.invokeStatic(java.lang.Object, java.lang.Object, int, java.lang.Object, java.lang.Object, java.lang.Object, java.lang.Object)'> (0x000000008ea7aef8) thrown at [./src/hotspot/share/interpreter/linkResolver.cpp, line 773]
Event: 27.473 Thread 0x0000016432a61000 Implicit null exception at 0x000001641cef92f2 to 0x000001641cef93f8
Event: 27.626 Thread 0x000001643001a000 Exception <a 'java/lang/NoSuchMethodError'{0x00000000944324d8}: 'java.lang.Object java.lang.invoke.DirectMethodHandle$Holder.invokeVirtual(java.lang.Object, java.lang.Object, int, java.lang.Object)'> (0x00000000944324d8) thrown at [./src/hotspot/share/interpreter/linkResolver.cpp, line 773]

Events (20 events):
Event: 27.734 loading class com/android/tools/r8/internal/Sm
Event: 27.734 loading class com/android/tools/r8/internal/Sm done
Event: 27.735 loading class com/android/tools/r8/internal/AD
Event: 27.735 loading class com/android/tools/r8/internal/AD done
Event: 27.736 loading class com/android/tools/r8/internal/Fo
Event: 27.736 loading class com/android/tools/r8/internal/Fo done
Event: 27.736 loading class com/android/tools/r8/internal/B8
Event: 27.736 loading class com/android/tools/r8/internal/B8 done
Event: 27.736 loading class com/android/tools/r8/internal/h3
Event: 27.736 loading class com/android/tools/r8/internal/h3 done
Event: 27.738 loading class com/android/tools/r8/internal/Me$f
Event: 27.738 loading class com/android/tools/r8/internal/Me$f done
Event: 27.739 loading class com/android/tools/r8/internal/Me$c
Event: 27.739 loading class com/android/tools/r8/internal/Me$c done
Event: 27.739 loading class com/android/tools/r8/internal/Me$d
Event: 27.739 loading class com/android/tools/r8/internal/Me$d done
Event: 27.740 loading class com/android/tools/r8/internal/YG$a
Event: 27.740 loading class com/android/tools/r8/internal/YG$a done
Event: 27.741 loading class com/android/tools/r8/internal/Nv$a
Event: 27.741 loading class com/android/tools/r8/internal/Nv$a done


Dynamic libraries:
0x00007ff6f5af0000 - 0x00007ff6f5afa000 	C:\Program Files\Android\Android Studio\jre\bin\java.exe
0x00007ffe09ea0000 - 0x00007ffe0a0af000 	C:\WINDOWS\SYSTEM32\ntdll.dll
0x00007ffe085a0000 - 0x00007ffe0865d000 	C:\WINDOWS\System32\KERNEL32.DLL
0x00007ffe076f0000 - 0x00007ffe07a7e000 	C:\WINDOWS\System32\KERNELBASE.dll
0x00007ffe074f0000 - 0x00007ffe07601000 	C:\WINDOWS\System32\ucrtbase.dll
0x00007ffdec4e0000 - 0x00007ffdec4f9000 	C:\Program Files\Android\Android Studio\jre\bin\jli.dll
0x00007ffdec190000 - 0x00007ffdec1a7000 	C:\Program Files\Android\Android Studio\jre\bin\VCRUNTIME140.dll
0x00007ffe08c90000 - 0x00007ffe08e3a000 	C:\WINDOWS\System32\USER32.dll
0x00007ffdf3010000 - 0x00007ffdf32b1000 	C:\WINDOWS\WinSxS\amd64_microsoft.windows.common-controls_6595b64144ccf1df_6.0.22523.1000_none_26388f37a89e74b7\COMCTL32.dll
0x00007ffe07360000 - 0x00007ffe07386000 	C:\WINDOWS\System32\win32u.dll
0x00007ffe095c0000 - 0x00007ffe09664000 	C:\WINDOWS\System32\msvcrt.dll
0x00007ffe09920000 - 0x00007ffe09949000 	C:\WINDOWS\System32\GDI32.dll
0x00007ffe07be0000 - 0x00007ffe07cf7000 	C:\WINDOWS\System32\gdi32full.dll
0x00007ffe07390000 - 0x00007ffe0742a000 	C:\WINDOWS\System32\msvcp_win.dll
0x00007ffe08b90000 - 0x00007ffe08bc1000 	C:\WINDOWS\System32\IMM32.DLL
0x00007ffdd8580000 - 0x00007ffdd861d000 	C:\Program Files\Android\Android Studio\jre\bin\msvcp140.dll
0x00007ffd87810000 - 0x00007ffd882df000 	C:\Program Files\Android\Android Studio\jre\bin\server\jvm.dll
0x00007ffe08bd0000 - 0x00007ffe08c7e000 	C:\WINDOWS\System32\ADVAPI32.dll
0x00007ffe09470000 - 0x00007ffe09512000 	C:\WINDOWS\System32\sechost.dll
0x00007ffe08670000 - 0x00007ffe0878f000 	C:\WINDOWS\System32\RPCRT4.dll
0x00007ffe09e50000 - 0x00007ffe09e58000 	C:\WINDOWS\System32\PSAPI.DLL
0x00007ffdfab30000 - 0x00007ffdfab3a000 	C:\WINDOWS\SYSTEM32\VERSION.dll
0x00007ffdeb2f0000 - 0x00007ffdeb2f9000 	C:\WINDOWS\SYSTEM32\WSOCK32.dll
0x00007ffdff2e0000 - 0x00007ffdff314000 	C:\WINDOWS\SYSTEM32\WINMM.dll
0x00007ffe09dd0000 - 0x00007ffe09e41000 	C:\WINDOWS\System32\WS2_32.dll
0x00007ffe063e0000 - 0x00007ffe063f8000 	C:\WINDOWS\SYSTEM32\kernel.appcore.dll
0x00007ffdf50d0000 - 0x00007ffdf50e1000 	C:\Program Files\Android\Android Studio\jre\bin\verify.dll
0x00007ffdeef40000 - 0x00007ffdef166000 	C:\WINDOWS\SYSTEM32\DBGHELP.DLL
0x00007ffe08ef0000 - 0x00007ffe0926c000 	C:\WINDOWS\System32\combase.dll
0x00007ffe092d0000 - 0x00007ffe093a7000 	C:\WINDOWS\System32\OLEAUT32.dll
0x00007ffdec990000 - 0x00007ffdec9c1000 	C:\WINDOWS\SYSTEM32\dbgcore.DLL
0x00007ffe07610000 - 0x00007ffe0768b000 	C:\WINDOWS\System32\bcryptPrimitives.dll
0x00007ffdeb3d0000 - 0x00007ffdeb3f9000 	C:\Program Files\Android\Android Studio\jre\bin\java.dll
0x00007ffe029d0000 - 0x00007ffe029db000 	C:\Program Files\Android\Android Studio\jre\bin\jimage.dll
0x00007ffdf40f0000 - 0x00007ffdf4108000 	C:\Program Files\Android\Android Studio\jre\bin\zip.dll
0x00007ffe07d00000 - 0x00007ffe084b8000 	C:\WINDOWS\System32\SHELL32.dll
0x00007ffe05410000 - 0x00007ffe05c66000 	C:\WINDOWS\SYSTEM32\windows.storage.dll
0x00007ffe052d0000 - 0x00007ffe0540c000 	C:\WINDOWS\SYSTEM32\wintypes.dll
0x00007ffe088b0000 - 0x00007ffe089a1000 	C:\WINDOWS\System32\SHCORE.dll
0x00007ffe09410000 - 0x00007ffe0946b000 	C:\WINDOWS\System32\shlwapi.dll
0x00007ffe07290000 - 0x00007ffe072b1000 	C:\WINDOWS\SYSTEM32\profapi.dll
0x00007ffdeb3b0000 - 0x00007ffdeb3ca000 	C:\Program Files\Android\Android Studio\jre\bin\net.dll
0x00007ffdff9e0000 - 0x00007ffdffaf2000 	C:\WINDOWS\SYSTEM32\WINHTTP.dll
0x00007ffe06860000 - 0x00007ffe068c9000 	C:\WINDOWS\system32\mswsock.dll
0x00007ffdeb390000 - 0x00007ffdeb3a4000 	C:\Program Files\Android\Android Studio\jre\bin\nio.dll
0x00007ffe02a50000 - 0x00007ffe02a77000 	C:\Users\TOGAN\.gradle\native\8bec1ad78214c89d9ad589b4d07fe93259594b29d510b10fafb7a158f7737e5d\windows-amd64\native-platform.dll
0x00007ffddd490000 - 0x00007ffddd5cd000 	C:\Users\TOGAN\.gradle\native\53dbd7edfb1c66fb8903c78663c9afc45aea4f116125fa6feffd364cf09443e8\windows-amd64\native-platform-file-events.dll
0x00007ffdfad80000 - 0x00007ffdfad8a000 	C:\Program Files\Android\Android Studio\jre\bin\management.dll
0x00007ffdf50c0000 - 0x00007ffdf50cc000 	C:\Program Files\Android\Android Studio\jre\bin\management_ext.dll
0x00007ffe06ac0000 - 0x00007ffe06ad8000 	C:\WINDOWS\SYSTEM32\CRYPTSP.dll
0x00007ffe06340000 - 0x00007ffe06375000 	C:\WINDOWS\system32\rsaenh.dll
0x00007ffe06960000 - 0x00007ffe06989000 	C:\WINDOWS\SYSTEM32\USERENV.dll
0x00007ffe06c40000 - 0x00007ffe06c68000 	C:\WINDOWS\SYSTEM32\bcrypt.dll
0x00007ffe06ab0000 - 0x00007ffe06abc000 	C:\WINDOWS\SYSTEM32\CRYPTBASE.dll
0x00007ffe05ec0000 - 0x00007ffe05eed000 	C:\WINDOWS\SYSTEM32\IPHLPAPI.DLL
0x00007ffe09520000 - 0x00007ffe09529000 	C:\WINDOWS\System32\NSI.dll
0x00007ffdffb30000 - 0x00007ffdffb49000 	C:\WINDOWS\SYSTEM32\dhcpcsvc6.DLL
0x00007ffdff960000 - 0x00007ffdff97e000 	C:\WINDOWS\SYSTEM32\dhcpcsvc.DLL
0x00007ffe05ef0000 - 0x00007ffe05fe8000 	C:\WINDOWS\SYSTEM32\DNSAPI.dll

dbghelp: loaded successfully - version: 4.0.5 - missing functions: none
symbol engine: initialized successfully - sym options: 0x614 - pdb path: .;C:\Program Files\Android\Android Studio\jre\bin;C:\WINDOWS\SYSTEM32;C:\WINDOWS\WinSxS\amd64_microsoft.windows.common-controls_6595b64144ccf1df_6.0.22523.1000_none_26388f37a89e74b7;C:\Program Files\Android\Android Studio\jre\bin\server;C:\Users\TOGAN\.gradle\native\8bec1ad78214c89d9ad589b4d07fe93259594b29d510b10fafb7a158f7737e5d\windows-amd64;C:\Users\TOGAN\.gradle\native\53dbd7edfb1c66fb8903c78663c9afc45aea4f116125fa6feffd364cf09443e8\windows-amd64

VM Arguments:
jvm_args: --add-opens=java.base/java.util=ALL-UNNAMED --add-opens=java.base/java.lang=ALL-UNNAMED --add-opens=java.base/java.lang.invoke=ALL-UNNAMED --add-opens=java.base/java.util=ALL-UNNAMED --add-opens=java.prefs/java.util.prefs=ALL-UNNAMED --add-opens=java.prefs/java.util.prefs=ALL-UNNAMED --add-opens=java.base/java.nio.charset=ALL-UNNAMED --add-opens=java.base/java.net=ALL-UNNAMED --add-opens=java.base/java.util.concurrent.atomic=ALL-UNNAMED -Xmx2048m -Dfile.encoding=UTF-8 -Duser.country=US -Duser.language=en -Duser.variant 
java_command: org.gradle.launcher.daemon.bootstrap.GradleDaemon 7.0.2
java_class_path (initial): C:\Users\TOGAN\.gradle\wrapper\dists\gradle-7.0.2-bin\857tjihv64xamwrf0h14cai3r\gradle-7.0.2\lib\gradle-launcher-7.0.2.jar
Launcher Type: SUN_STANDARD

[Global flags]
     intx CICompilerCount                          = 4                                         {product} {ergonomic}
     uint ConcGCThreads                            = 2                                         {product} {ergonomic}
     uint G1ConcRefinementThreads                  = 8                                         {product} {ergonomic}
   size_t G1HeapRegionSize                         = 1048576                                   {product} {ergonomic}
    uintx GCDrainStackTargetSize                   = 64                                        {product} {ergonomic}
   size_t InitialHeapSize                          = 268435456                                 {product} {ergonomic}
   size_t MarkStackSize                            = 4194304                                   {product} {ergonomic}
   size_t MaxHeapSize                              = 2147483648                                {product} {command line}
   size_t MaxNewSize                               = 1287651328                                {product} {ergonomic}
   size_t MinHeapDeltaBytes                        = 1048576                                   {product} {ergonomic}
    uintx NonNMethodCodeHeapSize                   = 5836300                                {pd product} {ergonomic}
    uintx NonProfiledCodeHeapSize                  = 122910970                              {pd product} {ergonomic}
    uintx ProfiledCodeHeapSize                     = 122910970                              {pd product} {ergonomic}
    uintx ReservedCodeCacheSize                    = 251658240                              {pd product} {ergonomic}
     bool SegmentedCodeCache                       = true                                      {product} {ergonomic}
     bool UseCompressedClassPointers               = true                                 {lp64_product} {ergonomic}
     bool UseCompressedOops                        = true                                 {lp64_product} {ergonomic}
     bool UseG1GC                                  = true                                      {product} {ergonomic}
     bool UseLargePagesIndividualAllocation        = false                                  {pd product} {ergonomic}

Logging:
Log output configuration:
 #0: stdout all=warning uptime,level,tags
 #1: stderr all=off uptime,level,tags

Environment Variables:
JAVA_HOME=C:\Program Files\Java\jdk1.8.0_311
PATH=C:\apache-maven-3.8.4-bin\apache-maven-3.8.4\bin;C:\Python39\Scripts\;C:\Python39\;C:\Program Files (x86)\Common Files\Oracle\Java\javapath;C:\Program Files\Common Files\Oracle\Java\javapath;C:\Program Files (x86)\Intel\iCLS Client\;C:\Program Files\Intel\iCLS Client\;C:\Windows\system32;C:\Windows;C:\Windows\System32\Wbem;C:\Windows\System32\WindowsPowerShell\v1.0\;C:\Program Files (x86)\NVIDIA Corporation\PhysX\Common;C:\Program Files (x86)\Intel\Intel(R) Management Engine Components\DAL;C:\Program Files\Intel\Intel(R) Management Engine Components\DAL;C:\Program Files (x86)\Intel\Intel(R) Management Engine Components\IPT;C:\Program Files\Intel\Intel(R) Management Engine Components\IPT;C:\Program Files\Intel\WiFi\bin\;C:\Program Files\Common Files\Intel\WirelessCommon\;C:\WINDOWS\system32;C:\WINDOWS;C:\WINDOWS\System32\Wbem;C:\WINDOWS\System32\WindowsPowerShell\v1.0\;C:\WINDOWS\System32\OpenSSH\;C:\Program Files\NVIDIA Corporation\NVIDIA NvDLISR;C:\Program Files\dotnet\;C:\Program Files\Microsoft SQL Server\130\Tools\B;C:\Program Files\Java\jdk1.8.0_311\bin;C:\WINDOWS\system32;C:\WINDOWS;C:\WINDOWS\System32\Wbem;C:\WINDOWS\System32\WindowsPowerShell\v1.0\;C:\WINDOWS\System32\OpenSSH\;C:\Program Files\Git\cmd;C:\Python39\Scripts\;C:\Python39\;C:\Program Files (x86)\Common Files\Oracle\Java\javapath;C:\Program Files\Common Files\Oracle\Java\javapath;C:\Program Files (x86)\Intel\iCLS Client\;C:\Program Files\Intel\iCLS Client\;C:\Windows\system32;C:\Windows;C:\Windows\System32\Wbem;C:\Windows\System32\WindowsPowerShell\v1.0\;C:\Program Files (x86)\NVIDIA Corporation\PhysX\Common;C:\Program Files (x86)\Intel\Intel(R) Management Engine Components\DAL;C:\Program Files\Intel\Intel(R) Management Engine Components\DAL;C:\Program Files (x86)\Intel\Intel(R) Management Engine Components\IPT;C:\Program Files\Intel\Intel(R) Management Engine Components\IPT;C:\Program Files\Intel\WiFi\bin\;C:\Program Files\Common Files\Intel\WirelessCommon\;C:\WINDOWS\system32;C:\WINDOWS;C:\WIN
USERNAME=TOGAN
OS=Windows_NT
PROCESSOR_IDENTIFIER=Intel64 Family 6 Model 158 Stepping 9, GenuineIntel



---------------  S Y S T E M  ---------------

OS: Windows 10 , 64 bit Build 22523 (10.0.22523.1000)
OS uptime: 0 days 11:39 hours

CPU:total 8 (initial active 8) (4 cores per cpu, 2 threads per core) family 6 model 158 stepping 9 microcode 0xde, cmov, cx8, fxsr, mmx, sse, sse2, sse3, ssse3, sse4.1, sse4.2, popcnt, avx, avx2, aes, clmul, erms, 3dnowpref, lzcnt, ht, tsc, tscinvbit, bmi1, bmi2, adx, fma

Memory: 4k page, system-wide physical 16303M (1383M free)
TotalPageFile size 24303M (AvailPageFile size 6M)
current process WorkingSet (physical memory assigned to process): 628M, peak: 630M
current process commit charge ("private bytes"): 704M, peak: 705M

vm_info: OpenJDK 64-Bit Server VM (11.0.10+0-b96-7249189) for windows-amd64 JRE (11.0.10+0-b96-7249189), built on Mar 31 2021 21:44:00 by "builder" with MS VC++ 14.0 (VS2015)

END.
