#
# There is insufficient memory for the Java Runtime Environment to continue.
# Native memory allocation (malloc) failed to allocate 1140016 bytes for Chunk::new
# Possible reasons:
#   The system is out of physical RAM or swap space
#   The process is running with CompressedOops enabled, and the Java Heap may be blocking the growth of the native heap
# Possible solutions:
#   Reduce memory load on the system
#   Increase physical memory or swap space
#   Check if swap backing store is full
#   Decrease Java heap size (-Xmx/-Xms)
#   Decrease number of Java threads
#   Decrease Java thread stack sizes (-Xss)
#   Set larger code cache with -XX:ReservedCodeCacheSize=
#   JVM is running with Unscaled Compressed Oops mode in which the Java heap is
#     placed in the first 4GB address space. The Java Heap base address is the
#     maximum limit for the native heap growth. Please use -XX:HeapBaseMinAddress
#     to set the Java Heap base and to place the Java Heap above 4GB virtual address.
# This output file may be truncated or incomplete.
#
#  Out of Memory Error (./src/hotspot/share/memory/arena.cpp:197), pid=12244, tid=15032
#
# JRE version: OpenJDK Runtime Environment (11.0.10) (build 11.0.10+0-b96-7249189)
# Java VM: OpenJDK 64-Bit Server VM (11.0.10+0-b96-7249189, mixed mode, tiered, compressed oops, g1 gc, windows-amd64)
# No core dump will be written. Minidumps are not enabled by default on client versions of Windows
#

---------------  S U M M A R Y ------------

Command Line: --add-opens=java.base/java.util=ALL-UNNAMED --add-opens=java.base/java.lang=ALL-UNNAMED --add-opens=java.base/java.lang.invoke=ALL-UNNAMED --add-opens=java.base/java.util=ALL-UNNAMED --add-opens=java.prefs/java.util.prefs=ALL-UNNAMED --add-opens=java.prefs/java.util.prefs=ALL-UNNAMED --add-opens=java.base/java.nio.charset=ALL-UNNAMED --add-opens=java.base/java.net=ALL-UNNAMED --add-opens=java.base/java.util.concurrent.atomic=ALL-UNNAMED -Xmx2048m -Dfile.encoding=UTF-8 -Duser.country=US -Duser.language=en -Duser.variant org.gradle.launcher.daemon.bootstrap.GradleDaemon 7.0.2

Host: Intel(R) Core(TM) i7-7700HQ CPU @ 2.80GHz, 8 cores, 15G,  Windows 10 , 64 bit Build 22523 (10.0.22523.1000)
Time: Mon Jan 10 19:15:54 2022 SE Asia Standard Time elapsed time: 103.769986 seconds (0d 0h 1m 43s)

---------------  T H R E A D  ---------------

Current thread (0x000001724f075000):  JavaThread "C2 CompilerThread2" daemon [_thread_in_native, id=15032, stack(0x0000001054100000,0x0000001054200000)]


Current CompileTask:
C2: 103770 18885       4       org.gradle.internal.instantiation.generator.AbstractClassGenerator::inspectType (560 bytes)

Stack: [0x0000001054100000,0x0000001054200000]
Native frames: (J=compiled Java code, j=interpreted, Vv=VM code, C=native code)
V  [jvm.dll+0x5ecfaa]
V  [jvm.dll+0x722bd5]
V  [jvm.dll+0x72412d]
V  [jvm.dll+0x7247e3]
V  [jvm.dll+0x242928]
V  [jvm.dll+0xbc4fc]
V  [jvm.dll+0xbca0c]
V  [jvm.dll+0x2b4fd4]
V  [jvm.dll+0x506028]
V  [jvm.dll+0x203253]
V  [jvm.dll+0x1fd07c]
V  [jvm.dll+0x1fa77f]
V  [jvm.dll+0x18354c]
V  [jvm.dll+0x208ee7]
V  [jvm.dll+0x207731]
V  [jvm.dll+0x6eb1cf]
V  [jli.dll+0x6e3d45]
V  [jvm.dll+0x5ebe96]
C  [ucrtbase.dll+0x293cc]
C  [KERNEL32.DLL+0x11350]
C  [ntdll.dll+0x51e78]


---------------  P R O C E S S  ---------------

Threads class SMR info:
_java_thread_list=0x00000172504227f0, length=86, elements={
0x000001722e98f800, 0x0000017249663000, 0x0000017249669000, 0x00000172496c6800,
0x00000172496c7800, 0x00000172496c9000, 0x00000172496cd000, 0x00000172496d9800,
0x00000172496de000, 0x0000017249870800, 0x000001724bef2000, 0x000001724abf7800,
0x000001724a0ef800, 0x000001724be3a000, 0x000001724be3b800, 0x000001724be3d000,
0x000001724be3c800, 0x000001724be3f800, 0x000001724f2dd000, 0x000001724f2da800,
0x000001724f2df800, 0x000001724f2de000, 0x000001724f2e6000, 0x000001724f074000,
0x000001724f06f000, 0x000001724f070000, 0x000001724f071800, 0x000001724f070800,
0x000001724f075800, 0x0000017252148000, 0x0000017252847800, 0x0000017252849800,
0x0000017252844800, 0x0000017252845000, 0x000001725284c800, 0x0000017252848800,
0x000001725284a000, 0x000001725284b800, 0x000001725284b000, 0x0000017252847000,
0x0000017252846000, 0x0000017252850000, 0x0000017252852000, 0x0000017252850800,
0x0000017252851800, 0x0000017252853000, 0x000001725284d800, 0x000001725284e000,
0x000001725284f000, 0x0000017252147800, 0x0000017252143000, 0x0000017252149000,
0x0000017252149800, 0x0000017252144000, 0x000001725214a800, 0x0000017252145000,
0x000001725214b800, 0x0000017252145800, 0x000001725214d000, 0x000001725214e000,
0x0000017252152000, 0x000001725214e800, 0x000001725214c000, 0x000001725214f800,
0x0000017252150000, 0x000001724f2da000, 0x000001724f2e7000, 0x0000017255c25800,
0x000001724f2e7800, 0x000001724f2e2000, 0x000001724f2e5800, 0x000001724f2e8800,
0x000001724f2e3000, 0x000001724f2e3800, 0x000001724be3e000, 0x000001724be3e800,
0x000001724be3a800, 0x000001724f072800, 0x000001724f075000, 0x000001724be40800,
0x000001724f2e4800, 0x00000172526bb800, 0x00000172526bc800, 0x00000172526bb000,
0x00000172526bf000, 0x00000172526bd800
}

Java Threads: ( => current thread )
  0x000001722e98f800 JavaThread "main" [_thread_blocked, id=22140, stack(0x0000001051700000,0x0000001051800000)]
  0x0000017249663000 JavaThread "Reference Handler" daemon [_thread_blocked, id=5280, stack(0x0000001051e00000,0x0000001051f00000)]
  0x0000017249669000 JavaThread "Finalizer" daemon [_thread_blocked, id=848, stack(0x0000001051f00000,0x0000001052000000)]
  0x00000172496c6800 JavaThread "Signal Dispatcher" daemon [_thread_blocked, id=24048, stack(0x0000001052000000,0x0000001052100000)]
  0x00000172496c7800 JavaThread "Attach Listener" daemon [_thread_blocked, id=8176, stack(0x0000001052100000,0x0000001052200000)]
  0x00000172496c9000 JavaThread "Service Thread" daemon [_thread_blocked, id=24436, stack(0x0000001052200000,0x0000001052300000)]
  0x00000172496cd000 JavaThread "C2 CompilerThread0" daemon [_thread_in_native, id=24096, stack(0x0000001052300000,0x0000001052400000)]
  0x00000172496d9800 JavaThread "C1 CompilerThread0" daemon [_thread_in_native, id=12712, stack(0x0000001052400000,0x0000001052500000)]
  0x00000172496de000 JavaThread "Sweeper thread" daemon [_thread_blocked, id=644, stack(0x0000001052500000,0x0000001052600000)]
  0x0000017249870800 JavaThread "Common-Cleaner" daemon [_thread_blocked, id=24020, stack(0x0000001052600000,0x0000001052700000)]
  0x000001724bef2000 JavaThread "Daemon health stats" [_thread_blocked, id=12348, stack(0x0000001052e00000,0x0000001052f00000)]
  0x000001724abf7800 JavaThread "Incoming local TCP Connector on port 50078" [_thread_in_native, id=11080, stack(0x0000001052d00000,0x0000001052e00000)]
  0x000001724a0ef800 JavaThread "Daemon periodic checks" [_thread_blocked, id=2624, stack(0x0000001052f00000,0x0000001053000000)]
  0x000001724be3a000 JavaThread "Cache worker for file hash cache (C:\Users\TOGAN\.gradle\caches\7.0.2\fileHashes)" [_thread_blocked, id=5580, stack(0x0000001053700000,0x0000001053800000)]
  0x000001724be3b800 JavaThread "File lock request listener" [_thread_in_native, id=24536, stack(0x0000001053800000,0x0000001053900000)]
  0x000001724be3d000 JavaThread "Cache worker for journal cache (C:\Users\TOGAN\.gradle\caches\journal-1)" [_thread_blocked, id=23356, stack(0x0000001053c00000,0x0000001053d00000)]
  0x000001724be3c800 JavaThread "File watcher server" daemon [_thread_in_native, id=9552, stack(0x0000001053f00000,0x0000001054000000)]
  0x000001724be3f800 JavaThread "File watcher consumer" daemon [_thread_blocked, id=23440, stack(0x0000001054000000,0x0000001054100000)]
  0x000001724f2dd000 JavaThread "Cache worker for execution history cache (C:\Users\TOGAN\.gradle\caches\7.0.2\executionHistory)" [_thread_blocked, id=24568, stack(0x0000001054500000,0x0000001054600000)]
  0x000001724f2da800 JavaThread "jar transforms" [_thread_blocked, id=17852, stack(0x0000001054600000,0x0000001054700000)]
  0x000001724f2df800 JavaThread "jar transforms Thread 2" [_thread_blocked, id=23588, stack(0x0000001054700000,0x0000001054800000)]
  0x000001724f2de000 JavaThread "Cache worker for file content cache (C:\Users\TOGAN\.gradle\caches\7.0.2\fileContent)" [_thread_blocked, id=24164, stack(0x0000001054800000,0x0000001054900000)]
  0x000001724f2e6000 JavaThread "jar transforms Thread 3" [_thread_blocked, id=10040, stack(0x0000001054a00000,0x0000001054b00000)]
  0x000001724f074000 JavaThread "jar transforms Thread 4" [_thread_blocked, id=23944, stack(0x0000001055400000,0x0000001055500000)]
  0x000001724f06f000 JavaThread "jar transforms Thread 5" [_thread_blocked, id=23952, stack(0x0000001055500000,0x0000001055600000)]
  0x000001724f070000 JavaThread "jar transforms Thread 6" [_thread_blocked, id=7692, stack(0x0000001055600000,0x0000001055700000)]
  0x000001724f071800 JavaThread "jar transforms Thread 7" [_thread_blocked, id=23932, stack(0x0000001055700000,0x0000001055800000)]
  0x000001724f070800 JavaThread "jar transforms Thread 8" [_thread_blocked, id=17964, stack(0x0000001055800000,0x0000001055900000)]
  0x000001724f075800 JavaThread "Memory manager" [_thread_blocked, id=12700, stack(0x0000001054300000,0x0000001054400000)]
  0x0000017252148000 JavaThread "pool-3-thread-1" [_thread_blocked, id=2556, stack(0x0000001055b00000,0x0000001055c00000)]
  0x0000017252847800 JavaThread "RMI Scheduler(0)" daemon [_thread_blocked, id=10328, stack(0x0000001053d00000,0x0000001053e00000)]
  0x0000017252849800 JavaThread "RMI GC Daemon" daemon [_thread_blocked, id=24316, stack(0x0000001056900000,0x0000001056a00000)]
  0x0000017252844800 JavaThread "RMI TCP Accept-0" daemon [_thread_in_native, id=17836, stack(0x0000001056c00000,0x0000001056d00000)]
  0x0000017252845000 JavaThread "RMI Reaper" [_thread_blocked, id=9600, stack(0x0000001056d00000,0x0000001056e00000)]
  0x000001725284c800 JavaThread "RMI TCP Connection(2)-127.0.0.1" daemon [_thread_in_native, id=3152, stack(0x0000001057200000,0x0000001057300000)]
  0x0000017252848800 JavaThread "Daemon Thread 2" [_thread_blocked, id=1472, stack(0x0000001051400000,0x0000001051500000)]
  0x000001725284a000 JavaThread "Handler for socket connection from /127.0.0.1:50078 to /127.0.0.1:50137" [_thread_in_native, id=12728, stack(0x0000001051500000,0x0000001051600000)]
  0x000001725284b800 JavaThread "Cancel handler" [_thread_blocked, id=2220, stack(0x0000001051600000,0x0000001051700000)]
  0x000001725284b000 JavaThread "Daemon worker Thread 2" [_thread_blocked, id=21028, stack(0x0000001053000000,0x0000001053100000)]
  0x0000017252847000 JavaThread "Asynchronous log dispatcher for DefaultDaemonConnection: socket connection from /127.0.0.1:50078 to /127.0.0.1:50137" [_thread_blocked, id=11668, stack(0x0000001053300000,0x0000001053400000)]
  0x0000017252846000 JavaThread "Stdin handler" [_thread_blocked, id=3564, stack(0x0000001053400000,0x0000001053500000)]
  0x0000017252850000 JavaThread "Daemon client event forwarder" [_thread_blocked, id=14568, stack(0x0000001053500000,0x0000001053600000)]
  0x0000017252852000 JavaThread "Cache worker for file hash cache (C:\Users\TOGAN\AndroidStudioProjects\KotlinRetrofit\.gradle\7.0.2\fileHashes)" [_thread_blocked, id=17104, stack(0x0000001053600000,0x0000001053700000)]
  0x0000017252850800 JavaThread "Cache worker for checksums cache (C:\Users\TOGAN\AndroidStudioProjects\KotlinRetrofit\.gradle\checksums)" [_thread_blocked, id=10632, stack(0x0000001054200000,0x0000001054300000)]
  0x0000017252851800 JavaThread "Cache worker for cache directory md-supplier (C:\Users\TOGAN\.gradle\caches\7.0.2\md-supplier)" [_thread_blocked, id=14200, stack(0x0000001054400000,0x0000001054500000)]
  0x0000017252853000 JavaThread "Cache worker for cache directory md-rule (C:\Users\TOGAN\.gradle\caches\7.0.2\md-rule)" [_thread_blocked, id=23820, stack(0x0000001054900000,0x0000001054a00000)]
  0x000001725284d800 JavaThread "Cache worker for dependencies-accessors (C:\Users\TOGAN\AndroidStudioProjects\KotlinRetrofit\.gradle\7.0.2\dependencies-accessors)" [_thread_blocked, id=7784, stack(0x0000001054b00000,0x0000001054c00000)]
  0x000001725284e000 JavaThread "Cache worker for Build Output Cleanup Cache (C:\Users\TOGAN\AndroidStudioProjects\KotlinRetrofit\.gradle\buildOutputCleanup)" [_thread_blocked, id=320, stack(0x0000001054c00000,0x0000001054d00000)]
  0x000001725284f000 JavaThread "Build operations" [_thread_blocked, id=22676, stack(0x0000001054d00000,0x0000001054e00000)]
  0x0000017252147800 JavaThread "Build operations Thread 2" [_thread_blocked, id=18656, stack(0x0000001054e00000,0x0000001054f00000)]
  0x0000017252143000 JavaThread "Build operations Thread 3" [_thread_blocked, id=20800, stack(0x0000001054f00000,0x0000001055000000)]
  0x0000017252149000 JavaThread "Build operations Thread 4" [_thread_blocked, id=21552, stack(0x0000001055000000,0x0000001055100000)]
  0x0000017252149800 JavaThread "Build operations Thread 5" [_thread_blocked, id=14120, stack(0x0000001055100000,0x0000001055200000)]
  0x0000017252144000 JavaThread "Build operations Thread 6" [_thread_blocked, id=22048, stack(0x0000001055200000,0x0000001055300000)]
  0x000001725214a800 JavaThread "Build operations Thread 7" [_thread_blocked, id=17316, stack(0x0000001055300000,0x0000001055400000)]
  0x0000017252145000 JavaThread "Build operations Thread 8" [_thread_blocked, id=24148, stack(0x0000001055900000,0x0000001055a00000)]
  0x000001725214b800 JavaThread "build event listener" [_thread_blocked, id=15812, stack(0x0000001055a00000,0x0000001055b00000)]
  0x0000017252145800 JavaThread "pool-7-thread-1" [_thread_blocked, id=21776, stack(0x0000001055c00000,0x0000001055d00000)]
  0x000001725214d000 JavaThread "build event listener" [_thread_blocked, id=9316, stack(0x0000001055d00000,0x0000001055e00000)]
  0x000001725214e000 JavaThread "Execution worker for ':'" [_thread_blocked, id=12736, stack(0x0000001055e00000,0x0000001055f00000)]
  0x0000017252152000 JavaThread "Execution worker for ':' Thread 2" [_thread_blocked, id=23160, stack(0x0000001055f00000,0x0000001056000000)]
  0x000001725214e800 JavaThread "Execution worker for ':' Thread 3" [_thread_blocked, id=17148, stack(0x0000001056000000,0x0000001056100000)]
  0x000001725214c000 JavaThread "Execution worker for ':' Thread 4" [_thread_blocked, id=12304, stack(0x0000001056100000,0x0000001056200000)]
  0x000001725214f800 JavaThread "Execution worker for ':' Thread 5" [_thread_blocked, id=10448, stack(0x0000001056200000,0x0000001056300000)]
  0x0000017252150000 JavaThread "Execution worker for ':' Thread 6" [_thread_blocked, id=21684, stack(0x0000001056300000,0x0000001056400000)]
  0x000001724f2da000 JavaThread "Execution worker for ':' Thread 7" [_thread_blocked, id=20952, stack(0x0000001056400000,0x0000001056500000)]
  0x000001724f2e7000 JavaThread "Cache worker for execution history cache (C:\Users\TOGAN\AndroidStudioProjects\KotlinRetrofit\.gradle\7.0.2\executionHistory)" [_thread_blocked, id=6544, stack(0x0000001056500000,0x0000001056600000)]
  0x0000017255c25800 JavaThread "C2 CompilerThread1" daemon [_thread_in_native, id=22704, stack(0x0000001053e00000,0x0000001053f00000)]
  0x000001724f2e7800 JavaThread "Cache worker for Java compile cache (C:\Users\TOGAN\.gradle\caches\7.0.2\javaCompile)" [_thread_blocked, id=22072, stack(0x0000001056600000,0x0000001056700000)]
  0x000001724f2e2000 JavaThread "Cache worker for Java compile cache (C:\Users\TOGAN\AndroidStudioProjects\KotlinRetrofit\.gradle\7.0.2\javaCompile)" [_thread_blocked, id=20016, stack(0x0000001056700000,0x0000001056800000)]
  0x000001724f2e5800 JavaThread "WorkerExecutor Queue" [_thread_blocked, id=3576, stack(0x0000001056a00000,0x0000001056b00000)]
  0x000001724f2e8800 JavaThread "WorkerExecutor Queue Thread 2" [_thread_blocked, id=23404, stack(0x0000001056b00000,0x0000001056c00000)]
  0x000001724f2e3000 JavaThread "WorkerExecutor Queue Thread 3" [_thread_in_native, id=23792, stack(0x0000001056e00000,0x0000001056f00000)]
  0x000001724f2e3800 JavaThread "WorkerExecutor Queue Thread 4" [_thread_blocked, id=23460, stack(0x0000001056f00000,0x0000001057000000)]
  0x000001724be3e000 JavaThread "WorkerExecutor Queue Thread 5" [_thread_blocked, id=15892, stack(0x0000001057000000,0x0000001057100000)]
  0x000001724be3e800 JavaThread "WorkerExecutor Queue Thread 6" [_thread_blocked, id=17548, stack(0x0000001057100000,0x0000001057200000)]
  0x000001724be3a800 JavaThread "WorkerExecutor Queue Thread 7" [_thread_blocked, id=16024, stack(0x0000001057300000,0x0000001057400000)]
  0x000001724f072800 JavaThread "WorkerExecutor Queue Thread 9" [_thread_blocked, id=22964, stack(0x0000001057500000,0x0000001057600000)]
=>0x000001724f075000 JavaThread "C2 CompilerThread2" daemon [_thread_in_native, id=15032, stack(0x0000001054100000,0x0000001054200000)]
  0x000001724be40800 JavaThread "ForkJoinPool.commonPool-worker-3" daemon [_thread_in_native, id=22912, stack(0x0000001057400000,0x0000001057500000)]
  0x000001724f2e4800 JavaThread "ForkJoinPool.commonPool-worker-5" daemon [_thread_blocked, id=24440, stack(0x0000001057600000,0x0000001057700000)]
  0x00000172526bb800 JavaThread "ForkJoinPool.commonPool-worker-7" daemon [_thread_blocked, id=12976, stack(0x0000001057700000,0x0000001057800000)]
  0x00000172526bc800 JavaThread "ForkJoinPool.commonPool-worker-9" daemon [_thread_blocked, id=1156, stack(0x0000001057800000,0x0000001057900000)]
  0x00000172526bb000 JavaThread "ForkJoinPool.commonPool-worker-11" daemon [_thread_blocked, id=7264, stack(0x0000001057900000,0x0000001057a00000)]
  0x00000172526bf000 JavaThread "ForkJoinPool.commonPool-worker-13" daemon [_thread_blocked, id=23040, stack(0x0000001058000000,0x0000001058100000)]
  0x00000172526bd800 JavaThread "ForkJoinPool.commonPool-worker-15" daemon [_thread_blocked, id=19864, stack(0x0000001058100000,0x0000001058200000)]

Other Threads:
  0x000001724965f800 VMThread "VM Thread" [stack: 0x0000001051d00000,0x0000001051e00000] [id=13324]
  0x0000017249877800 WatcherThread [stack: 0x0000001052700000,0x0000001052800000] [id=2668]
  0x000001722e9a8000 GCTaskThread "GC Thread#0" [stack: 0x0000001051800000,0x0000001051900000] [id=18088]
  0x000001724a411000 GCTaskThread "GC Thread#1" [stack: 0x0000001052800000,0x0000001052900000] [id=22968]
  0x000001724a51f800 GCTaskThread "GC Thread#2" [stack: 0x0000001052900000,0x0000001052a00000] [id=20808]
  0x0000017249f73000 GCTaskThread "GC Thread#3" [stack: 0x0000001052a00000,0x0000001052b00000] [id=22888]
  0x000001724a4be000 GCTaskThread "GC Thread#4" [stack: 0x0000001052b00000,0x0000001052c00000] [id=17456]
  0x000001724a317800 GCTaskThread "GC Thread#5" [stack: 0x0000001052c00000,0x0000001052d00000] [id=21068]
  0x000001724b6c3000 GCTaskThread "GC Thread#6" [stack: 0x0000001053900000,0x0000001053a00000] [id=6036]
  0x000001724bd8a800 GCTaskThread "GC Thread#7" [stack: 0x0000001053a00000,0x0000001053b00000] [id=4192]
  0x000001722e9dd800 ConcurrentGCThread "G1 Main Marker" [stack: 0x0000001051900000,0x0000001051a00000] [id=20448]
  0x000001722e9df000 ConcurrentGCThread "G1 Conc#0" [stack: 0x0000001051a00000,0x0000001051b00000] [id=24500]
  0x000001724c91f000 ConcurrentGCThread "G1 Conc#1" [stack: 0x0000001053b00000,0x0000001053c00000] [id=19428]
  0x000001722ea5d800 ConcurrentGCThread "G1 Refine#0" [stack: 0x0000001051b00000,0x0000001051c00000] [id=13300]
  0x000001724d092000 ConcurrentGCThread "G1 Refine#1" [stack: 0x0000001057a00000,0x0000001057b00000] [id=21836]
  0x000001724d099800 ConcurrentGCThread "G1 Refine#2" [stack: 0x0000001057b00000,0x0000001057c00000] [id=23556]
  0x000001724d097800 ConcurrentGCThread "G1 Refine#3" [stack: 0x0000001057c00000,0x0000001057d00000] [id=23592]
  0x000001724d098800 ConcurrentGCThread "G1 Refine#4" [stack: 0x0000001057d00000,0x0000001057e00000] [id=24100]
  0x000001724d093000 ConcurrentGCThread "G1 Refine#5" [stack: 0x0000001057e00000,0x0000001057f00000] [id=17436]
  0x0000017252714000 ConcurrentGCThread "G1 Refine#6" [stack: 0x0000001057f00000,0x0000001058000000] [id=3004]
  0x0000017252717800 ConcurrentGCThread "G1 Refine#7" [stack: 0x0000001056800000,0x0000001056900000] [id=21696]
  0x0000017248cb3000 ConcurrentGCThread "G1 Young RemSet Sampling" [stack: 0x0000001051c00000,0x0000001051d00000] [id=22652]

Threads with active compile tasks:
C2 CompilerThread0 103818 18869   !   4       java.io.ObjectOutputStream::writeObject0 (619 bytes)
C2 CompilerThread1 103818 18734 %     4       com.android.tools.r8.dex.j::a @ 315 (1038 bytes)
C2 CompilerThread2 103818 18885       4       org.gradle.internal.instantiation.generator.AbstractClassGenerator::inspectType (560 bytes)

VM state:not at safepoint (normal execution)

VM Mutex/Monitor currently owned by a thread: None

Heap address: 0x0000000080000000, size: 2048 MB, Compressed Oops mode: 32-bit
Narrow klass base: 0x0000000000000000, Narrow klass shift: 3
Compressed class space size: 1073741824 Address: 0x0000000100000000

Heap:
 garbage-first heap   total 329728K, used 228868K [0x0000000080000000, 0x0000000100000000)
  region size 1024K, 85 young (87040K), 3 survivors (3072K)
 Metaspace       used 118671K, capacity 122043K, committed 122232K, reserved 1155072K
  class space    used 15106K, capacity 16367K, committed 16504K, reserved 1048576K
Heap Regions: E=young(eden), S=young(survivor), O=old, HS=humongous(starts), HC=humongous(continues), CS=collection set, F=free, A=archive, TAMS=top-at-mark-start (previous, next)
|   0|0x0000000080000000, 0x0000000080100000, 0x0000000080100000|100%| O|  |TAMS 0x0000000080100000, 0x0000000080000000| Untracked 
|   1|0x0000000080100000, 0x0000000080200000, 0x0000000080200000|100%| O|  |TAMS 0x0000000080200000, 0x0000000080100000| Untracked 
|   2|0x0000000080200000, 0x0000000080300000, 0x0000000080300000|100%| O|  |TAMS 0x0000000080300000, 0x0000000080200000| Untracked 
|   3|0x0000000080300000, 0x0000000080400000, 0x0000000080400000|100%|HS|  |TAMS 0x0000000080400000, 0x0000000080300000| Complete 
|   4|0x0000000080400000, 0x0000000080500000, 0x0000000080500000|100%|HC|  |TAMS 0x0000000080500000, 0x0000000080400000| Complete 
|   5|0x0000000080500000, 0x0000000080600000, 0x0000000080600000|100%|HC|  |TAMS 0x0000000080600000, 0x0000000080500000| Complete 
|   6|0x0000000080600000, 0x0000000080700000, 0x0000000080700000|100%| O|  |TAMS 0x0000000080700000, 0x0000000080600000| Untracked 
|   7|0x0000000080700000, 0x0000000080800000, 0x0000000080800000|100%| O|  |TAMS 0x0000000080800000, 0x0000000080700000| Untracked 
|   8|0x0000000080800000, 0x0000000080900000, 0x0000000080900000|100%| O|  |TAMS 0x0000000080900000, 0x0000000080800000| Untracked 
|   9|0x0000000080900000, 0x0000000080a00000, 0x0000000080a00000|100%| O|  |TAMS 0x0000000080a00000, 0x0000000080900000| Untracked 
|  10|0x0000000080a00000, 0x0000000080b00000, 0x0000000080b00000|100%| O|  |TAMS 0x0000000080b00000, 0x0000000080a00000| Untracked 
|  11|0x0000000080b00000, 0x0000000080c00000, 0x0000000080c00000|100%| O|  |TAMS 0x0000000080c00000, 0x0000000080b00000| Untracked 
|  12|0x0000000080c00000, 0x0000000080d00000, 0x0000000080d00000|100%| O|  |TAMS 0x0000000080d00000, 0x0000000080c00000| Untracked 
|  13|0x0000000080d00000, 0x0000000080e00000, 0x0000000080e00000|100%| O|  |TAMS 0x0000000080e00000, 0x0000000080d00000| Untracked 
|  14|0x0000000080e00000, 0x0000000080f00000, 0x0000000080f00000|100%| O|  |TAMS 0x0000000080f00000, 0x0000000080e00000| Untracked 
|  15|0x0000000080f00000, 0x0000000081000000, 0x0000000081000000|100%| O|  |TAMS 0x0000000081000000, 0x0000000080f00000| Untracked 
|  16|0x0000000081000000, 0x0000000081100000, 0x0000000081100000|100%|HS|  |TAMS 0x0000000081100000, 0x0000000081000000| Complete 
|  17|0x0000000081100000, 0x0000000081200000, 0x0000000081200000|100%|HS|  |TAMS 0x0000000081200000, 0x0000000081100000| Complete 
|  18|0x0000000081200000, 0x0000000081300000, 0x0000000081300000|100%|HS|  |TAMS 0x0000000081300000, 0x0000000081200000| Complete 
|  19|0x0000000081300000, 0x0000000081400000, 0x0000000081400000|100%|HS|  |TAMS 0x0000000081400000, 0x0000000081300000| Complete 
|  20|0x0000000081400000, 0x0000000081500000, 0x0000000081500000|100%|HC|  |TAMS 0x0000000081500000, 0x0000000081400000| Complete 
|  21|0x0000000081500000, 0x0000000081600000, 0x0000000081600000|100%|HC|  |TAMS 0x0000000081600000, 0x0000000081500000| Complete 
|  22|0x0000000081600000, 0x0000000081700000, 0x0000000081700000|100%|HS|  |TAMS 0x0000000081700000, 0x0000000081600000| Complete 
|  23|0x0000000081700000, 0x0000000081800000, 0x0000000081800000|100%|HC|  |TAMS 0x0000000081800000, 0x0000000081700000| Complete 
|  24|0x0000000081800000, 0x0000000081900000, 0x0000000081900000|100%| O|  |TAMS 0x0000000081900000, 0x0000000081800000| Untracked 
|  25|0x0000000081900000, 0x0000000081a00000, 0x0000000081a00000|100%| O|  |TAMS 0x0000000081a00000, 0x0000000081900000| Untracked 
|  26|0x0000000081a00000, 0x0000000081b00000, 0x0000000081b00000|100%| O|  |TAMS 0x0000000081b00000, 0x0000000081a00000| Untracked 
|  27|0x0000000081b00000, 0x0000000081c00000, 0x0000000081c00000|100%| O|  |TAMS 0x0000000081c00000, 0x0000000081b00000| Untracked 
|  28|0x0000000081c00000, 0x0000000081d00000, 0x0000000081d00000|100%| O|  |TAMS 0x0000000081d00000, 0x0000000081c00000| Complete 
|  29|0x0000000081d00000, 0x0000000081e00000, 0x0000000081e00000|100%| O|  |TAMS 0x0000000081e00000, 0x0000000081d00000| Untracked 
|  30|0x0000000081e00000, 0x0000000081f00000, 0x0000000081f00000|100%| O|  |TAMS 0x0000000081f00000, 0x0000000081e00000| Untracked 
|  31|0x0000000081f00000, 0x0000000082000000, 0x0000000082000000|100%| O|  |TAMS 0x0000000082000000, 0x0000000081f00000| Untracked 
|  32|0x0000000082000000, 0x0000000082100000, 0x0000000082100000|100%| O|  |TAMS 0x0000000082100000, 0x0000000082000000| Untracked 
|  33|0x0000000082100000, 0x0000000082200000, 0x0000000082200000|100%| O|  |TAMS 0x0000000082200000, 0x0000000082100000| Untracked 
|  34|0x0000000082200000, 0x0000000082300000, 0x0000000082300000|100%| O|  |TAMS 0x0000000082300000, 0x0000000082200000| Untracked 
|  35|0x0000000082300000, 0x0000000082400000, 0x0000000082400000|100%| O|  |TAMS 0x0000000082400000, 0x0000000082300000| Complete 
|  36|0x0000000082400000, 0x0000000082500000, 0x0000000082500000|100%| O|  |TAMS 0x0000000082500000, 0x0000000082400000| Untracked 
|  37|0x0000000082500000, 0x0000000082600000, 0x0000000082600000|100%| O|  |TAMS 0x0000000082600000, 0x0000000082500000| Complete 
|  38|0x0000000082600000, 0x0000000082700000, 0x0000000082700000|100%| O|  |TAMS 0x0000000082700000, 0x0000000082600000| Complete 
|  39|0x0000000082700000, 0x0000000082800000, 0x0000000082800000|100%| O|  |TAMS 0x0000000082800000, 0x0000000082700000| Untracked 
|  40|0x0000000082800000, 0x0000000082900000, 0x0000000082900000|100%| O|  |TAMS 0x0000000082900000, 0x0000000082800000| Untracked 
|  41|0x0000000082900000, 0x0000000082a00000, 0x0000000082a00000|100%| O|  |TAMS 0x0000000082a00000, 0x0000000082900000| Untracked 
|  42|0x0000000082a00000, 0x0000000082b00000, 0x0000000082b00000|100%| O|  |TAMS 0x0000000082b00000, 0x0000000082a00000| Untracked 
|  43|0x0000000082b00000, 0x0000000082c00000, 0x0000000082c00000|100%| O|  |TAMS 0x0000000082c00000, 0x0000000082b00000| Untracked 
|  44|0x0000000082c00000, 0x0000000082d00000, 0x0000000082d00000|100%| O|  |TAMS 0x0000000082d00000, 0x0000000082c00000| Untracked 
|  45|0x0000000082d00000, 0x0000000082e00000, 0x0000000082e00000|100%| O|  |TAMS 0x0000000082e00000, 0x0000000082d00000| Untracked 
|  46|0x0000000082e00000, 0x0000000082f00000, 0x0000000082f00000|100%| O|  |TAMS 0x0000000082f00000, 0x0000000082e00000| Complete 
|  47|0x0000000082f00000, 0x0000000083000000, 0x0000000083000000|100%| O|  |TAMS 0x0000000083000000, 0x0000000082f00000| Complete 
|  48|0x0000000083000000, 0x0000000083100000, 0x0000000083100000|100%| O|  |TAMS 0x0000000083100000, 0x0000000083000000| Untracked 
|  49|0x0000000083100000, 0x0000000083200000, 0x0000000083200000|100%| O|  |TAMS 0x0000000083200000, 0x0000000083100000| Untracked 
|  50|0x0000000083200000, 0x0000000083300000, 0x0000000083300000|100%| O|  |TAMS 0x0000000083300000, 0x0000000083200000| Complete 
|  51|0x0000000083300000, 0x0000000083400000, 0x0000000083400000|100%| O|  |TAMS 0x0000000083400000, 0x0000000083300000| Untracked 
|  52|0x0000000083400000, 0x0000000083500000, 0x0000000083500000|100%| O|  |TAMS 0x0000000083500000, 0x0000000083400000| Untracked 
|  53|0x0000000083500000, 0x0000000083600000, 0x0000000083600000|100%| O|  |TAMS 0x0000000083600000, 0x0000000083500000| Untracked 
|  54|0x0000000083600000, 0x0000000083700000, 0x0000000083700000|100%| O|  |TAMS 0x0000000083700000, 0x0000000083600000| Untracked 
|  55|0x0000000083700000, 0x0000000083800000, 0x0000000083800000|100%| O|  |TAMS 0x0000000083800000, 0x0000000083700000| Complete 
|  56|0x0000000083800000, 0x0000000083900000, 0x0000000083900000|100%| O|  |TAMS 0x0000000083900000, 0x0000000083800000| Complete 
|  57|0x0000000083900000, 0x0000000083a00000, 0x0000000083a00000|100%| O|  |TAMS 0x0000000083a00000, 0x0000000083900000| Complete 
|  58|0x0000000083a00000, 0x0000000083b00000, 0x0000000083b00000|100%| O|  |TAMS 0x0000000083b00000, 0x0000000083a00000| Untracked 
|  59|0x0000000083b00000, 0x0000000083c00000, 0x0000000083c00000|100%| O|  |TAMS 0x0000000083c00000, 0x0000000083b00000| Untracked 
|  60|0x0000000083c00000, 0x0000000083d00000, 0x0000000083d00000|100%| O|  |TAMS 0x0000000083d00000, 0x0000000083c00000| Complete 
|  61|0x0000000083d00000, 0x0000000083e00000, 0x0000000083e00000|100%| O|  |TAMS 0x0000000083e00000, 0x0000000083d00000| Complete 
|  62|0x0000000083e00000, 0x0000000083f00000, 0x0000000083f00000|100%| O|  |TAMS 0x0000000083f00000, 0x0000000083e00000| Complete 
|  63|0x0000000083f00000, 0x0000000084000000, 0x0000000084000000|100%| O|  |TAMS 0x0000000084000000, 0x0000000083f00000| Complete 
|  64|0x0000000084000000, 0x0000000084100000, 0x0000000084100000|100%| O|  |TAMS 0x0000000084100000, 0x0000000084000000| Complete 
|  65|0x0000000084100000, 0x0000000084200000, 0x0000000084200000|100%| O|  |TAMS 0x0000000084200000, 0x0000000084100000| Untracked 
|  66|0x0000000084200000, 0x0000000084300000, 0x0000000084300000|100%| O|  |TAMS 0x0000000084300000, 0x0000000084200000| Complete 
|  67|0x0000000084300000, 0x0000000084400000, 0x0000000084400000|100%| O|  |TAMS 0x0000000084400000, 0x0000000084300000| Complete 
|  68|0x0000000084400000, 0x0000000084500000, 0x0000000084500000|100%| O|  |TAMS 0x0000000084500000, 0x0000000084400000| Complete 
|  69|0x0000000084500000, 0x0000000084600000, 0x0000000084600000|100%| O|  |TAMS 0x0000000084600000, 0x0000000084500000| Complete 
|  70|0x0000000084600000, 0x0000000084700000, 0x0000000084700000|100%| O|  |TAMS 0x0000000084700000, 0x0000000084600000| Complete 
|  71|0x0000000084700000, 0x0000000084800000, 0x0000000084800000|100%| O|  |TAMS 0x0000000084800000, 0x0000000084700000| Untracked 
|  72|0x0000000084800000, 0x0000000084900000, 0x0000000084900000|100%| O|  |TAMS 0x0000000084900000, 0x0000000084800000| Untracked 
|  73|0x0000000084900000, 0x0000000084a00000, 0x0000000084a00000|100%| O|  |TAMS 0x0000000084a00000, 0x0000000084900000| Complete 
|  74|0x0000000084a00000, 0x0000000084b00000, 0x0000000084b00000|100%| O|  |TAMS 0x0000000084b00000, 0x0000000084a00000| Complete 
|  75|0x0000000084b00000, 0x0000000084c00000, 0x0000000084c00000|100%| O|  |TAMS 0x0000000084c00000, 0x0000000084b00000| Untracked 
|  76|0x0000000084c00000, 0x0000000084d00000, 0x0000000084d00000|100%| O|  |TAMS 0x0000000084d00000, 0x0000000084c00000| Untracked 
|  77|0x0000000084d00000, 0x0000000084e00000, 0x0000000084e00000|100%| O|  |TAMS 0x0000000084e00000, 0x0000000084d00000| Untracked 
|  78|0x0000000084e00000, 0x0000000084f00000, 0x0000000084f00000|100%| O|  |TAMS 0x0000000084f00000, 0x0000000084e00000| Untracked 
|  79|0x0000000084f00000, 0x0000000085000000, 0x0000000085000000|100%| O|  |TAMS 0x0000000085000000, 0x0000000084f00000| Untracked 
|  80|0x0000000085000000, 0x0000000085100000, 0x0000000085100000|100%| O|  |TAMS 0x0000000085100000, 0x0000000085000000| Untracked 
|  81|0x0000000085100000, 0x0000000085200000, 0x0000000085200000|100%| O|  |TAMS 0x0000000085200000, 0x0000000085100000| Untracked 
|  82|0x0000000085200000, 0x0000000085300000, 0x0000000085300000|100%| O|  |TAMS 0x0000000085300000, 0x0000000085200000| Complete 
|  83|0x0000000085300000, 0x0000000085400000, 0x0000000085400000|100%| O|  |TAMS 0x0000000085400000, 0x0000000085300000| Untracked 
|  84|0x0000000085400000, 0x0000000085500000, 0x0000000085500000|100%| O|  |TAMS 0x0000000085500000, 0x0000000085400000| Complete 
|  85|0x0000000085500000, 0x0000000085600000, 0x0000000085600000|100%| O|  |TAMS 0x0000000085600000, 0x0000000085500000| Complete 
|  86|0x0000000085600000, 0x0000000085700000, 0x0000000085700000|100%| O|  |TAMS 0x0000000085700000, 0x0000000085600000| Untracked 
|  87|0x0000000085700000, 0x0000000085800000, 0x0000000085800000|100%| O|  |TAMS 0x0000000085800000, 0x0000000085700000| Untracked 
|  88|0x0000000085800000, 0x0000000085900000, 0x0000000085900000|100%| O|  |TAMS 0x0000000085900000, 0x0000000085800000| Untracked 
|  89|0x0000000085900000, 0x0000000085a00000, 0x0000000085a00000|100%| O|  |TAMS 0x0000000085a00000, 0x0000000085900000| Untracked 
|  90|0x0000000085a00000, 0x0000000085b00000, 0x0000000085b00000|100%| O|  |TAMS 0x0000000085b00000, 0x0000000085a00000| Untracked 
|  91|0x0000000085b00000, 0x0000000085c00000, 0x0000000085c00000|100%| O|  |TAMS 0x0000000085c00000, 0x0000000085b00000| Untracked 
|  92|0x0000000085c00000, 0x0000000085d00000, 0x0000000085d00000|100%| O|  |TAMS 0x0000000085d00000, 0x0000000085c00000| Complete 
|  93|0x0000000085d00000, 0x0000000085e00000, 0x0000000085e00000|100%| O|  |TAMS 0x0000000085e00000, 0x0000000085d00000| Untracked 
|  94|0x0000000085e00000, 0x0000000085e1d800, 0x0000000085f00000| 11%| O|  |TAMS 0x0000000085e1d800, 0x0000000085e00000| Untracked 
|  95|0x0000000085f00000, 0x0000000086000000, 0x0000000086000000|100%|HS|  |TAMS 0x0000000085f00000, 0x0000000085f00000| Complete 
|  96|0x0000000086000000, 0x0000000086100000, 0x0000000086100000|100%|HS|  |TAMS 0x0000000086000000, 0x0000000086000000| Complete 
|  97|0x0000000086100000, 0x0000000086200000, 0x0000000086200000|100%|HS|  |TAMS 0x0000000086100000, 0x0000000086100000| Complete 
|  98|0x0000000086200000, 0x0000000086200000, 0x0000000086300000|  0%| F|  |TAMS 0x0000000086200000, 0x0000000086200000| Untracked 
|  99|0x0000000086300000, 0x0000000086300000, 0x0000000086400000|  0%| F|  |TAMS 0x0000000086300000, 0x0000000086300000| Untracked 
| 100|0x0000000086400000, 0x0000000086400000, 0x0000000086500000|  0%| F|  |TAMS 0x0000000086400000, 0x0000000086400000| Untracked 
| 101|0x0000000086500000, 0x0000000086500000, 0x0000000086600000|  0%| F|  |TAMS 0x0000000086500000, 0x0000000086500000| Untracked 
| 102|0x0000000086600000, 0x0000000086600000, 0x0000000086700000|  0%| F|  |TAMS 0x0000000086600000, 0x0000000086600000| Untracked 
| 103|0x0000000086700000, 0x0000000086700000, 0x0000000086800000|  0%| F|  |TAMS 0x0000000086700000, 0x0000000086700000| Untracked 
| 104|0x0000000086800000, 0x0000000086800000, 0x0000000086900000|  0%| F|  |TAMS 0x0000000086800000, 0x0000000086800000| Untracked 
| 105|0x0000000086900000, 0x0000000086900000, 0x0000000086a00000|  0%| F|  |TAMS 0x0000000086900000, 0x0000000086900000| Untracked 
| 106|0x0000000086a00000, 0x0000000086a00000, 0x0000000086b00000|  0%| F|  |TAMS 0x0000000086a00000, 0x0000000086a00000| Untracked 
| 107|0x0000000086b00000, 0x0000000086c00000, 0x0000000086c00000|100%| O|  |TAMS 0x0000000086c00000, 0x0000000086b00000| Untracked 
| 108|0x0000000086c00000, 0x0000000086d00000, 0x0000000086d00000|100%| O|  |TAMS 0x0000000086d00000, 0x0000000086c00000| Untracked 
| 109|0x0000000086d00000, 0x0000000086e00000, 0x0000000086e00000|100%| O|  |TAMS 0x0000000086e00000, 0x0000000086d00000| Complete 
| 110|0x0000000086e00000, 0x0000000086f00000, 0x0000000086f00000|100%| O|  |TAMS 0x0000000086f00000, 0x0000000086e00000| Complete 
| 111|0x0000000086f00000, 0x0000000087000000, 0x0000000087000000|100%| O|  |TAMS 0x0000000087000000, 0x0000000086f00000| Complete 
| 112|0x0000000087000000, 0x0000000087100000, 0x0000000087100000|100%| O|  |TAMS 0x0000000087100000, 0x0000000087000000| Complete 
| 113|0x0000000087100000, 0x0000000087200000, 0x0000000087200000|100%| O|  |TAMS 0x0000000087200000, 0x0000000087100000| Complete 
| 114|0x0000000087200000, 0x0000000087300000, 0x0000000087300000|100%| O|  |TAMS 0x0000000087300000, 0x0000000087200000| Complete 
| 115|0x0000000087300000, 0x0000000087400000, 0x0000000087400000|100%| O|  |TAMS 0x0000000087400000, 0x0000000087300000| Complete 
| 116|0x0000000087400000, 0x0000000087500000, 0x0000000087500000|100%| O|  |TAMS 0x0000000087500000, 0x0000000087400000| Complete 
| 117|0x0000000087500000, 0x0000000087600000, 0x0000000087600000|100%| O|  |TAMS 0x0000000087600000, 0x0000000087500000| Complete 
| 118|0x0000000087600000, 0x0000000087700000, 0x0000000087700000|100%|HS|  |TAMS 0x0000000087600000, 0x0000000087600000| Complete 
| 119|0x0000000087700000, 0x0000000087800000, 0x0000000087800000|100%|HC|  |TAMS 0x0000000087700000, 0x0000000087700000| Complete 
| 120|0x0000000087800000, 0x0000000087900000, 0x0000000087900000|100%|HC|  |TAMS 0x0000000087800000, 0x0000000087800000| Complete 
| 121|0x0000000087900000, 0x0000000087a00000, 0x0000000087a00000|100%|HC|  |TAMS 0x0000000087900000, 0x0000000087900000| Complete 
| 122|0x0000000087a00000, 0x0000000087b00000, 0x0000000087b00000|100%|HC|  |TAMS 0x0000000087a00000, 0x0000000087a00000| Complete 
| 123|0x0000000087b00000, 0x0000000087c00000, 0x0000000087c00000|100%|HC|  |TAMS 0x0000000087b00000, 0x0000000087b00000| Complete 
| 124|0x0000000087c00000, 0x0000000087d00000, 0x0000000087d00000|100%|HC|  |TAMS 0x0000000087c00000, 0x0000000087c00000| Complete 
| 125|0x0000000087d00000, 0x0000000087e00000, 0x0000000087e00000|100%|HC|  |TAMS 0x0000000087d00000, 0x0000000087d00000| Complete 
| 126|0x0000000087e00000, 0x0000000087f00000, 0x0000000087f00000|100%|HC|  |TAMS 0x0000000087e00000, 0x0000000087e00000| Complete 
| 127|0x0000000087f00000, 0x0000000088000000, 0x0000000088000000|100%|HC|  |TAMS 0x0000000087f00000, 0x0000000087f00000| Complete 
| 128|0x0000000088000000, 0x0000000088100000, 0x0000000088100000|100%|HS|  |TAMS 0x0000000088000000, 0x0000000088000000| Complete 
| 129|0x0000000088100000, 0x0000000088200000, 0x0000000088200000|100%|HC|  |TAMS 0x0000000088100000, 0x0000000088100000| Complete 
| 130|0x0000000088200000, 0x0000000088300000, 0x0000000088300000|100%|HC|  |TAMS 0x0000000088200000, 0x0000000088200000| Complete 
| 131|0x0000000088300000, 0x0000000088400000, 0x0000000088400000|100%|HC|  |TAMS 0x0000000088300000, 0x0000000088300000| Complete 
| 132|0x0000000088400000, 0x0000000088500000, 0x0000000088500000|100%|HC|  |TAMS 0x0000000088400000, 0x0000000088400000| Complete 
| 133|0x0000000088500000, 0x0000000088600000, 0x0000000088600000|100%|HC|  |TAMS 0x0000000088500000, 0x0000000088500000| Complete 
| 134|0x0000000088600000, 0x0000000088700000, 0x0000000088700000|100%|HC|  |TAMS 0x0000000088600000, 0x0000000088600000| Complete 
| 135|0x0000000088700000, 0x0000000088800000, 0x0000000088800000|100%|HC|  |TAMS 0x0000000088700000, 0x0000000088700000| Complete 
| 136|0x0000000088800000, 0x0000000088900000, 0x0000000088900000|100%|HC|  |TAMS 0x0000000088800000, 0x0000000088800000| Complete 
| 137|0x0000000088900000, 0x0000000088a00000, 0x0000000088a00000|100%|HC|  |TAMS 0x0000000088900000, 0x0000000088900000| Complete 
| 138|0x0000000088a00000, 0x0000000088a00000, 0x0000000088b00000|  0%| F|  |TAMS 0x0000000088a00000, 0x0000000088a00000| Untracked 
| 139|0x0000000088b00000, 0x0000000088b00000, 0x0000000088c00000|  0%| F|  |TAMS 0x0000000088b00000, 0x0000000088b00000| Untracked 
| 140|0x0000000088c00000, 0x0000000088c00000, 0x0000000088d00000|  0%| F|  |TAMS 0x0000000088c00000, 0x0000000088c00000| Untracked 
| 141|0x0000000088d00000, 0x0000000088d00000, 0x0000000088e00000|  0%| F|  |TAMS 0x0000000088d00000, 0x0000000088d00000| Untracked 
| 142|0x0000000088e00000, 0x0000000088e00000, 0x0000000088f00000|  0%| F|  |TAMS 0x0000000088e00000, 0x0000000088e00000| Untracked 
| 143|0x0000000088f00000, 0x0000000088f00000, 0x0000000089000000|  0%| F|  |TAMS 0x0000000088f00000, 0x0000000088f00000| Untracked 
| 144|0x0000000089000000, 0x0000000089000000, 0x0000000089100000|  0%| F|  |TAMS 0x0000000089000000, 0x0000000089000000| Untracked 
| 145|0x0000000089100000, 0x0000000089100000, 0x0000000089200000|  0%| F|  |TAMS 0x0000000089100000, 0x0000000089100000| Untracked 
| 146|0x0000000089200000, 0x0000000089200000, 0x0000000089300000|  0%| F|  |TAMS 0x0000000089200000, 0x0000000089200000| Untracked 
| 147|0x0000000089300000, 0x0000000089300000, 0x0000000089400000|  0%| F|  |TAMS 0x0000000089300000, 0x0000000089300000| Untracked 
| 148|0x0000000089400000, 0x0000000089400000, 0x0000000089500000|  0%| F|  |TAMS 0x0000000089400000, 0x0000000089400000| Untracked 
| 149|0x0000000089500000, 0x0000000089500000, 0x0000000089600000|  0%| F|  |TAMS 0x0000000089500000, 0x0000000089500000| Untracked 
| 150|0x0000000089600000, 0x0000000089600000, 0x0000000089700000|  0%| F|  |TAMS 0x0000000089600000, 0x0000000089600000| Untracked 
| 151|0x0000000089700000, 0x0000000089700000, 0x0000000089800000|  0%| F|  |TAMS 0x0000000089700000, 0x0000000089700000| Untracked 
| 152|0x0000000089800000, 0x0000000089800000, 0x0000000089900000|  0%| F|  |TAMS 0x0000000089800000, 0x0000000089800000| Untracked 
| 153|0x0000000089900000, 0x0000000089900000, 0x0000000089a00000|  0%| F|  |TAMS 0x0000000089900000, 0x0000000089900000| Untracked 
| 154|0x0000000089a00000, 0x0000000089a00000, 0x0000000089b00000|  0%| F|  |TAMS 0x0000000089a00000, 0x0000000089a00000| Untracked 
| 155|0x0000000089b00000, 0x0000000089b00000, 0x0000000089c00000|  0%| F|  |TAMS 0x0000000089b00000, 0x0000000089b00000| Untracked 
| 156|0x0000000089c00000, 0x0000000089c00000, 0x0000000089d00000|  0%| F|  |TAMS 0x0000000089c00000, 0x0000000089c00000| Untracked 
| 157|0x0000000089d00000, 0x0000000089d00000, 0x0000000089e00000|  0%| F|  |TAMS 0x0000000089d00000, 0x0000000089d00000| Untracked 
| 158|0x0000000089e00000, 0x0000000089e00000, 0x0000000089f00000|  0%| F|  |TAMS 0x0000000089e00000, 0x0000000089e00000| Untracked 
| 159|0x0000000089f00000, 0x0000000089f00000, 0x000000008a000000|  0%| F|  |TAMS 0x0000000089f00000, 0x0000000089f00000| Untracked 
| 160|0x000000008a000000, 0x000000008a000000, 0x000000008a100000|  0%| F|  |TAMS 0x000000008a000000, 0x000000008a000000| Untracked 
| 161|0x000000008a100000, 0x000000008a100000, 0x000000008a200000|  0%| F|  |TAMS 0x000000008a100000, 0x000000008a100000| Untracked 
| 162|0x000000008a200000, 0x000000008a200000, 0x000000008a300000|  0%| F|  |TAMS 0x000000008a200000, 0x000000008a200000| Untracked 
| 163|0x000000008a300000, 0x000000008a300000, 0x000000008a400000|  0%| F|  |TAMS 0x000000008a300000, 0x000000008a300000| Untracked 
| 164|0x000000008a400000, 0x000000008a400000, 0x000000008a500000|  0%| F|  |TAMS 0x000000008a400000, 0x000000008a400000| Untracked 
| 165|0x000000008a500000, 0x000000008a500000, 0x000000008a600000|  0%| F|  |TAMS 0x000000008a500000, 0x000000008a500000| Untracked 
| 166|0x000000008a600000, 0x000000008a600000, 0x000000008a700000|  0%| F|  |TAMS 0x000000008a600000, 0x000000008a600000| Untracked 
| 167|0x000000008a700000, 0x000000008a700000, 0x000000008a800000|  0%| F|  |TAMS 0x000000008a700000, 0x000000008a700000| Untracked 
| 168|0x000000008a800000, 0x000000008a800000, 0x000000008a900000|  0%| F|  |TAMS 0x000000008a800000, 0x000000008a800000| Untracked 
| 169|0x000000008a900000, 0x000000008a900000, 0x000000008aa00000|  0%| F|  |TAMS 0x000000008a900000, 0x000000008a900000| Untracked 
| 170|0x000000008aa00000, 0x000000008aa00000, 0x000000008ab00000|  0%| F|  |TAMS 0x000000008aa00000, 0x000000008aa00000| Untracked 
| 171|0x000000008ab00000, 0x000000008ab00000, 0x000000008ac00000|  0%| F|  |TAMS 0x000000008ab00000, 0x000000008ab00000| Untracked 
| 172|0x000000008ac00000, 0x000000008ac00000, 0x000000008ad00000|  0%| F|  |TAMS 0x000000008ac00000, 0x000000008ac00000| Untracked 
| 173|0x000000008ad00000, 0x000000008ad00000, 0x000000008ae00000|  0%| F|  |TAMS 0x000000008ad00000, 0x000000008ad00000| Untracked 
| 174|0x000000008ae00000, 0x000000008af00000, 0x000000008af00000|100%| O|  |TAMS 0x000000008af00000, 0x000000008ae00000| Untracked 
| 175|0x000000008af00000, 0x000000008af00000, 0x000000008b000000|  0%| F|  |TAMS 0x000000008af00000, 0x000000008af00000| Untracked 
| 176|0x000000008b000000, 0x000000008b000000, 0x000000008b100000|  0%| F|  |TAMS 0x000000008b000000, 0x000000008b000000| Untracked 
| 177|0x000000008b100000, 0x000000008b100000, 0x000000008b200000|  0%| F|  |TAMS 0x000000008b100000, 0x000000008b100000| Untracked 
| 178|0x000000008b200000, 0x000000008b200000, 0x000000008b300000|  0%| F|  |TAMS 0x000000008b200000, 0x000000008b200000| Untracked 
| 179|0x000000008b300000, 0x000000008b300000, 0x000000008b400000|  0%| F|  |TAMS 0x000000008b300000, 0x000000008b300000| Untracked 
| 180|0x000000008b400000, 0x000000008b400000, 0x000000008b500000|  0%| F|  |TAMS 0x000000008b400000, 0x000000008b400000| Untracked 
| 181|0x000000008b500000, 0x000000008b500000, 0x000000008b600000|  0%| F|  |TAMS 0x000000008b500000, 0x000000008b500000| Untracked 
| 182|0x000000008b600000, 0x000000008b600000, 0x000000008b700000|  0%| F|  |TAMS 0x000000008b600000, 0x000000008b600000| Untracked 
| 183|0x000000008b700000, 0x000000008b700000, 0x000000008b800000|  0%| F|  |TAMS 0x000000008b700000, 0x000000008b700000| Untracked 
| 184|0x000000008b800000, 0x000000008b800000, 0x000000008b900000|  0%| F|  |TAMS 0x000000008b800000, 0x000000008b800000| Untracked 
| 185|0x000000008b900000, 0x000000008b900000, 0x000000008ba00000|  0%| F|  |TAMS 0x000000008b900000, 0x000000008b900000| Untracked 
| 186|0x000000008ba00000, 0x000000008ba00000, 0x000000008bb00000|  0%| F|  |TAMS 0x000000008ba00000, 0x000000008ba00000| Untracked 
| 187|0x000000008bb00000, 0x000000008bb00000, 0x000000008bc00000|  0%| F|  |TAMS 0x000000008bb00000, 0x000000008bb00000| Untracked 
| 188|0x000000008bc00000, 0x000000008bc00000, 0x000000008bd00000|  0%| F|  |TAMS 0x000000008bc00000, 0x000000008bc00000| Untracked 
| 189|0x000000008bd00000, 0x000000008bd00000, 0x000000008be00000|  0%| F|  |TAMS 0x000000008bd00000, 0x000000008bd00000| Untracked 
| 190|0x000000008be00000, 0x000000008be00000, 0x000000008bf00000|  0%| F|  |TAMS 0x000000008be00000, 0x000000008be00000| Untracked 
| 191|0x000000008bf00000, 0x000000008c000000, 0x000000008c000000|100%| O|  |TAMS 0x000000008c000000, 0x000000008bf00000| Complete 
| 192|0x000000008c000000, 0x000000008c100000, 0x000000008c100000|100%| O|  |TAMS 0x000000008c100000, 0x000000008c000000| Complete 
| 193|0x000000008c100000, 0x000000008c100000, 0x000000008c200000|  0%| F|  |TAMS 0x000000008c100000, 0x000000008c100000| Untracked 
| 194|0x000000008c200000, 0x000000008c300000, 0x000000008c300000|100%| O|  |TAMS 0x000000008c300000, 0x000000008c200000| Complete 
| 195|0x000000008c300000, 0x000000008c400000, 0x000000008c400000|100%| O|  |TAMS 0x000000008c400000, 0x000000008c300000| Complete 
| 196|0x000000008c400000, 0x000000008c500000, 0x000000008c500000|100%| O|  |TAMS 0x000000008c500000, 0x000000008c400000| Complete 
| 197|0x000000008c500000, 0x000000008c600000, 0x000000008c600000|100%| O|  |TAMS 0x000000008c600000, 0x000000008c500000| Complete 
| 198|0x000000008c600000, 0x000000008c700000, 0x000000008c700000|100%| O|  |TAMS 0x000000008c700000, 0x000000008c600000| Complete 
| 199|0x000000008c700000, 0x000000008c700000, 0x000000008c800000|  0%| F|  |TAMS 0x000000008c700000, 0x000000008c700000| Untracked 
| 200|0x000000008c800000, 0x000000008c800000, 0x000000008c900000|  0%| F|  |TAMS 0x000000008c800000, 0x000000008c800000| Untracked 
| 201|0x000000008c900000, 0x000000008c900000, 0x000000008ca00000|  0%| F|  |TAMS 0x000000008c900000, 0x000000008c900000| Untracked 
| 202|0x000000008ca00000, 0x000000008ca00000, 0x000000008cb00000|  0%| F|  |TAMS 0x000000008ca00000, 0x000000008ca00000| Untracked 
| 203|0x000000008cb00000, 0x000000008cb00000, 0x000000008cc00000|  0%| F|  |TAMS 0x000000008cb00000, 0x000000008cb00000| Untracked 
| 204|0x000000008cc00000, 0x000000008cc00000, 0x000000008cd00000|  0%| F|  |TAMS 0x000000008cc00000, 0x000000008cc00000| Untracked 
| 205|0x000000008cd00000, 0x000000008ce00000, 0x000000008ce00000|100%| O|  |TAMS 0x000000008ce00000, 0x000000008cd00000| Untracked 
| 206|0x000000008ce00000, 0x000000008cf00000, 0x000000008cf00000|100%| O|  |TAMS 0x000000008cf00000, 0x000000008ce00000| Untracked 
| 207|0x000000008cf00000, 0x000000008cf00000, 0x000000008d000000|  0%| F|  |TAMS 0x000000008cf00000, 0x000000008cf00000| Untracked 
| 208|0x000000008d000000, 0x000000008d000000, 0x000000008d100000|  0%| F|  |TAMS 0x000000008d000000, 0x000000008d000000| Untracked 
| 209|0x000000008d100000, 0x000000008d100000, 0x000000008d200000|  0%| F|  |TAMS 0x000000008d100000, 0x000000008d100000| Untracked 
| 210|0x000000008d200000, 0x000000008d200000, 0x000000008d300000|  0%| F|  |TAMS 0x000000008d200000, 0x000000008d200000| Untracked 
| 211|0x000000008d300000, 0x000000008d300000, 0x000000008d400000|  0%| F|  |TAMS 0x000000008d300000, 0x000000008d300000| Untracked 
| 212|0x000000008d400000, 0x000000008d500000, 0x000000008d500000|100%| O|  |TAMS 0x000000008d500000, 0x000000008d400000| Complete 
| 213|0x000000008d500000, 0x000000008d500000, 0x000000008d600000|  0%| F|  |TAMS 0x000000008d500000, 0x000000008d500000| Untracked 
| 214|0x000000008d600000, 0x000000008d600000, 0x000000008d700000|  0%| F|  |TAMS 0x000000008d600000, 0x000000008d600000| Untracked 
| 215|0x000000008d700000, 0x000000008d700000, 0x000000008d800000|  0%| F|  |TAMS 0x000000008d700000, 0x000000008d700000| Untracked 
| 216|0x000000008d800000, 0x000000008d800000, 0x000000008d900000|  0%| F|  |TAMS 0x000000008d800000, 0x000000008d800000| Untracked 
| 217|0x000000008d900000, 0x000000008d900000, 0x000000008da00000|  0%| F|  |TAMS 0x000000008d900000, 0x000000008d900000| Untracked 
| 218|0x000000008da00000, 0x000000008da00000, 0x000000008db00000|  0%| F|  |TAMS 0x000000008da00000, 0x000000008da00000| Untracked 
| 219|0x000000008db00000, 0x000000008db00000, 0x000000008dc00000|  0%| F|  |TAMS 0x000000008db00000, 0x000000008db00000| Untracked 
| 220|0x000000008dc00000, 0x000000008dc00000, 0x000000008dd00000|  0%| F|  |TAMS 0x000000008dc00000, 0x000000008dc00000| Untracked 
| 221|0x000000008dd00000, 0x000000008dd00000, 0x000000008de00000|  0%| F|  |TAMS 0x000000008dd00000, 0x000000008dd00000| Untracked 
| 222|0x000000008de00000, 0x000000008de00000, 0x000000008df00000|  0%| F|  |TAMS 0x000000008de00000, 0x000000008de00000| Untracked 
| 223|0x000000008df00000, 0x000000008df00000, 0x000000008e000000|  0%| F|  |TAMS 0x000000008df00000, 0x000000008df00000| Untracked 
| 224|0x000000008e000000, 0x000000008e000000, 0x000000008e100000|  0%| F|  |TAMS 0x000000008e000000, 0x000000008e000000| Untracked 
| 225|0x000000008e100000, 0x000000008e100000, 0x000000008e200000|  0%| F|  |TAMS 0x000000008e100000, 0x000000008e100000| Untracked 
| 226|0x000000008e200000, 0x000000008e200000, 0x000000008e300000|  0%| F|  |TAMS 0x000000008e200000, 0x000000008e200000| Untracked 
| 227|0x000000008e300000, 0x000000008e400000, 0x000000008e400000|100%| O|  |TAMS 0x000000008e400000, 0x000000008e300000| Untracked 
| 228|0x000000008e400000, 0x000000008e400000, 0x000000008e500000|  0%| F|  |TAMS 0x000000008e400000, 0x000000008e400000| Untracked 
| 229|0x000000008e500000, 0x000000008e500000, 0x000000008e600000|  0%| F|  |TAMS 0x000000008e500000, 0x000000008e500000| Untracked 
| 230|0x000000008e600000, 0x000000008e600000, 0x000000008e700000|  0%| F|  |TAMS 0x000000008e600000, 0x000000008e600000| Untracked 
| 231|0x000000008e700000, 0x000000008e700000, 0x000000008e800000|  0%| F|  |TAMS 0x000000008e700000, 0x000000008e700000| Untracked 
| 232|0x000000008e800000, 0x000000008e800000, 0x000000008e900000|  0%| F|  |TAMS 0x000000008e800000, 0x000000008e800000| Untracked 
| 233|0x000000008e900000, 0x000000008e900000, 0x000000008ea00000|  0%| F|  |TAMS 0x000000008e900000, 0x000000008e900000| Untracked 
| 234|0x000000008ea00000, 0x000000008ea00000, 0x000000008eb00000|  0%| F|  |TAMS 0x000000008ea00000, 0x000000008ea00000| Untracked 
| 235|0x000000008eb00000, 0x000000008eb00000, 0x000000008ec00000|  0%| F|  |TAMS 0x000000008eb00000, 0x000000008eb00000| Untracked 
| 236|0x000000008ec00000, 0x000000008ec64678, 0x000000008ed00000| 39%| E|  |TAMS 0x000000008ec00000, 0x000000008ec00000| Complete 
| 237|0x000000008ed00000, 0x000000008ee00000, 0x000000008ee00000|100%| E|CS|TAMS 0x000000008ed00000, 0x000000008ed00000| Complete 
| 238|0x000000008ee00000, 0x000000008ef00000, 0x000000008ef00000|100%| E|  |TAMS 0x000000008ee00000, 0x000000008ee00000| Complete 
| 239|0x000000008ef00000, 0x000000008f000000, 0x000000008f000000|100%| E|CS|TAMS 0x000000008ef00000, 0x000000008ef00000| Complete 
| 240|0x000000008f000000, 0x000000008f100000, 0x000000008f100000|100%| E|CS|TAMS 0x000000008f000000, 0x000000008f000000| Complete 
| 241|0x000000008f100000, 0x000000008f200000, 0x000000008f200000|100%| E|CS|TAMS 0x000000008f100000, 0x000000008f100000| Complete 
| 242|0x000000008f200000, 0x000000008f300000, 0x000000008f300000|100%| E|CS|TAMS 0x000000008f200000, 0x000000008f200000| Complete 
| 243|0x000000008f300000, 0x000000008f400000, 0x000000008f400000|100%| E|CS|TAMS 0x000000008f300000, 0x000000008f300000| Complete 
| 244|0x000000008f400000, 0x000000008f500000, 0x000000008f500000|100%| E|CS|TAMS 0x000000008f400000, 0x000000008f400000| Complete 
| 245|0x000000008f500000, 0x000000008f600000, 0x000000008f600000|100%| E|CS|TAMS 0x000000008f500000, 0x000000008f500000| Complete 
| 246|0x000000008f600000, 0x000000008f700000, 0x000000008f700000|100%| E|CS|TAMS 0x000000008f600000, 0x000000008f600000| Complete 
| 247|0x000000008f700000, 0x000000008f800000, 0x000000008f800000|100%| E|CS|TAMS 0x000000008f700000, 0x000000008f700000| Complete 
| 248|0x000000008f800000, 0x000000008f900000, 0x000000008f900000|100%| E|CS|TAMS 0x000000008f800000, 0x000000008f800000| Complete 
| 249|0x000000008f900000, 0x000000008fa00000, 0x000000008fa00000|100%| E|CS|TAMS 0x000000008f900000, 0x000000008f900000| Complete 
| 250|0x000000008fa00000, 0x000000008fb00000, 0x000000008fb00000|100%| E|CS|TAMS 0x000000008fa00000, 0x000000008fa00000| Complete 
| 251|0x000000008fb00000, 0x000000008fc00000, 0x000000008fc00000|100%| E|CS|TAMS 0x000000008fb00000, 0x000000008fb00000| Complete 
| 252|0x000000008fc00000, 0x000000008fd00000, 0x000000008fd00000|100%| E|CS|TAMS 0x000000008fc00000, 0x000000008fc00000| Complete 
| 253|0x000000008fd00000, 0x000000008fe00000, 0x000000008fe00000|100%| E|CS|TAMS 0x000000008fd00000, 0x000000008fd00000| Complete 
| 254|0x000000008fe00000, 0x000000008ff00000, 0x000000008ff00000|100%| E|CS|TAMS 0x000000008fe00000, 0x000000008fe00000| Complete 
| 255|0x000000008ff00000, 0x0000000090000000, 0x0000000090000000|100%| E|CS|TAMS 0x000000008ff00000, 0x000000008ff00000| Complete 
| 256|0x0000000090000000, 0x0000000090100000, 0x0000000090100000|100%| E|CS|TAMS 0x0000000090000000, 0x0000000090000000| Complete 
| 257|0x0000000090100000, 0x0000000090200000, 0x0000000090200000|100%| O|  |TAMS 0x0000000090200000, 0x0000000090100000| Complete 
| 258|0x0000000090200000, 0x0000000090300000, 0x0000000090300000|100%| E|CS|TAMS 0x0000000090200000, 0x0000000090200000| Complete 
| 259|0x0000000090300000, 0x0000000090400000, 0x0000000090400000|100%| E|CS|TAMS 0x0000000090300000, 0x0000000090300000| Complete 
| 260|0x0000000090400000, 0x0000000090500000, 0x0000000090500000|100%| E|CS|TAMS 0x0000000090400000, 0x0000000090400000| Complete 
| 261|0x0000000090500000, 0x0000000090600000, 0x0000000090600000|100%| E|CS|TAMS 0x0000000090500000, 0x0000000090500000| Complete 
| 262|0x0000000090600000, 0x0000000090700000, 0x0000000090700000|100%| E|CS|TAMS 0x0000000090600000, 0x0000000090600000| Complete 
| 263|0x0000000090700000, 0x0000000090800000, 0x0000000090800000|100%| E|CS|TAMS 0x0000000090700000, 0x0000000090700000| Complete 
| 264|0x0000000090800000, 0x0000000090900000, 0x0000000090900000|100%| E|CS|TAMS 0x0000000090800000, 0x0000000090800000| Complete 
| 265|0x0000000090900000, 0x0000000090a00000, 0x0000000090a00000|100%| E|CS|TAMS 0x0000000090900000, 0x0000000090900000| Complete 
| 266|0x0000000090a00000, 0x0000000090b00000, 0x0000000090b00000|100%| E|CS|TAMS 0x0000000090a00000, 0x0000000090a00000| Complete 
| 267|0x0000000090b00000, 0x0000000090c00000, 0x0000000090c00000|100%| E|CS|TAMS 0x0000000090b00000, 0x0000000090b00000| Complete 
| 268|0x0000000090c00000, 0x0000000090d00000, 0x0000000090d00000|100%| E|CS|TAMS 0x0000000090c00000, 0x0000000090c00000| Complete 
| 269|0x0000000090d00000, 0x0000000090e00000, 0x0000000090e00000|100%| E|CS|TAMS 0x0000000090d00000, 0x0000000090d00000| Complete 
| 270|0x0000000090e00000, 0x0000000090f00000, 0x0000000090f00000|100%| E|CS|TAMS 0x0000000090e00000, 0x0000000090e00000| Complete 
| 271|0x0000000090f00000, 0x0000000091000000, 0x0000000091000000|100%| E|CS|TAMS 0x0000000090f00000, 0x0000000090f00000| Complete 
| 272|0x0000000091000000, 0x0000000091100000, 0x0000000091100000|100%| E|CS|TAMS 0x0000000091000000, 0x0000000091000000| Complete 
| 273|0x0000000091100000, 0x0000000091200000, 0x0000000091200000|100%| E|CS|TAMS 0x0000000091100000, 0x0000000091100000| Complete 
| 274|0x0000000091200000, 0x0000000091300000, 0x0000000091300000|100%| E|CS|TAMS 0x0000000091200000, 0x0000000091200000| Complete 
| 275|0x0000000091300000, 0x0000000091400000, 0x0000000091400000|100%| E|CS|TAMS 0x0000000091300000, 0x0000000091300000| Complete 
| 276|0x0000000091400000, 0x0000000091500000, 0x0000000091500000|100%| E|CS|TAMS 0x0000000091400000, 0x0000000091400000| Complete 
| 277|0x0000000091500000, 0x0000000091600000, 0x0000000091600000|100%| E|CS|TAMS 0x0000000091500000, 0x0000000091500000| Complete 
| 278|0x0000000091600000, 0x0000000091700000, 0x0000000091700000|100%| E|CS|TAMS 0x0000000091600000, 0x0000000091600000| Complete 
| 279|0x0000000091700000, 0x0000000091800000, 0x0000000091800000|100%| E|CS|TAMS 0x0000000091700000, 0x0000000091700000| Complete 
| 280|0x0000000091800000, 0x0000000091900000, 0x0000000091900000|100%| E|CS|TAMS 0x0000000091800000, 0x0000000091800000| Complete 
| 281|0x0000000091900000, 0x0000000091a00000, 0x0000000091a00000|100%| E|CS|TAMS 0x0000000091900000, 0x0000000091900000| Complete 
| 282|0x0000000091a00000, 0x0000000091b00000, 0x0000000091b00000|100%| E|CS|TAMS 0x0000000091a00000, 0x0000000091a00000| Complete 
| 283|0x0000000091b00000, 0x0000000091c00000, 0x0000000091c00000|100%| E|CS|TAMS 0x0000000091b00000, 0x0000000091b00000| Complete 
| 284|0x0000000091c00000, 0x0000000091d00000, 0x0000000091d00000|100%| E|CS|TAMS 0x0000000091c00000, 0x0000000091c00000| Complete 
| 285|0x0000000091d00000, 0x0000000091e00000, 0x0000000091e00000|100%| E|CS|TAMS 0x0000000091d00000, 0x0000000091d00000| Complete 
| 286|0x0000000091e00000, 0x0000000091f00000, 0x0000000091f00000|100%| E|CS|TAMS 0x0000000091e00000, 0x0000000091e00000| Complete 
| 287|0x0000000091f00000, 0x0000000092000000, 0x0000000092000000|100%| E|CS|TAMS 0x0000000091f00000, 0x0000000091f00000| Complete 
| 288|0x0000000092000000, 0x0000000092100000, 0x0000000092100000|100%| E|CS|TAMS 0x0000000092000000, 0x0000000092000000| Complete 
| 289|0x0000000092100000, 0x0000000092200000, 0x0000000092200000|100%| E|CS|TAMS 0x0000000092100000, 0x0000000092100000| Complete 
| 290|0x0000000092200000, 0x0000000092300000, 0x0000000092300000|100%| E|CS|TAMS 0x0000000092200000, 0x0000000092200000| Complete 
| 291|0x0000000092300000, 0x0000000092400000, 0x0000000092400000|100%| E|CS|TAMS 0x0000000092300000, 0x0000000092300000| Complete 
| 292|0x0000000092400000, 0x0000000092500000, 0x0000000092500000|100%| E|CS|TAMS 0x0000000092400000, 0x0000000092400000| Complete 
| 293|0x0000000092500000, 0x0000000092600000, 0x0000000092600000|100%| E|CS|TAMS 0x0000000092500000, 0x0000000092500000| Complete 
| 294|0x0000000092600000, 0x0000000092700000, 0x0000000092700000|100%| E|CS|TAMS 0x0000000092600000, 0x0000000092600000| Complete 
| 295|0x0000000092700000, 0x0000000092800000, 0x0000000092800000|100%| E|CS|TAMS 0x0000000092700000, 0x0000000092700000| Complete 
| 296|0x0000000092800000, 0x0000000092900000, 0x0000000092900000|100%| E|CS|TAMS 0x0000000092800000, 0x0000000092800000| Complete 
| 297|0x0000000092900000, 0x0000000092a00000, 0x0000000092a00000|100%| E|CS|TAMS 0x0000000092900000, 0x0000000092900000| Complete 
| 298|0x0000000092a00000, 0x0000000092b00000, 0x0000000092b00000|100%| E|CS|TAMS 0x0000000092a00000, 0x0000000092a00000| Complete 
| 299|0x0000000092b00000, 0x0000000092c00000, 0x0000000092c00000|100%| E|CS|TAMS 0x0000000092b00000, 0x0000000092b00000| Complete 
| 300|0x0000000092c00000, 0x0000000092d00000, 0x0000000092d00000|100%| E|CS|TAMS 0x0000000092c00000, 0x0000000092c00000| Complete 
| 301|0x0000000092d00000, 0x0000000092e00000, 0x0000000092e00000|100%| E|CS|TAMS 0x0000000092d00000, 0x0000000092d00000| Complete 
| 302|0x0000000092e00000, 0x0000000092f00000, 0x0000000092f00000|100%| E|CS|TAMS 0x0000000092e00000, 0x0000000092e00000| Complete 
| 303|0x0000000092f00000, 0x0000000093000000, 0x0000000093000000|100%| E|CS|TAMS 0x0000000092f00000, 0x0000000092f00000| Complete 
| 304|0x0000000093000000, 0x0000000093100000, 0x0000000093100000|100%| E|CS|TAMS 0x0000000093000000, 0x0000000093000000| Complete 
| 305|0x0000000093100000, 0x0000000093200000, 0x0000000093200000|100%| E|CS|TAMS 0x0000000093100000, 0x0000000093100000| Complete 
| 306|0x0000000093200000, 0x0000000093300000, 0x0000000093300000|100%| E|CS|TAMS 0x0000000093200000, 0x0000000093200000| Complete 
| 307|0x0000000093300000, 0x0000000093400000, 0x0000000093400000|100%| E|CS|TAMS 0x0000000093300000, 0x0000000093300000| Complete 
| 308|0x0000000093400000, 0x0000000093500000, 0x0000000093500000|100%| E|CS|TAMS 0x0000000093400000, 0x0000000093400000| Complete 
| 309|0x0000000093500000, 0x0000000093600000, 0x0000000093600000|100%| E|CS|TAMS 0x0000000093500000, 0x0000000093500000| Complete 
| 310|0x0000000093600000, 0x0000000093700000, 0x0000000093700000|100%| E|CS|TAMS 0x0000000093600000, 0x0000000093600000| Complete 
| 311|0x0000000093700000, 0x0000000093800000, 0x0000000093800000|100%| E|CS|TAMS 0x0000000093700000, 0x0000000093700000| Complete 
| 312|0x0000000093800000, 0x0000000093863a60, 0x0000000093900000| 38%| S|CS|TAMS 0x0000000093800000, 0x0000000093800000| Complete 
| 313|0x0000000093900000, 0x0000000093a00000, 0x0000000093a00000|100%| S|CS|TAMS 0x0000000093900000, 0x0000000093900000| Complete 
| 314|0x0000000093a00000, 0x0000000093b00000, 0x0000000093b00000|100%| S|CS|TAMS 0x0000000093a00000, 0x0000000093a00000| Complete 
| 315|0x0000000093b00000, 0x0000000093c00000, 0x0000000093c00000|100%| E|CS|TAMS 0x0000000093b00000, 0x0000000093b00000| Complete 
| 316|0x0000000093c00000, 0x0000000093d00000, 0x0000000093d00000|100%| E|CS|TAMS 0x0000000093c00000, 0x0000000093c00000| Complete 
| 317|0x0000000093d00000, 0x0000000093e00000, 0x0000000093e00000|100%| E|CS|TAMS 0x0000000093d00000, 0x0000000093d00000| Complete 
| 318|0x0000000093e00000, 0x0000000093f00000, 0x0000000093f00000|100%| E|CS|TAMS 0x0000000093e00000, 0x0000000093e00000| Complete 
| 319|0x0000000093f00000, 0x0000000094000000, 0x0000000094000000|100%| E|CS|TAMS 0x0000000093f00000, 0x0000000093f00000| Complete 
| 320|0x0000000094000000, 0x0000000094100000, 0x0000000094100000|100%| E|CS|TAMS 0x0000000094000000, 0x0000000094000000| Complete 
| 321|0x0000000094100000, 0x0000000094200000, 0x0000000094200000|100%| E|CS|TAMS 0x0000000094100000, 0x0000000094100000| Complete 

Card table byte_map: [0x0000017241ba0000,0x0000017241fa0000] _byte_map_base: 0x00000172417a0000

Marking Bits (Prev, Next): (CMBitMap*) 0x000001722e9d4f10, (CMBitMap*) 0x000001722e9d4ed8
 Prev Bits: [0x00000172443a0000, 0x00000172463a0000)
 Next Bits: [0x00000172423a0000, 0x00000172443a0000)

Polling page: 0x000001722e160000

Metaspace:

Usage:
  Non-class:    103.26 MB capacity,   101.15 MB ( 98%) used,     1.71 MB (  2%) free+waste,   411.25 KB ( <1%) overhead. 
      Class:     15.98 MB capacity,    14.76 MB ( 92%) used,     1.05 MB (  7%) free+waste,   182.31 KB (  1%) overhead. 
       Both:    119.25 MB capacity,   115.91 MB ( 97%) used,     2.76 MB (  2%) free+waste,   593.56 KB ( <1%) overhead. 

Virtual space:
  Non-class space:      104.00 MB reserved,     103.50 MB (>99%) committed 
      Class space:        1.00 GB reserved,      16.12 MB (  2%) committed 
             Both:        1.10 GB reserved,     119.62 MB ( 11%) committed 

Chunk freelists:
   Non-Class:  50.00 KB
       Class:  17.00 KB
        Both:  67.00 KB

MaxMetaspaceSize: 17179869184.00 GB
CompressedClassSpaceSize: 1.00 GB

CodeHeap 'non-profiled nmethods': size=120000Kb used=12618Kb max_used=12618Kb free=107381Kb
 bounds [0x0000017239f40000, 0x000001723aba0000, 0x0000017241470000]
CodeHeap 'profiled nmethods': size=120000Kb used=36959Kb max_used=36959Kb free=83040Kb
 bounds [0x0000017232a10000, 0x0000017234e40000, 0x0000017239f40000]
CodeHeap 'non-nmethods': size=5760Kb used=2365Kb max_used=2422Kb free=3394Kb
 bounds [0x0000017232470000, 0x00000172326f0000, 0x0000017232a10000]
 total_blobs=18719 nmethods=17725 adapters=905
 compilation: enabled
              stopped_count=0, restarted_count=0
 full_count=0

Compilation events (20 events):
Event: 103.753 Thread 0x00000172496d9800 nmethod 18973 0x0000017234e19e10 code [0x0000017234e1a000, 0x0000017234e1a388]
Event: 103.755 Thread 0x00000172496d9800 18975       3       java.io.FileDescriptor$1::registerCleanup (5 bytes)
Event: 103.755 Thread 0x00000172496d9800 nmethod 18975 0x000001723342fa10 code [0x000001723342fbc0, 0x000001723342fce8]
Event: 103.760 Thread 0x00000172496d9800 18977       3       java.io.FileDescriptor$1::getHandle (5 bytes)
Event: 103.760 Thread 0x00000172496d9800 nmethod 18977 0x0000017233446410 code [0x00000172334465c0, 0x00000172334466b8]
Event: 103.762 Thread 0x00000172496d9800 18979       3       com.android.zipflinger.ZipWriter::position (12 bytes)
Event: 103.762 Thread 0x00000172496d9800 nmethod 18979 0x0000017234e1a510 code [0x0000017234e1a6e0, 0x0000017234e1a8d8]
Event: 103.762 Thread 0x00000172496d9800 18980       3       com.android.zipflinger.ZipWriter::position (14 bytes)
Event: 103.762 Thread 0x00000172496d9800 nmethod 18980 0x0000017234e1aa10 code [0x0000017234e1abe0, 0x0000017234e1add8]
Event: 103.762 Thread 0x00000172496d9800 18981       3       com.android.zipflinger.ZipArchive::writeSource (177 bytes)
Event: 103.764 Thread 0x00000172496d9800 nmethod 18981 0x0000017234e1af10 code [0x0000017234e1b240, 0x0000017234e1c458]
Event: 103.764 Thread 0x00000172496d9800 18986       3       com.android.zipflinger.CentralDirectoryRecord::<init> (113 bytes)
Event: 103.764 Thread 0x00000172496d9800 nmethod 18986 0x0000017234e1cd10 code [0x0000017234e1cee0, 0x0000017234e1d678]
Event: 103.764 Thread 0x00000172496d9800 18982       3       com.android.zipflinger.ZipArchive::validateName (110 bytes)
Event: 103.766 Thread 0x00000172496d9800 nmethod 18982 0x0000017234e1d810 code [0x0000017234e1dc00, 0x0000017234e1f8a8]
Event: 103.766 Thread 0x00000172496d9800 18983       3       com.android.zipflinger.CentralDirectory::contains (32 bytes)
Event: 103.767 Thread 0x00000172496d9800 nmethod 18983 0x0000017234e20210 code [0x0000017234e203e0, 0x0000017234e206f8]
Event: 103.767 Thread 0x00000172496d9800 18984       3       com.android.zipflinger.LocalFileHeader::<init> (81 bytes)
Event: 103.767 Thread 0x00000172496d9800 nmethod 18984 0x0000017234e20810 code [0x0000017234e209e0, 0x0000017234e20f58]
Event: 103.767 Thread 0x00000172496d9800 18985       3       com.android.zipflinger.LocalFileHeader::getSize (27 bytes)

GC Heap History (20 events):
Event: 21.729 GC heap before
{Heap before GC invocations=34 (full 0):
 garbage-first heap   total 329728K, used 278528K [0x0000000080000000, 0x0000000100000000)
  region size 1024K, 38 young (38912K), 5 survivors (5120K)
 Metaspace       used 103962K, capacity 106476K, committed 106744K, reserved 1140736K
  class space    used 13504K, capacity 14443K, committed 14584K, reserved 1048576K
}
Event: 21.736 GC heap after
{Heap after GC invocations=35 (full 0):
 garbage-first heap   total 329728K, used 242688K [0x0000000080000000, 0x0000000100000000)
  region size 1024K, 1 young (1024K), 1 survivors (1024K)
 Metaspace       used 103962K, capacity 106476K, committed 106744K, reserved 1140736K
  class space    used 13504K, capacity 14443K, committed 14584K, reserved 1048576K
}
Event: 28.368 GC heap before
{Heap before GC invocations=36 (full 0):
 garbage-first heap   total 329728K, used 296960K [0x0000000080000000, 0x0000000100000000)
  region size 1024K, 34 young (34816K), 1 survivors (1024K)
 Metaspace       used 105433K, capacity 108175K, committed 108280K, reserved 1142784K
  class space    used 13733K, capacity 14744K, committed 14840K, reserved 1048576K
}
Event: 28.371 GC heap after
{Heap after GC invocations=37 (full 0):
 garbage-first heap   total 329728K, used 242880K [0x0000000080000000, 0x0000000100000000)
  region size 1024K, 1 young (1024K), 1 survivors (1024K)
 Metaspace       used 105433K, capacity 108175K, committed 108280K, reserved 1142784K
  class space    used 13733K, capacity 14744K, committed 14840K, reserved 1048576K
}
Event: 32.027 GC heap before
{Heap before GC invocations=37 (full 0):
 garbage-first heap   total 329728K, used 257216K [0x0000000080000000, 0x0000000100000000)
  region size 1024K, 16 young (16384K), 1 survivors (1024K)
 Metaspace       used 107767K, capacity 110616K, committed 110840K, reserved 1144832K
  class space    used 13966K, capacity 15019K, committed 15096K, reserved 1048576K
}
Event: 32.033 GC heap after
{Heap after GC invocations=38 (full 0):
 garbage-first heap   total 329728K, used 238716K [0x0000000080000000, 0x0000000100000000)
  region size 1024K, 2 young (2048K), 2 survivors (2048K)
 Metaspace       used 107767K, capacity 110616K, committed 110840K, reserved 1144832K
  class space    used 13966K, capacity 15019K, committed 15096K, reserved 1048576K
}
Event: 93.595 GC heap before
{Heap before GC invocations=38 (full 0):
 garbage-first heap   total 329728K, used 276604K [0x0000000080000000, 0x0000000100000000)
  region size 1024K, 39 young (39936K), 2 survivors (2048K)
 Metaspace       used 109779K, capacity 112653K, committed 113016K, reserved 1146880K
  class space    used 14066K, capacity 15110K, committed 15224K, reserved 1048576K
}
Event: 93.610 GC heap after
{Heap after GC invocations=39 (full 0):
 garbage-first heap   total 329728K, used 242444K [0x0000000080000000, 0x0000000100000000)
  region size 1024K, 5 young (5120K), 5 survivors (5120K)
 Metaspace       used 109779K, capacity 112653K, committed 113016K, reserved 1146880K
  class space    used 14066K, capacity 15110K, committed 15224K, reserved 1048576K
}
Event: 99.252 GC heap before
{Heap before GC invocations=39 (full 0):
 garbage-first heap   total 329728K, used 279308K [0x0000000080000000, 0x0000000100000000)
  region size 1024K, 41 young (41984K), 5 survivors (5120K)
 Metaspace       used 110391K, capacity 113293K, committed 113528K, reserved 1146880K
  class space    used 14111K, capacity 15160K, committed 15224K, reserved 1048576K
}
Event: 99.263 GC heap after
{Heap after GC invocations=40 (full 0):
 garbage-first heap   total 329728K, used 245252K [0x0000000080000000, 0x0000000100000000)
  region size 1024K, 3 young (3072K), 3 survivors (3072K)
 Metaspace       used 110391K, capacity 113293K, committed 113528K, reserved 1146880K
  class space    used 14111K, capacity 15160K, committed 15224K, reserved 1048576K
}
Event: 99.658 GC heap before
{Heap before GC invocations=41 (full 0):
 garbage-first heap   total 329728K, used 201220K [0x0000000080000000, 0x0000000100000000)
  region size 1024K, 39 young (39936K), 3 survivors (3072K)
 Metaspace       used 111290K, capacity 114225K, committed 114424K, reserved 1148928K
  class space    used 14225K, capacity 15277K, committed 15352K, reserved 1048576K
}
Event: 99.671 GC heap after
{Heap after GC invocations=42 (full 0):
 garbage-first heap   total 329728K, used 170477K [0x0000000080000000, 0x0000000100000000)
  region size 1024K, 5 young (5120K), 5 survivors (5120K)
 Metaspace       used 111290K, capacity 114225K, committed 114424K, reserved 1148928K
  class space    used 14225K, capacity 15277K, committed 15352K, reserved 1048576K
}
Event: 99.937 GC heap before
{Heap before GC invocations=42 (full 0):
 garbage-first heap   total 329728K, used 184813K [0x0000000080000000, 0x0000000100000000)
  region size 1024K, 16 young (16384K), 5 survivors (5120K)
 Metaspace       used 112351K, capacity 115378K, committed 115704K, reserved 1148928K
  class space    used 14376K, capacity 15459K, committed 15608K, reserved 1048576K
}
Event: 99.945 GC heap after
{Heap after GC invocations=43 (full 0):
 garbage-first heap   total 329728K, used 138178K [0x0000000080000000, 0x0000000100000000)
  region size 1024K, 2 young (2048K), 2 survivors (2048K)
 Metaspace       used 112351K, capacity 115378K, committed 115704K, reserved 1148928K
  class space    used 14376K, capacity 15459K, committed 15608K, reserved 1048576K
}
Event: 100.071 GC heap before
{Heap before GC invocations=43 (full 0):
 garbage-first heap   total 329728K, used 151490K [0x0000000080000000, 0x0000000100000000)
  region size 1024K, 16 young (16384K), 2 survivors (2048K)
 Metaspace       used 113302K, capacity 116399K, committed 116600K, reserved 1150976K
  class space    used 14502K, capacity 15631K, committed 15736K, reserved 1048576K
}
Event: 100.082 GC heap after
{Heap after GC invocations=44 (full 0):
 garbage-first heap   total 329728K, used 113841K [0x0000000080000000, 0x0000000100000000)
  region size 1024K, 2 young (2048K), 2 survivors (2048K)
 Metaspace       used 113302K, capacity 116399K, committed 116600K, reserved 1150976K
  class space    used 14502K, capacity 15631K, committed 15736K, reserved 1048576K
}
Event: 100.995 GC heap before
{Heap before GC invocations=44 (full 0):
 garbage-first heap   total 329728K, used 206001K [0x0000000080000000, 0x0000000100000000)
  region size 1024K, 93 young (95232K), 2 survivors (2048K)
 Metaspace       used 117192K, capacity 120417K, committed 120696K, reserved 1153024K
  class space    used 14958K, capacity 16132K, committed 16248K, reserved 1048576K
}
Event: 101.007 GC heap after
{Heap after GC invocations=45 (full 0):
 garbage-first heap   total 329728K, used 122573K [0x0000000080000000, 0x0000000100000000)
  region size 1024K, 11 young (11264K), 11 survivors (11264K)
 Metaspace       used 117192K, capacity 120417K, committed 120696K, reserved 1153024K
  class space    used 14958K, capacity 16132K, committed 16248K, reserved 1048576K
}
Event: 101.095 GC heap before
{Heap before GC invocations=45 (full 0):
 garbage-first heap   total 329728K, used 127693K [0x0000000080000000, 0x0000000100000000)
  region size 1024K, 18 young (18432K), 11 survivors (11264K)
 Metaspace       used 117218K, capacity 120482K, committed 120696K, reserved 1153024K
  class space    used 14958K, capacity 16132K, committed 16248K, reserved 1048576K
}
Event: 101.118 GC heap after
{Heap after GC invocations=46 (full 0):
 garbage-first heap   total 329728K, used 123396K [0x0000000080000000, 0x0000000100000000)
  region size 1024K, 3 young (3072K), 3 survivors (3072K)
 Metaspace       used 117218K, capacity 120482K, committed 120696K, reserved 1153024K
  class space    used 14958K, capacity 16132K, committed 16248K, reserved 1048576K
}

Deoptimization events (20 events):
Event: 103.548 Thread 0x0000017252152000 Uncommon trap: trap_request=0xffffff4d fr.pc=0x000001723a582b38 relative=0x0000000000000098
Event: 103.548 Thread 0x0000017252152000 Uncommon trap: reason=unstable_if action=reinterpret pc=0x000001723a582b38 method=java.lang.Integer.stringSize(I)I @ 3 c2
Event: 103.548 Thread 0x0000017252152000 DEOPT PACKING pc=0x000001723a582b38 sp=0x0000001055ffa530
Event: 103.548 Thread 0x0000017252152000 DEOPT UNPACKING pc=0x00000172324978af sp=0x0000001055ffa4b0 mode 2
Event: 103.548 Thread 0x0000017252152000 Uncommon trap: trap_request=0xffffff4d fr.pc=0x000001723a47fa14 relative=0x0000000000000254
Event: 103.548 Thread 0x0000017252152000 Uncommon trap: reason=unstable_if action=reinterpret pc=0x000001723a47fa14 method=java.lang.Integer.getChars(II[B)I @ 4 c2
Event: 103.548 Thread 0x0000017252152000 DEOPT PACKING pc=0x000001723a47fa14 sp=0x0000001055ffa520
Event: 103.549 Thread 0x0000017252152000 DEOPT UNPACKING pc=0x00000172324978af sp=0x0000001055ffa498 mode 2
Event: 103.644 Thread 0x000001724f2e3000 Uncommon trap: trap_request=0xffffffc6 fr.pc=0x000001723a081e04 relative=0x0000000000001c64
Event: 103.644 Thread 0x000001724f2e3000 Uncommon trap: reason=bimorphic_or_optimized_type_check action=maybe_recompile pc=0x000001723a081e04 method=java.io.DataInputStream.readFully([BII)V @ 34 c2
Event: 103.644 Thread 0x000001724f2e3000 DEOPT PACKING pc=0x000001723a081e04 sp=0x0000001056efd840
Event: 103.644 Thread 0x000001724f2e3000 DEOPT UNPACKING pc=0x00000172324978af sp=0x0000001056efd788 mode 2
Event: 103.644 Thread 0x000001724f2e3000 Uncommon trap: trap_request=0xffffffc6 fr.pc=0x000001723a081e04 relative=0x0000000000001c64
Event: 103.644 Thread 0x000001724f2e3000 Uncommon trap: reason=bimorphic_or_optimized_type_check action=maybe_recompile pc=0x000001723a081e04 method=java.io.DataInputStream.readFully([BII)V @ 34 c2
Event: 103.644 Thread 0x000001724f2e3000 DEOPT PACKING pc=0x000001723a081e04 sp=0x0000001056efd840
Event: 103.644 Thread 0x000001724f2e3000 DEOPT UNPACKING pc=0x00000172324978af sp=0x0000001056efd788 mode 2
Event: 103.708 Thread 0x000001724f2e3000 Uncommon trap: trap_request=0xffffff4d fr.pc=0x000001723a632224 relative=0x0000000000000344
Event: 103.708 Thread 0x000001724f2e3000 Uncommon trap: reason=unstable_if action=reinterpret pc=0x000001723a632224 method=java.util.concurrent.ForkJoinPool.externalPush(Ljava/util/concurrent/ForkJoinTask;)V @ 5 c2
Event: 103.708 Thread 0x000001724f2e3000 DEOPT PACKING pc=0x000001723a632224 sp=0x0000001056efda00
Event: 103.708 Thread 0x000001724f2e3000 DEOPT UNPACKING pc=0x00000172324978af sp=0x0000001056efd8e8 mode 2

Classes redefined (0 events):
No events

Internal exceptions (20 events):
Event: 102.419 Thread 0x000001724f2e3000 Exception <a 'sun/nio/fs/WindowsException'{0x0000000092559498}> (0x0000000092559498) thrown at [./src/hotspot/share/prims/jni.cpp, line 615]
Event: 102.437 Thread 0x000001724f2e3800 Exception <a 'sun/nio/fs/WindowsException'{0x000000009253ad90}> (0x000000009253ad90) thrown at [./src/hotspot/share/prims/jni.cpp, line 615]
Event: 102.441 Thread 0x000001724be3e800 Exception <a 'sun/nio/fs/WindowsException'{0x0000000093297fb8}> (0x0000000093297fb8) thrown at [./src/hotspot/share/prims/jni.cpp, line 615]
Event: 102.443 Thread 0x000001724f2e3000 Exception <a 'sun/nio/fs/WindowsException'{0x0000000091e6f518}> (0x0000000091e6f518) thrown at [./src/hotspot/share/prims/jni.cpp, line 615]
Event: 102.452 Thread 0x000001724be3e800 Exception <a 'sun/nio/fs/WindowsException'{0x0000000091a6c190}> (0x0000000091a6c190) thrown at [./src/hotspot/share/prims/jni.cpp, line 615]
Event: 102.474 Thread 0x000001724f2e3800 Exception <a 'sun/nio/fs/WindowsException'{0x0000000091887778}> (0x0000000091887778) thrown at [./src/hotspot/share/prims/jni.cpp, line 615]
Event: 102.564 Thread 0x000001724be3a800 Exception <a 'sun/nio/fs/WindowsException'{0x000000009413fe38}> (0x000000009413fe38) thrown at [./src/hotspot/share/prims/jni.cpp, line 615]
Event: 102.570 Thread 0x000001724be3a800 Exception <a 'sun/nio/fs/WindowsException'{0x0000000090e12758}> (0x0000000090e12758) thrown at [./src/hotspot/share/prims/jni.cpp, line 615]
Event: 102.572 Thread 0x000001724be3e800 Exception <a 'sun/nio/fs/WindowsException'{0x0000000091a74c90}> (0x0000000091a74c90) thrown at [./src/hotspot/share/prims/jni.cpp, line 615]
Event: 102.578 Thread 0x000001724be3e800 Exception <a 'sun/nio/fs/WindowsException'{0x0000000090eec0c8}> (0x0000000090eec0c8) thrown at [./src/hotspot/share/prims/jni.cpp, line 615]
Event: 102.584 Thread 0x000001724f2e3800 Exception <a 'sun/nio/fs/WindowsException'{0x0000000090d41720}> (0x0000000090d41720) thrown at [./src/hotspot/share/prims/jni.cpp, line 615]
Event: 102.590 Thread 0x000001724f2e3800 Exception <a 'sun/nio/fs/WindowsException'{0x0000000090dd4dc0}> (0x0000000090dd4dc0) thrown at [./src/hotspot/share/prims/jni.cpp, line 615]
Event: 102.621 Thread 0x000001724f072800 Exception <a 'sun/nio/fs/WindowsException'{0x000000009190d960}> (0x000000009190d960) thrown at [./src/hotspot/share/prims/jni.cpp, line 615]
Event: 102.627 Thread 0x000001724f072800 Exception <a 'sun/nio/fs/WindowsException'{0x0000000090a2b480}> (0x0000000090a2b480) thrown at [./src/hotspot/share/prims/jni.cpp, line 615]
Event: 102.866 Thread 0x000001724f2e8800 Exception <a 'sun/nio/fs/WindowsException'{0x000000008fd64280}> (0x000000008fd64280) thrown at [./src/hotspot/share/prims/jni.cpp, line 615]
Event: 103.125 Thread 0x000001724f2e5800 Exception <a 'java/lang/NoSuchMethodError'{0x000000008f80bcc0}: 'java.lang.Object java.lang.invoke.DirectMethodHandle$Holder.invokeVirtual(java.lang.Object, java.lang.Object, int)'> (0x000000008f80bcc0) thrown at [./src/hotspot/share/interpreter/linkResolver.cpp, line 773]
Event: 103.525 Thread 0x0000017252152000 Exception <a 'sun/nio/fs/WindowsException'{0x000000008f58c280}> (0x000000008f58c280) thrown at [./src/hotspot/share/prims/jni.cpp, line 615]
Event: 103.525 Thread 0x0000017252152000 Exception <a 'sun/nio/fs/WindowsException'{0x000000008f58d100}> (0x000000008f58d100) thrown at [./src/hotspot/share/prims/jni.cpp, line 615]
Event: 103.699 Thread 0x000001724f2e3000 Exception <a 'sun/nio/fs/WindowsException'{0x000000008f0956d8}> (0x000000008f0956d8) thrown at [./src/hotspot/share/prims/jni.cpp, line 615]
Event: 103.699 Thread 0x000001724f2e3000 Exception <a 'sun/nio/fs/WindowsException'{0x000000008f095828}> (0x000000008f095828) thrown at [./src/hotspot/share/prims/jni.cpp, line 615]

Events (20 events):
Event: 103.723 loading class com/android/zipflinger/Zip64Locator
Event: 103.723 loading class com/android/zipflinger/Zip64Locator done
Event: 103.724 loading class com/android/zipflinger/Entry
Event: 103.724 loading class com/android/zipflinger/Entry done
Event: 103.739 Executing VM operation: RevokeBias
Event: 103.739 Executing coalesced safepoint VM operation: RevokeBias
Event: 103.739 Executing coalesced safepoint VM operation: RevokeBias done
Event: 103.739 Executing coalesced safepoint VM operation: RevokeBias
Event: 103.739 Executing coalesced safepoint VM operation: RevokeBias done
Event: 103.739 Executing VM operation: RevokeBias done
Event: 103.740 Executing VM operation: RevokeBias
Event: 103.740 Executing VM operation: RevokeBias done
Event: 103.741 Executing VM operation: BulkRevokeBias
Event: 103.744 Executing VM operation: BulkRevokeBias done
Event: 103.752 loading class java/nio/channels/FileChannel$MapMode
Event: 103.752 loading class java/nio/channels/FileChannel$MapMode done
Event: 103.753 loading class sun/nio/ch/FileChannelImpl$Unmapper
Event: 103.753 loading class sun/nio/ch/FileChannelImpl$Unmapper done
Event: 103.753 loading class sun/nio/ch/Util$4
Event: 103.753 loading class sun/nio/ch/Util$4 done


Dynamic libraries:
0x00007ff6f5af0000 - 0x00007ff6f5afa000 	C:\Program Files\Android\Android Studio\jre\bin\java.exe
0x00007ffe09ea0000 - 0x00007ffe0a0af000 	C:\WINDOWS\SYSTEM32\ntdll.dll
0x00007ffe085a0000 - 0x00007ffe0865d000 	C:\WINDOWS\System32\KERNEL32.DLL
0x00007ffe076f0000 - 0x00007ffe07a7e000 	C:\WINDOWS\System32\KERNELBASE.dll
0x00007ffe074f0000 - 0x00007ffe07601000 	C:\WINDOWS\System32\ucrtbase.dll
0x00007ffdec190000 - 0x00007ffdec1a7000 	C:\Program Files\Android\Android Studio\jre\bin\VCRUNTIME140.dll
0x00007ffdec4e0000 - 0x00007ffdec4f9000 	C:\Program Files\Android\Android Studio\jre\bin\jli.dll
0x00007ffe08c90000 - 0x00007ffe08e3a000 	C:\WINDOWS\System32\USER32.dll
0x00007ffdf3010000 - 0x00007ffdf32b1000 	C:\WINDOWS\WinSxS\amd64_microsoft.windows.common-controls_6595b64144ccf1df_6.0.22523.1000_none_26388f37a89e74b7\COMCTL32.dll
0x00007ffe07360000 - 0x00007ffe07386000 	C:\WINDOWS\System32\win32u.dll
0x00007ffe095c0000 - 0x00007ffe09664000 	C:\WINDOWS\System32\msvcrt.dll
0x00007ffe09920000 - 0x00007ffe09949000 	C:\WINDOWS\System32\GDI32.dll
0x00007ffe07be0000 - 0x00007ffe07cf7000 	C:\WINDOWS\System32\gdi32full.dll
0x00007ffe07390000 - 0x00007ffe0742a000 	C:\WINDOWS\System32\msvcp_win.dll
0x00007ffe08b90000 - 0x00007ffe08bc1000 	C:\WINDOWS\System32\IMM32.DLL
0x00007ffdd8580000 - 0x00007ffdd861d000 	C:\Program Files\Android\Android Studio\jre\bin\msvcp140.dll
0x00007ffd87810000 - 0x00007ffd882df000 	C:\Program Files\Android\Android Studio\jre\bin\server\jvm.dll
0x00007ffe08bd0000 - 0x00007ffe08c7e000 	C:\WINDOWS\System32\ADVAPI32.dll
0x00007ffe09470000 - 0x00007ffe09512000 	C:\WINDOWS\System32\sechost.dll
0x00007ffe08670000 - 0x00007ffe0878f000 	C:\WINDOWS\System32\RPCRT4.dll
0x00007ffe09e50000 - 0x00007ffe09e58000 	C:\WINDOWS\System32\PSAPI.DLL
0x00007ffdeb2f0000 - 0x00007ffdeb2f9000 	C:\WINDOWS\SYSTEM32\WSOCK32.dll
0x00007ffdff2e0000 - 0x00007ffdff314000 	C:\WINDOWS\SYSTEM32\WINMM.dll
0x00007ffdfab30000 - 0x00007ffdfab3a000 	C:\WINDOWS\SYSTEM32\VERSION.dll
0x00007ffe09dd0000 - 0x00007ffe09e41000 	C:\WINDOWS\System32\WS2_32.dll
0x00007ffe063e0000 - 0x00007ffe063f8000 	C:\WINDOWS\SYSTEM32\kernel.appcore.dll
0x00007ffdf50d0000 - 0x00007ffdf50e1000 	C:\Program Files\Android\Android Studio\jre\bin\verify.dll
0x00007ffdeef40000 - 0x00007ffdef166000 	C:\WINDOWS\SYSTEM32\DBGHELP.DLL
0x00007ffe08ef0000 - 0x00007ffe0926c000 	C:\WINDOWS\System32\combase.dll
0x00007ffe092d0000 - 0x00007ffe093a7000 	C:\WINDOWS\System32\OLEAUT32.dll
0x00007ffdec990000 - 0x00007ffdec9c1000 	C:\WINDOWS\SYSTEM32\dbgcore.DLL
0x00007ffe07610000 - 0x00007ffe0768b000 	C:\WINDOWS\System32\bcryptPrimitives.dll
0x00007ffdeb3d0000 - 0x00007ffdeb3f9000 	C:\Program Files\Android\Android Studio\jre\bin\java.dll
0x00007ffe029d0000 - 0x00007ffe029db000 	C:\Program Files\Android\Android Studio\jre\bin\jimage.dll
0x00007ffdf40f0000 - 0x00007ffdf4108000 	C:\Program Files\Android\Android Studio\jre\bin\zip.dll
0x00007ffe07d00000 - 0x00007ffe084b8000 	C:\WINDOWS\System32\SHELL32.dll
0x00007ffe05410000 - 0x00007ffe05c66000 	C:\WINDOWS\SYSTEM32\windows.storage.dll
0x00007ffe052d0000 - 0x00007ffe0540c000 	C:\WINDOWS\SYSTEM32\wintypes.dll
0x00007ffe088b0000 - 0x00007ffe089a1000 	C:\WINDOWS\System32\SHCORE.dll
0x00007ffe09410000 - 0x00007ffe0946b000 	C:\WINDOWS\System32\shlwapi.dll
0x00007ffe07290000 - 0x00007ffe072b1000 	C:\WINDOWS\SYSTEM32\profapi.dll
0x00007ffdeb3b0000 - 0x00007ffdeb3ca000 	C:\Program Files\Android\Android Studio\jre\bin\net.dll
0x00007ffdff9e0000 - 0x00007ffdffaf2000 	C:\WINDOWS\SYSTEM32\WINHTTP.dll
0x00007ffe06860000 - 0x00007ffe068c9000 	C:\WINDOWS\system32\mswsock.dll
0x00007ffdeb390000 - 0x00007ffdeb3a4000 	C:\Program Files\Android\Android Studio\jre\bin\nio.dll
0x00007ffe02a50000 - 0x00007ffe02a77000 	C:\Users\TOGAN\.gradle\native\8bec1ad78214c89d9ad589b4d07fe93259594b29d510b10fafb7a158f7737e5d\windows-amd64\native-platform.dll
0x00007ffddd490000 - 0x00007ffddd5cd000 	C:\Users\TOGAN\.gradle\native\53dbd7edfb1c66fb8903c78663c9afc45aea4f116125fa6feffd364cf09443e8\windows-amd64\native-platform-file-events.dll
0x00007ffdfad80000 - 0x00007ffdfad8a000 	C:\Program Files\Android\Android Studio\jre\bin\management.dll
0x00007ffdf50c0000 - 0x00007ffdf50cc000 	C:\Program Files\Android\Android Studio\jre\bin\management_ext.dll
0x00007ffe06ac0000 - 0x00007ffe06ad8000 	C:\WINDOWS\SYSTEM32\CRYPTSP.dll
0x00007ffe06340000 - 0x00007ffe06375000 	C:\WINDOWS\system32\rsaenh.dll
0x00007ffe06960000 - 0x00007ffe06989000 	C:\WINDOWS\SYSTEM32\USERENV.dll
0x00007ffe06c40000 - 0x00007ffe06c68000 	C:\WINDOWS\SYSTEM32\bcrypt.dll
0x00007ffe06ab0000 - 0x00007ffe06abc000 	C:\WINDOWS\SYSTEM32\CRYPTBASE.dll
0x00007ffe05ec0000 - 0x00007ffe05eed000 	C:\WINDOWS\SYSTEM32\IPHLPAPI.DLL
0x00007ffe09520000 - 0x00007ffe09529000 	C:\WINDOWS\System32\NSI.dll
0x00007ffdffb30000 - 0x00007ffdffb49000 	C:\WINDOWS\SYSTEM32\dhcpcsvc6.DLL
0x00007ffdff960000 - 0x00007ffdff97e000 	C:\WINDOWS\SYSTEM32\dhcpcsvc.DLL
0x00007ffe05ef0000 - 0x00007ffe05fe8000 	C:\WINDOWS\SYSTEM32\DNSAPI.dll
0x00007ffdec170000 - 0x00007ffdec18e000 	C:\Users\TOGAN\AppData\Local\Temp\native-platform9837435608668258495dir\native-platform.dll
0x00007ffe02ad0000 - 0x00007ffe02ad8000 	C:\Program Files\Android\Android Studio\jre\bin\rmi.dll

dbghelp: loaded successfully - version: 4.0.5 - missing functions: none
symbol engine: initialized successfully - sym options: 0x614 - pdb path: .;C:\Program Files\Android\Android Studio\jre\bin;C:\WINDOWS\SYSTEM32;C:\WINDOWS\WinSxS\amd64_microsoft.windows.common-controls_6595b64144ccf1df_6.0.22523.1000_none_26388f37a89e74b7;C:\Program Files\Android\Android Studio\jre\bin\server;C:\Users\TOGAN\.gradle\native\8bec1ad78214c89d9ad589b4d07fe93259594b29d510b10fafb7a158f7737e5d\windows-amd64;C:\Users\TOGAN\.gradle\native\53dbd7edfb1c66fb8903c78663c9afc45aea4f116125fa6feffd364cf09443e8\windows-amd64;C:\Users\TOGAN\AppData\Local\Temp\native-platform9837435608668258495dir

VM Arguments:
jvm_args: --add-opens=java.base/java.util=ALL-UNNAMED --add-opens=java.base/java.lang=ALL-UNNAMED --add-opens=java.base/java.lang.invoke=ALL-UNNAMED --add-opens=java.base/java.util=ALL-UNNAMED --add-opens=java.prefs/java.util.prefs=ALL-UNNAMED --add-opens=java.prefs/java.util.prefs=ALL-UNNAMED --add-opens=java.base/java.nio.charset=ALL-UNNAMED --add-opens=java.base/java.net=ALL-UNNAMED --add-opens=java.base/java.util.concurrent.atomic=ALL-UNNAMED -Xmx2048m -Dfile.encoding=UTF-8 -Duser.country=US -Duser.language=en -Duser.variant 
java_command: org.gradle.launcher.daemon.bootstrap.GradleDaemon 7.0.2
java_class_path (initial): C:\Users\TOGAN\.gradle\wrapper\dists\gradle-7.0.2-bin\857tjihv64xamwrf0h14cai3r\gradle-7.0.2\lib\gradle-launcher-7.0.2.jar
Launcher Type: SUN_STANDARD

[Global flags]
     intx CICompilerCount                          = 4                                         {product} {ergonomic}
     uint ConcGCThreads                            = 2                                         {product} {ergonomic}
     uint G1ConcRefinementThreads                  = 8                                         {product} {ergonomic}
   size_t G1HeapRegionSize                         = 1048576                                   {product} {ergonomic}
    uintx GCDrainStackTargetSize                   = 64                                        {product} {ergonomic}
   size_t InitialHeapSize                          = 268435456                                 {product} {ergonomic}
   size_t MarkStackSize                            = 4194304                                   {product} {ergonomic}
   size_t MaxHeapSize                              = 2147483648                                {product} {command line}
   size_t MaxNewSize                               = 1287651328                                {product} {ergonomic}
   size_t MinHeapDeltaBytes                        = 1048576                                   {product} {ergonomic}
    uintx NonNMethodCodeHeapSize                   = 5836300                                {pd product} {ergonomic}
    uintx NonProfiledCodeHeapSize                  = 122910970                              {pd product} {ergonomic}
    uintx ProfiledCodeHeapSize                     = 122910970                              {pd product} {ergonomic}
    uintx ReservedCodeCacheSize                    = 251658240                              {pd product} {ergonomic}
     bool SegmentedCodeCache                       = true                                      {product} {ergonomic}
     bool UseCompressedClassPointers               = true                                 {lp64_product} {ergonomic}
     bool UseCompressedOops                        = true                                 {lp64_product} {ergonomic}
     bool UseG1GC                                  = true                                      {product} {ergonomic}
     bool UseLargePagesIndividualAllocation        = false                                  {pd product} {ergonomic}

Logging:
Log output configuration:
 #0: stdout all=warning uptime,level,tags
 #1: stderr all=off uptime,level,tags

Environment Variables:
JAVA_HOME=C:\Program Files\Java\jdk1.8.0_311
PATH=C:\apache-maven-3.8.4-bin\apache-maven-3.8.4\bin;C:\Python39\Scripts\;C:\Python39\;C:\Program Files (x86)\Common Files\Oracle\Java\javapath;C:\Program Files\Common Files\Oracle\Java\javapath;C:\Program Files (x86)\Intel\iCLS Client\;C:\Program Files\Intel\iCLS Client\;C:\Windows\system32;C:\Windows;C:\Windows\System32\Wbem;C:\Windows\System32\WindowsPowerShell\v1.0\;C:\Program Files (x86)\NVIDIA Corporation\PhysX\Common;C:\Program Files (x86)\Intel\Intel(R) Management Engine Components\DAL;C:\Program Files\Intel\Intel(R) Management Engine Components\DAL;C:\Program Files (x86)\Intel\Intel(R) Management Engine Components\IPT;C:\Program Files\Intel\Intel(R) Management Engine Components\IPT;C:\Program Files\Intel\WiFi\bin\;C:\Program Files\Common Files\Intel\WirelessCommon\;C:\WINDOWS\system32;C:\WINDOWS;C:\WINDOWS\System32\Wbem;C:\WINDOWS\System32\WindowsPowerShell\v1.0\;C:\WINDOWS\System32\OpenSSH\;C:\Program Files\NVIDIA Corporation\NVIDIA NvDLISR;C:\Program Files\dotnet\;C:\Program Files\Microsoft SQL Server\130\Tools\B;C:\Program Files\Java\jdk1.8.0_311\bin;C:\WINDOWS\system32;C:\WINDOWS;C:\WINDOWS\System32\Wbem;C:\WINDOWS\System32\WindowsPowerShell\v1.0\;C:\WINDOWS\System32\OpenSSH\;C:\Program Files\Git\cmd;C:\Python39\Scripts\;C:\Python39\;C:\Program Files (x86)\Common Files\Oracle\Java\javapath;C:\Program Files\Common Files\Oracle\Java\javapath;C:\Program Files (x86)\Intel\iCLS Client\;C:\Program Files\Intel\iCLS Client\;C:\Windows\system32;C:\Windows;C:\Windows\System32\Wbem;C:\Windows\System32\WindowsPowerShell\v1.0\;C:\Program Files (x86)\NVIDIA Corporation\PhysX\Common;C:\Program Files (x86)\Intel\Intel(R) Management Engine Components\DAL;C:\Program Files\Intel\Intel(R) Management Engine Components\DAL;C:\Program Files (x86)\Intel\Intel(R) Management Engine Components\IPT;C:\Program Files\Intel\Intel(R) Management Engine Components\IPT;C:\Program Files\Intel\WiFi\bin\;C:\Program Files\Common Files\Intel\WirelessCommon\;C:\WINDOWS\system32;C:\WINDOWS;C:\WIN
USERNAME=TOGAN
OS=Windows_NT
PROCESSOR_IDENTIFIER=Intel64 Family 6 Model 158 Stepping 9, GenuineIntel



---------------  S Y S T E M  ---------------

OS: Windows 10 , 64 bit Build 22523 (10.0.22523.1000)
OS uptime: 0 days 11:38 hours

CPU:total 8 (initial active 8) (4 cores per cpu, 2 threads per core) family 6 model 158 stepping 9 microcode 0xde, cmov, cx8, fxsr, mmx, sse, sse2, sse3, ssse3, sse4.1, sse4.2, popcnt, avx, avx2, aes, clmul, erms, 3dnowpref, lzcnt, ht, tsc, tscinvbit, bmi1, bmi2, adx, fma

Memory: 4k page, system-wide physical 16303M (1235M free)
TotalPageFile size 24303M (AvailPageFile size 6M)
current process WorkingSet (physical memory assigned to process): 694M, peak: 696M
current process commit charge ("private bytes"): 732M, peak: 734M

vm_info: OpenJDK 64-Bit Server VM (11.0.10+0-b96-7249189) for windows-amd64 JRE (11.0.10+0-b96-7249189), built on Mar 31 2021 21:44:00 by "builder" with MS VC++ 14.0 (VS2015)

END.
